[INFO] Scanning for projects...
[INFO] 
[INFO] -----------------------< com.pos:store-manager >------------------------
[INFO] Building store-manager 1.0-SNAPSHOT
[INFO]   from pom.xml
[INFO] --------------------------------[ jar ]---------------------------------
[WARNING] 6 problems were encountered while building the effective model for org.openjfx:javafx-controls:jar:21 during dependency collection step for project (use -X to see details)
[WARNING] 6 problems were encountered while building the effective model for org.openjfx:javafx-controls:jar:20 during dependency collection step for project (use -X to see details)
[INFO] 
[INFO] --- resources:3.3.1:resources (default-resources) @ store-manager ---
[INFO] Copying 22 resources from src\main\resources to target\classes
[INFO] 
[INFO] --- compiler:3.11.0:compile (default-compile) @ store-manager ---
[INFO] Nothing to compile - all classes are up to date
[INFO] 
[INFO] --- resources:3.3.1:testResources (default-testResources) @ store-manager ---
[INFO] skip non existing resourceDirectory C:\POS\src\test\resources
[INFO] 
[INFO] --- compiler:3.11.0:testCompile (default-testCompile) @ store-manager ---
[INFO] Nothing to compile - all classes are up to date
[INFO] 
[INFO] --- surefire:3.1.2:test (default-test) @ store-manager ---
[INFO] Using auto detected provider org.apache.maven.surefire.junitplatform.JUnitPlatformProvider
[INFO] 
[INFO] -------------------------------------------------------
[INFO]  T E S T S
[INFO] -------------------------------------------------------
WARNING: Unknown module: javafx.graphics specified to --add-exports
[INFO] Running com.pos.system.controllers.AddCategoryControllerTest
Feb 22, 2026 9:41:26 AM com.sun.javafx.application.PlatformImpl startup
WARNING: Unsupported JavaFX configuration: classes were loaded from 'unnamed module @60285225'
WARNING: A restricted method in java.lang.System has been called
WARNING: java.lang.System::load has been called by com.sun.glass.utils.NativeLibLoader in an unnamed module (file:/C:/Users/User/.m2/repository/org/openjfx/javafx-graphics/21/javafx-graphics-21-win.jar)
WARNING: Use --enable-native-access=ALL-UNNAMED to avoid a warning for callers in this module
WARNING: Restricted methods will be blocked in a future release unless native access is enabled

OpenJDK 64-Bit Server VM warning: Sharing is only supported for boot loader classes because bootstrap classpath has been appended
WARNING: A terminally deprecated method in sun.misc.Unsafe has been called
WARNING: sun.misc.Unsafe::objectFieldOffset has been called by net.bytebuddy.dynamic.loading.ClassInjector$UsingUnsafe$Dispatcher$CreationAction (file:/C:/Users/User/.m2/repository/net/bytebuddy/byte-buddy/1.14.12/byte-buddy-1.14.12.jar)
WARNING: Please consider reporting this to the maintainers of class net.bytebuddy.dynamic.loading.ClassInjector$UsingUnsafe$Dispatcher$CreationAction
WARNING: sun.misc.Unsafe::objectFieldOffset will be removed in a future release
[INFO] Tests run: 1, Failures: 0, Errors: 0, Skipped: 0, Time elapsed: 8.439 s -- in com.pos.system.controllers.AddCategoryControllerTest
[INFO] Running com.pos.system.controllers.AddProductControllerTest
[INFO] Tests run: 1, Failures: 0, Errors: 0, Skipped: 0, Time elapsed: 6.436 s -- in com.pos.system.controllers.AddProductControllerTest
[INFO] Running com.pos.system.controllers.AdjustStockControllerTest
[INFO] Tests run: 2, Failures: 0, Errors: 0, Skipped: 0, Time elapsed: 5.473 s -- in com.pos.system.controllers.AdjustStockControllerTest
[INFO] Running com.pos.system.controllers.AuditLogControllerTest
[INFO] Tests run: 1, Failures: 0, Errors: 0, Skipped: 0, Time elapsed: 0.759 s -- in com.pos.system.controllers.AuditLogControllerTest
[INFO] Running com.pos.system.controllers.CashDrawerControllerTest
--- Exception in Async Thread ---
java.lang.reflect.InvocationTargetException: null
	java.base/jdk.internal.reflect.DirectMethodHandleAccessor.invoke(DirectMethodHandleAccessor.java:119)
	java.base/java.lang.reflect.Method.invoke(Method.java:565)
	org.testfx.framework.junit5.ApplicationExtension$AnnotationBasedApplicationFixture.start(ApplicationExtension.java:151)
	org.testfx.framework.junit5.ApplicationAdapter.start(ApplicationAdapter.java:37)
	org.testfx.toolkit.impl.ApplicationServiceImpl.lambda$start$0(ApplicationServiceImpl.java:49)
	java.base/java.util.concurrent.FutureTask.run(FutureTask.java:328)
	com.sun.javafx.application.PlatformImpl.lambda$runLater$10(PlatformImpl.java:456)
	java.base/java.security.AccessController.doPrivileged(AccessController.java:138)
	com.sun.javafx.application.PlatformImpl.lambda$runLater$11(PlatformImpl.java:455)
	com.sun.glass.ui.InvokeLaterDispatcher$Future.run(InvokeLaterDispatcher.java:95)
	com.sun.glass.ui.win.WinApplication._runLoop(Native Method)
	com.sun.glass.ui.win.WinApplication.lambda$runLoop$3(WinApplication.java:185)
	java.base/java.lang.Thread.run(Thread.java:1447)
javafx.fxml.LoadException: HBox.hgrow is not a valid attribute.
/C:/POS/target/classes/fxml/cash_drawer.fxml:14

	javafx.fxml.FXMLLoader.constructLoadException(FXMLLoader.java:2718)
	javafx.fxml.FXMLLoader$Element.processAttribute(FXMLLoader.java:289)
	javafx.fxml.FXMLLoader$ValueElement.processAttribute(FXMLLoader.java:953)
	javafx.fxml.FXMLLoader$InstanceDeclarationElement.processAttribute(FXMLLoader.java:986)
	javafx.fxml.FXMLLoader$Element.processStartElement(FXMLLoader.java:230)
	javafx.fxml.FXMLLoader$ValueElement.processStartElement(FXMLLoader.java:757)
	javafx.fxml.FXMLLoader.processStartElement(FXMLLoader.java:2853)
	javafx.fxml.FXMLLoader.loadImpl(FXMLLoader.java:2649)
	javafx.fxml.FXMLLoader.loadImpl(FXMLLoader.java:2563)
	javafx.fxml.FXMLLoader.load(FXMLLoader.java:2531)
	com.pos.system.controllers.CashDrawerControllerTest.start(CashDrawerControllerTest.java:61)
	java.base/jdk.internal.reflect.DirectMethodHandleAccessor.invoke(DirectMethodHandleAccessor.java:104)
	java.base/java.lang.reflect.Method.invoke(Method.java:565)
	org.testfx.framework.junit5.ApplicationExtension$AnnotationBasedApplicationFixture.start(ApplicationExtension.java:151)
	org.testfx.framework.junit5.ApplicationAdapter.start(ApplicationAdapter.java:37)
	org.testfx.toolkit.impl.ApplicationServiceImpl.lambda$start$0(ApplicationServiceImpl.java:49)
	java.base/java.util.concurrent.FutureTask.run(FutureTask.java:328)
	com.sun.javafx.application.PlatformImpl.lambda$runLater$10(PlatformImpl.java:456)
	java.base/java.security.AccessController.doPrivileged(AccessController.java:138)
	com.sun.javafx.application.PlatformImpl.lambda$runLater$11(PlatformImpl.java:455)
	com.sun.glass.ui.InvokeLaterDispatcher$Future.run(InvokeLaterDispatcher.java:95)
	com.sun.glass.ui.win.WinApplication._runLoop(Native Method)
	com.sun.glass.ui.win.WinApplication.lambda$runLoop$3(WinApplication.java:185)
	java.base/java.lang.Thread.run(Thread.java:1447)
--- Trace of caller of unhandled exception in Async Thread ---
	java.base/java.lang.Thread.getStackTrace(Thread.java:2166)
	org.testfx.util.WaitForAsyncUtils$ASyncFXCallable.<init>(WaitForAsyncUtils.java:651)
	org.testfx.util.WaitForAsyncUtils.asyncFx(WaitForAsyncUtils.java:257)
	org.testfx.toolkit.impl.ApplicationServiceImpl.start(ApplicationServiceImpl.java:48)
	org.testfx.toolkit.impl.ToolkitServiceImpl.lambda$setupApplication$6(ToolkitServiceImpl.java:131)
	java.base/java.util.concurrent.FutureTask.run(FutureTask.java:328)
	java.base/java.util.concurrent.Executors$RunnableAdapter.call(Executors.java:545)
	java.base/java.util.concurrent.FutureTask.run(FutureTask.java:328)
	java.base/java.util.concurrent.ThreadPoolExecutor.runWorker(ThreadPoolExecutor.java:1095)
	java.base/java.util.concurrent.ThreadPoolExecutor$Worker.run(ThreadPoolExecutor.java:619)
	java.base/java.lang.Thread.run(Thread.java:1447)

--- Exception in Async Thread ---
java.util.concurrent.ExecutionException: java.lang.reflect.InvocationTargetException
	java.base/java.util.concurrent.FutureTask.report(FutureTask.java:124)
	java.base/java.util.concurrent.FutureTask.get(FutureTask.java:193)
	org.testfx.util.WaitForAsyncUtils$ASyncFXCallable.get(WaitForAsyncUtils.java:698)
	org.testfx.toolkit.impl.ToolkitServiceImpl.lambda$setupApplication$6(ToolkitServiceImpl.java:131)
	java.base/java.util.concurrent.FutureTask.run(FutureTask.java:328)
	java.base/java.util.concurrent.Executors$RunnableAdapter.call(Executors.java:545)
	java.base/java.util.concurrent.FutureTask.run(FutureTask.java:328)
	java.base/java.util.concurrent.ThreadPoolExecutor.runWorker(ThreadPoolExecutor.java:1095)
	java.base/java.util.concurrent.ThreadPoolExecutor$Worker.run(ThreadPoolExecutor.java:619)
	java.base/java.lang.Thread.run(Thread.java:1447)
java.lang.reflect.InvocationTargetException: null
	java.base/jdk.internal.reflect.DirectMethodHandleAccessor.invoke(DirectMethodHandleAccessor.java:119)
	java.base/java.lang.reflect.Method.invoke(Method.java:565)
	org.testfx.framework.junit5.ApplicationExtension$AnnotationBasedApplicationFixture.start(ApplicationExtension.java:151)
	org.testfx.framework.junit5.ApplicationAdapter.start(ApplicationAdapter.java:37)
	org.testfx.toolkit.impl.ApplicationServiceImpl.lambda$start$0(ApplicationServiceImpl.java:49)
	java.base/java.util.concurrent.FutureTask.run(FutureTask.java:328)
	com.sun.javafx.application.PlatformImpl.lambda$runLater$10(PlatformImpl.java:456)
	java.base/java.security.AccessController.doPrivileged(AccessController.java:138)
	com.sun.javafx.application.PlatformImpl.lambda$runLater$11(PlatformImpl.java:455)
	com.sun.glass.ui.InvokeLaterDispatcher$Future.run(InvokeLaterDispatcher.java:95)
	com.sun.glass.ui.win.WinApplication._runLoop(Native Method)
	com.sun.glass.ui.win.WinApplication.lambda$runLoop$3(WinApplication.java:185)
	java.base/java.lang.Thread.run(Thread.java:1447)
javafx.fxml.LoadException: HBox.hgrow is not a valid attribute.
/C:/POS/target/classes/fxml/cash_drawer.fxml:14

	javafx.fxml.FXMLLoader.constructLoadException(FXMLLoader.java:2718)
	javafx.fxml.FXMLLoader$Element.processAttribute(FXMLLoader.java:289)
	javafx.fxml.FXMLLoader$ValueElement.processAttribute(FXMLLoader.java:953)
	javafx.fxml.FXMLLoader$InstanceDeclarationElement.processAttribute(FXMLLoader.java:986)
	javafx.fxml.FXMLLoader$Element.processStartElement(FXMLLoader.java:230)
	javafx.fxml.FXMLLoader$ValueElement.processStartElement(FXMLLoader.java:757)
	javafx.fxml.FXMLLoader.processStartElement(FXMLLoader.java:2853)
	javafx.fxml.FXMLLoader.loadImpl(FXMLLoader.java:2649)
	javafx.fxml.FXMLLoader.loadImpl(FXMLLoader.java:2563)
	javafx.fxml.FXMLLoader.load(FXMLLoader.java:2531)
	com.pos.system.controllers.CashDrawerControllerTest.start(CashDrawerControllerTest.java:61)
	java.base/jdk.internal.reflect.DirectMethodHandleAccessor.invoke(DirectMethodHandleAccessor.java:104)
	java.base/java.lang.reflect.Method.invoke(Method.java:565)
	org.testfx.framework.junit5.ApplicationExtension$AnnotationBasedApplicationFixture.start(ApplicationExtension.java:151)
	org.testfx.framework.junit5.ApplicationAdapter.start(ApplicationAdapter.java:37)
	org.testfx.toolkit.impl.ApplicationServiceImpl.lambda$start$0(ApplicationServiceImpl.java:49)
	java.base/java.util.concurrent.FutureTask.run(FutureTask.java:328)
	com.sun.javafx.application.PlatformImpl.lambda$runLater$10(PlatformImpl.java:456)
	java.base/java.security.AccessController.doPrivileged(AccessController.java:138)
	com.sun.javafx.application.PlatformImpl.lambda$runLater$11(PlatformImpl.java:455)
	com.sun.glass.ui.InvokeLaterDispatcher$Future.run(InvokeLaterDispatcher.java:95)
	com.sun.glass.ui.win.WinApplication._runLoop(Native Method)
	com.sun.glass.ui.win.WinApplication.lambda$runLoop$3(WinApplication.java:185)
	java.base/java.lang.Thread.run(Thread.java:1447)
--- Trace of caller of unhandled exception in Async Thread ---
	java.base/java.lang.Thread.getStackTrace(Thread.java:2166)
	org.testfx.util.WaitForAsyncUtils$ASyncFXCallable.<init>(WaitForAsyncUtils.java:651)
	org.testfx.util.WaitForAsyncUtils.async(WaitForAsyncUtils.java:192)
	org.testfx.toolkit.impl.ToolkitServiceImpl.setupApplication(ToolkitServiceImpl.java:127)
	org.testfx.api.FxToolkit.setupApplication(FxToolkit.java:164)
	org.testfx.framework.junit5.ApplicationExtension.beforeEach(ApplicationExtension.java:82)
	org.junit.jupiter.engine.descriptor.TestMethodTestDescriptor.lambda$invokeBeforeEachCallbacks$2(TestMethodTestDescriptor.java:167)
	org.junit.jupiter.engine.descriptor.TestMethodTestDescriptor.lambda$invokeBeforeMethodsOrCallbacksUntilExceptionOccurs$6(TestMethodTestDescriptor.java:203)
	org.junit.platform.engine.support.hierarchical.ThrowableCollector.execute(ThrowableCollector.java:73)
	org.junit.jupiter.engine.descriptor.TestMethodTestDescriptor.invokeBeforeMethodsOrCallbacksUntilExceptionOccurs(TestMethodTestDescriptor.java:203)
	org.junit.jupiter.engine.descriptor.TestMethodTestDescriptor.invokeBeforeEachCallbacks(TestMethodTestDescriptor.java:166)
	org.junit.jupiter.engine.descriptor.TestMethodTestDescriptor.execute(TestMethodTestDescriptor.java:133)
	org.junit.jupiter.engine.descriptor.TestMethodTestDescriptor.execute(TestMethodTestDescriptor.java:69)
	org.junit.platform.engine.support.hierarchical.NodeTestTask.lambda$executeRecursively$6(NodeTestTask.java:151)
	org.junit.platform.engine.support.hierarchical.ThrowableCollector.execute(ThrowableCollector.java:73)
	org.junit.platform.engine.support.hierarchical.NodeTestTask.lambda$executeRecursively$8(NodeTestTask.java:141)
	org.junit.platform.engine.support.hierarchical.Node.around(Node.java:137)
	org.junit.platform.engine.support.hierarchical.NodeTestTask.lambda$executeRecursively$9(NodeTestTask.java:139)
	org.junit.platform.engine.support.hierarchical.ThrowableCollector.execute(ThrowableCollector.java:73)
	org.junit.platform.engine.support.hierarchical.NodeTestTask.executeRecursively(NodeTestTask.java:138)
	org.junit.platform.engine.support.hierarchical.NodeTestTask.execute(NodeTestTask.java:95)
	java.base/java.util.ArrayList.forEach(ArrayList.java:1604)
	org.junit.platform.engine.support.hierarchical.SameThreadHierarchicalTestExecutorService.invokeAll(SameThreadHierarchicalTestExecutorService.java:41)
	org.junit.platform.engine.support.hierarchical.NodeTestTask.lambda$executeRecursively$6(NodeTestTask.java:155)
	org.junit.platform.engine.support.hierarchical.ThrowableCollector.execute(ThrowableCollector.java:73)
	org.junit.platform.engine.support.hierarchical.NodeTestTask.lambda$executeRecursively$8(NodeTestTask.java:141)
	org.junit.platform.engine.support.hierarchical.Node.around(Node.java:137)
	org.junit.platform.engine.support.hierarchical.NodeTestTask.lambda$executeRecursively$9(NodeTestTask.java:139)
	org.junit.platform.engine.support.hierarchical.ThrowableCollector.execute(ThrowableCollector.java:73)
	org.junit.platform.engine.support.hierarchical.NodeTestTask.executeRecursively(NodeTestTask.java:138)
	org.junit.platform.engine.support.hierarchical.NodeTestTask.execute(NodeTestTask.java:95)
	java.base/java.util.ArrayList.forEach(ArrayList.java:1604)
	org.junit.platform.engine.support.hierarchical.SameThreadHierarchicalTestExecutorService.invokeAll(SameThreadHierarchicalTestExecutorService.java:41)
	org.junit.platform.engine.support.hierarchical.NodeTestTask.lambda$executeRecursively$6(NodeTestTask.java:155)
	org.junit.platform.engine.support.hierarchical.ThrowableCollector.execute(ThrowableCollector.java:73)
	org.junit.platform.engine.support.hierarchical.NodeTestTask.lambda$executeRecursively$8(NodeTestTask.java:141)
	org.junit.platform.engine.support.hierarchical.Node.around(Node.java:137)
	org.junit.platform.engine.support.hierarchical.NodeTestTask.lambda$executeRecursively$9(NodeTestTask.java:139)
	org.junit.platform.engine.support.hierarchical.ThrowableCollector.execute(ThrowableCollector.java:73)
	org.junit.platform.engine.support.hierarchical.NodeTestTask.executeRecursively(NodeTestTask.java:138)
	org.junit.platform.engine.support.hierarchical.NodeTestTask.execute(NodeTestTask.java:95)
	org.junit.platform.engine.support.hierarchical.SameThreadHierarchicalTestExecutorService.submit(SameThreadHierarchicalTestExecutorService.java:35)
	org.junit.platform.engine.support.hierarchical.HierarchicalTestExecutor.execute(HierarchicalTestExecutor.java:57)
	org.junit.platform.engine.support.hierarchical.HierarchicalTestEngine.execute(HierarchicalTestEngine.java:54)
	org.junit.platform.launcher.core.EngineExecutionOrchestrator.execute(EngineExecutionOrchestrator.java:198)
	org.junit.platform.launcher.core.EngineExecutionOrchestrator.execute(EngineExecutionOrchestrator.java:169)
	org.junit.platform.launcher.core.EngineExecutionOrchestrator.execute(EngineExecutionOrchestrator.java:93)
	org.junit.platform.launcher.core.EngineExecutionOrchestrator.lambda$execute$0(EngineExecutionOrchestrator.java:58)
	org.junit.platform.launcher.core.EngineExecutionOrchestrator.withInterceptedStreams(EngineExecutionOrchestrator.java:141)
	org.junit.platform.launcher.core.EngineExecutionOrchestrator.execute(EngineExecutionOrchestrator.java:57)
	org.junit.platform.launcher.core.DefaultLauncher.execute(DefaultLauncher.java:103)
	org.junit.platform.launcher.core.DefaultLauncher.execute(DefaultLauncher.java:85)
	org.junit.platform.launcher.core.DelegatingLauncher.execute(DelegatingLauncher.java:47)
	org.apache.maven.surefire.junitplatform.LazyLauncher.execute(LazyLauncher.java:56)
	org.apache.maven.surefire.junitplatform.JUnitPlatformProvider.execute(JUnitPlatformProvider.java:184)
	org.apache.maven.surefire.junitplatform.JUnitPlatformProvider.invokeAllTests(JUnitPlatformProvider.java:148)
	org.apache.maven.surefire.junitplatform.JUnitPlatformProvider.invoke(JUnitPlatformProvider.java:122)
	org.apache.maven.surefire.booter.ForkedBooter.runSuitesInProcess(ForkedBooter.java:385)
	org.apache.maven.surefire.booter.ForkedBooter.execute(ForkedBooter.java:162)
	org.apache.maven.surefire.booter.ForkedBooter.run(ForkedBooter.java:507)
	org.apache.maven.surefire.booter.ForkedBooter.main(ForkedBooter.java:495)

[ERROR] Tests run: 1, Failures: 0, Errors: 1, Skipped: 0, Time elapsed: 0.408 s <<< FAILURE! -- in com.pos.system.controllers.CashDrawerControllerTest
[ERROR] com.pos.system.controllers.CashDrawerControllerTest.testTransactionsLoaded(FxRobot) -- Time elapsed: 0.399 s <<< ERROR!
java.lang.RuntimeException: java.util.concurrent.ExecutionException: java.lang.reflect.InvocationTargetException
	at org.testfx.util.WaitForAsyncUtils.waitFor(WaitForAsyncUtils.java:301)
	at org.testfx.api.FxToolkit.waitForSetup(FxToolkit.java:277)
	at org.testfx.api.FxToolkit.setupApplication(FxToolkit.java:164)
	at org.testfx.framework.junit5.ApplicationExtension.beforeEach(ApplicationExtension.java:82)
	at java.base/java.util.ArrayList.forEach(ArrayList.java:1604)
	at java.base/java.util.ArrayList.forEach(ArrayList.java:1604)
Caused by: java.util.concurrent.ExecutionException: java.lang.reflect.InvocationTargetException
	at java.base/java.util.concurrent.FutureTask.report(FutureTask.java:124)
	at java.base/java.util.concurrent.FutureTask.get(FutureTask.java:193)
	at org.testfx.util.WaitForAsyncUtils$ASyncFXCallable.get(WaitForAsyncUtils.java:698)
	at org.testfx.toolkit.impl.ToolkitServiceImpl.lambda$setupApplication$6(ToolkitServiceImpl.java:131)
	at java.base/java.util.concurrent.FutureTask.run(FutureTask.java:328)
	at java.base/java.util.concurrent.Executors$RunnableAdapter.call(Executors.java:545)
	at java.base/java.util.concurrent.FutureTask.run(FutureTask.java:328)
	at java.base/java.util.concurrent.ThreadPoolExecutor.runWorker(ThreadPoolExecutor.java:1095)
	at java.base/java.util.concurrent.ThreadPoolExecutor$Worker.run(ThreadPoolExecutor.java:619)
	at java.base/java.lang.Thread.run(Thread.java:1447)
Caused by: java.lang.reflect.InvocationTargetException
	at java.base/java.lang.reflect.Method.invoke(Method.java:565)
	at org.testfx.framework.junit5.ApplicationExtension$AnnotationBasedApplicationFixture.start(ApplicationExtension.java:151)
	at org.testfx.framework.junit5.ApplicationAdapter.start(ApplicationAdapter.java:37)
	at org.testfx.toolkit.impl.ApplicationServiceImpl.lambda$start$0(ApplicationServiceImpl.java:49)
	at java.base/java.util.concurrent.FutureTask.run(FutureTask.java:328)
	at com.sun.javafx.application.PlatformImpl.lambda$runLater$10(PlatformImpl.java:456)
	at java.base/java.security.AccessController.doPrivileged(AccessController.java:138)
	at com.sun.javafx.application.PlatformImpl.lambda$runLater$11(PlatformImpl.java:455)
	at com.sun.glass.ui.InvokeLaterDispatcher$Future.run(InvokeLaterDispatcher.java:95)
	at com.sun.glass.ui.win.WinApplication._runLoop(Native Method)
	at com.sun.glass.ui.win.WinApplication.lambda$runLoop$3(WinApplication.java:185)
	... 1 more
Caused by: javafx.fxml.LoadException: HBox.hgrow is not a valid attribute.
/C:/POS/target/classes/fxml/cash_drawer.fxml:14

	at javafx.fxml.FXMLLoader.constructLoadException(FXMLLoader.java:2718)
	at javafx.fxml.FXMLLoader$Element.processAttribute(FXMLLoader.java:289)
	at javafx.fxml.FXMLLoader$ValueElement.processAttribute(FXMLLoader.java:953)
	at javafx.fxml.FXMLLoader$InstanceDeclarationElement.processAttribute(FXMLLoader.java:986)
	at javafx.fxml.FXMLLoader$Element.processStartElement(FXMLLoader.java:230)
	at javafx.fxml.FXMLLoader$ValueElement.processStartElement(FXMLLoader.java:757)
	at javafx.fxml.FXMLLoader.processStartElement(FXMLLoader.java:2853)
	at javafx.fxml.FXMLLoader.loadImpl(FXMLLoader.java:2649)
	at javafx.fxml.FXMLLoader.loadImpl(FXMLLoader.java:2563)
	at javafx.fxml.FXMLLoader.load(FXMLLoader.java:2531)
	at com.pos.system.controllers.CashDrawerControllerTest.start(CashDrawerControllerTest.java:61)
	... 12 more

[INFO] Running com.pos.system.controllers.CategoryControllerTest
[INFO] Tests run: 2, Failures: 0, Errors: 0, Skipped: 0, Time elapsed: 1.937 s -- in com.pos.system.controllers.CategoryControllerTest
[INFO] Running com.pos.system.controllers.CheckoutControllerTest
--- Exception in Async Thread ---
java.lang.reflect.InvocationTargetException: null
	java.base/jdk.internal.reflect.DirectMethodHandleAccessor.invoke(DirectMethodHandleAccessor.java:119)
	java.base/java.lang.reflect.Method.invoke(Method.java:565)
	org.testfx.framework.junit5.ApplicationExtension$AnnotationBasedApplicationFixture.start(ApplicationExtension.java:151)
	org.testfx.framework.junit5.ApplicationAdapter.start(ApplicationAdapter.java:37)
	org.testfx.toolkit.impl.ApplicationServiceImpl.lambda$start$0(ApplicationServiceImpl.java:49)
	java.base/java.util.concurrent.FutureTask.run(FutureTask.java:328)
	com.sun.javafx.application.PlatformImpl.lambda$runLater$10(PlatformImpl.java:456)
	java.base/java.security.AccessController.doPrivileged(AccessController.java:138)
	com.sun.javafx.application.PlatformImpl.lambda$runLater$11(PlatformImpl.java:455)
	com.sun.glass.ui.InvokeLaterDispatcher$Future.run(InvokeLaterDispatcher.java:95)
	com.sun.glass.ui.win.WinApplication._runLoop(Native Method)
	com.sun.glass.ui.win.WinApplication.lambda$runLoop$3(WinApplication.java:185)
	java.base/java.lang.Thread.run(Thread.java:1447)
org.mockito.exceptions.base.MockitoException: 
For com.pos.system.utils.SessionManager, static mocking is already registered in the current thread

To create a new mock, the existing static mock registration must be deregistered
	com.pos.system.controllers.CheckoutControllerTest.start(CheckoutControllerTest.java:58)
	java.base/jdk.internal.reflect.DirectMethodHandleAccessor.invoke(DirectMethodHandleAccessor.java:104)
	java.base/java.lang.reflect.Method.invoke(Method.java:565)
	org.testfx.framework.junit5.ApplicationExtension$AnnotationBasedApplicationFixture.start(ApplicationExtension.java:151)
	org.testfx.framework.junit5.ApplicationAdapter.start(ApplicationAdapter.java:37)
	org.testfx.toolkit.impl.ApplicationServiceImpl.lambda$start$0(ApplicationServiceImpl.java:49)
	java.base/java.util.concurrent.FutureTask.run(FutureTask.java:328)
	com.sun.javafx.application.PlatformImpl.lambda$runLater$10(PlatformImpl.java:456)
	java.base/java.security.AccessController.doPrivileged(AccessController.java:138)
	com.sun.javafx.application.PlatformImpl.lambda$runLater$11(PlatformImpl.java:455)
	com.sun.glass.ui.InvokeLaterDispatcher$Future.run(InvokeLaterDispatcher.java:95)
	com.sun.glass.ui.win.WinApplication._runLoop(Native Method)
	com.sun.glass.ui.win.WinApplication.lambda$runLoop$3(WinApplication.java:185)
	java.base/java.lang.Thread.run(Thread.java:1447)
--- Trace of caller of unhandled exception in Async Thread ---
	java.base/java.lang.Thread.getStackTrace(Thread.java:2166)
	org.testfx.util.WaitForAsyncUtils$ASyncFXCallable.<init>(WaitForAsyncUtils.java:651)
	org.testfx.util.WaitForAsyncUtils.asyncFx(WaitForAsyncUtils.java:257)
	org.testfx.toolkit.impl.ApplicationServiceImpl.start(ApplicationServiceImpl.java:48)
	org.testfx.toolkit.impl.ToolkitServiceImpl.lambda$setupApplication$6(ToolkitServiceImpl.java:131)
	java.base/java.util.concurrent.FutureTask.run(FutureTask.java:328)
	java.base/java.util.concurrent.Executors$RunnableAdapter.call(Executors.java:545)
	java.base/java.util.concurrent.FutureTask.run(FutureTask.java:328)
	java.base/java.util.concurrent.ThreadPoolExecutor.runWorker(ThreadPoolExecutor.java:1095)
	java.base/java.util.concurrent.ThreadPoolExecutor$Worker.run(ThreadPoolExecutor.java:619)
	java.base/java.lang.Thread.run(Thread.java:1447)

--- Exception in Async Thread ---
java.util.concurrent.ExecutionException: java.lang.reflect.InvocationTargetException
	java.base/java.util.concurrent.FutureTask.report(FutureTask.java:124)
	java.base/java.util.concurrent.FutureTask.get(FutureTask.java:193)
	org.testfx.util.WaitForAsyncUtils$ASyncFXCallable.get(WaitForAsyncUtils.java:698)
	org.testfx.toolkit.impl.ToolkitServiceImpl.lambda$setupApplication$6(ToolkitServiceImpl.java:131)
	java.base/java.util.concurrent.FutureTask.run(FutureTask.java:328)
	java.base/java.util.concurrent.Executors$RunnableAdapter.call(Executors.java:545)
	java.base/java.util.concurrent.FutureTask.run(FutureTask.java:328)
	java.base/java.util.concurrent.ThreadPoolExecutor.runWorker(ThreadPoolExecutor.java:1095)
	java.base/java.util.concurrent.ThreadPoolExecutor$Worker.run(ThreadPoolExecutor.java:619)
	java.base/java.lang.Thread.run(Thread.java:1447)
java.lang.reflect.InvocationTargetException: null
	java.base/jdk.internal.reflect.DirectMethodHandleAccessor.invoke(DirectMethodHandleAccessor.java:119)
	java.base/java.lang.reflect.Method.invoke(Method.java:565)
	org.testfx.framework.junit5.ApplicationExtension$AnnotationBasedApplicationFixture.start(ApplicationExtension.java:151)
	org.testfx.framework.junit5.ApplicationAdapter.start(ApplicationAdapter.java:37)
	org.testfx.toolkit.impl.ApplicationServiceImpl.lambda$start$0(ApplicationServiceImpl.java:49)
	java.base/java.util.concurrent.FutureTask.run(FutureTask.java:328)
	com.sun.javafx.application.PlatformImpl.lambda$runLater$10(PlatformImpl.java:456)
	java.base/java.security.AccessController.doPrivileged(AccessController.java:138)
	com.sun.javafx.application.PlatformImpl.lambda$runLater$11(PlatformImpl.java:455)
	com.sun.glass.ui.InvokeLaterDispatcher$Future.run(InvokeLaterDispatcher.java:95)
	com.sun.glass.ui.win.WinApplication._runLoop(Native Method)
	com.sun.glass.ui.win.WinApplication.lambda$runLoop$3(WinApplication.java:185)
	java.base/java.lang.Thread.run(Thread.java:1447)
org.mockito.exceptions.base.MockitoException: 
For com.pos.system.utils.SessionManager, static mocking is already registered in the current thread

To create a new mock, the existing static mock registration must be deregistered
	com.pos.system.controllers.CheckoutControllerTest.start(CheckoutControllerTest.java:58)
	java.base/jdk.internal.reflect.DirectMethodHandleAccessor.invoke(DirectMethodHandleAccessor.java:104)
	java.base/java.lang.reflect.Method.invoke(Method.java:565)
	org.testfx.framework.junit5.ApplicationExtension$AnnotationBasedApplicationFixture.start(ApplicationExtension.java:151)
	org.testfx.framework.junit5.ApplicationAdapter.start(ApplicationAdapter.java:37)
	org.testfx.toolkit.impl.ApplicationServiceImpl.lambda$start$0(ApplicationServiceImpl.java:49)
	java.base/java.util.concurrent.FutureTask.run(FutureTask.java:328)
	com.sun.javafx.application.PlatformImpl.lambda$runLater$10(PlatformImpl.java:456)
	java.base/java.security.AccessController.doPrivileged(AccessController.java:138)
	com.sun.javafx.application.PlatformImpl.lambda$runLater$11(PlatformImpl.java:455)
	com.sun.glass.ui.InvokeLaterDispatcher$Future.run(InvokeLaterDispatcher.java:95)
	com.sun.glass.ui.win.WinApplication._runLoop(Native Method)
	com.sun.glass.ui.win.WinApplication.lambda$runLoop$3(WinApplication.java:185)
	java.base/java.lang.Thread.run(Thread.java:1447)
--- Trace of caller of unhandled exception in Async Thread ---
	java.base/java.lang.Thread.getStackTrace(Thread.java:2166)
	org.testfx.util.WaitForAsyncUtils$ASyncFXCallable.<init>(WaitForAsyncUtils.java:651)
	org.testfx.util.WaitForAsyncUtils.async(WaitForAsyncUtils.java:192)
	org.testfx.toolkit.impl.ToolkitServiceImpl.setupApplication(ToolkitServiceImpl.java:127)
	org.testfx.api.FxToolkit.setupApplication(FxToolkit.java:164)
	org.testfx.framework.junit5.ApplicationExtension.beforeEach(ApplicationExtension.java:82)
	org.junit.jupiter.engine.descriptor.TestMethodTestDescriptor.lambda$invokeBeforeEachCallbacks$2(TestMethodTestDescriptor.java:167)
	org.junit.jupiter.engine.descriptor.TestMethodTestDescriptor.lambda$invokeBeforeMethodsOrCallbacksUntilExceptionOccurs$6(TestMethodTestDescriptor.java:203)
	org.junit.platform.engine.support.hierarchical.ThrowableCollector.execute(ThrowableCollector.java:73)
	org.junit.jupiter.engine.descriptor.TestMethodTestDescriptor.invokeBeforeMethodsOrCallbacksUntilExceptionOccurs(TestMethodTestDescriptor.java:203)
	org.junit.jupiter.engine.descriptor.TestMethodTestDescriptor.invokeBeforeEachCallbacks(TestMethodTestDescriptor.java:166)
	org.junit.jupiter.engine.descriptor.TestMethodTestDescriptor.execute(TestMethodTestDescriptor.java:133)
	org.junit.jupiter.engine.descriptor.TestMethodTestDescriptor.execute(TestMethodTestDescriptor.java:69)
	org.junit.platform.engine.support.hierarchical.NodeTestTask.lambda$executeRecursively$6(NodeTestTask.java:151)
	org.junit.platform.engine.support.hierarchical.ThrowableCollector.execute(ThrowableCollector.java:73)
	org.junit.platform.engine.support.hierarchical.NodeTestTask.lambda$executeRecursively$8(NodeTestTask.java:141)
	org.junit.platform.engine.support.hierarchical.Node.around(Node.java:137)
	org.junit.platform.engine.support.hierarchical.NodeTestTask.lambda$executeRecursively$9(NodeTestTask.java:139)
	org.junit.platform.engine.support.hierarchical.ThrowableCollector.execute(ThrowableCollector.java:73)
	org.junit.platform.engine.support.hierarchical.NodeTestTask.executeRecursively(NodeTestTask.java:138)
	org.junit.platform.engine.support.hierarchical.NodeTestTask.execute(NodeTestTask.java:95)
	java.base/java.util.ArrayList.forEach(ArrayList.java:1604)
	org.junit.platform.engine.support.hierarchical.SameThreadHierarchicalTestExecutorService.invokeAll(SameThreadHierarchicalTestExecutorService.java:41)
	org.junit.platform.engine.support.hierarchical.NodeTestTask.lambda$executeRecursively$6(NodeTestTask.java:155)
	org.junit.platform.engine.support.hierarchical.ThrowableCollector.execute(ThrowableCollector.java:73)
	org.junit.platform.engine.support.hierarchical.NodeTestTask.lambda$executeRecursively$8(NodeTestTask.java:141)
	org.junit.platform.engine.support.hierarchical.Node.around(Node.java:137)
	org.junit.platform.engine.support.hierarchical.NodeTestTask.lambda$executeRecursively$9(NodeTestTask.java:139)
	org.junit.platform.engine.support.hierarchical.ThrowableCollector.execute(ThrowableCollector.java:73)
	org.junit.platform.engine.support.hierarchical.NodeTestTask.executeRecursively(NodeTestTask.java:138)
	org.junit.platform.engine.support.hierarchical.NodeTestTask.execute(NodeTestTask.java:95)
	java.base/java.util.ArrayList.forEach(ArrayList.java:1604)
	org.junit.platform.engine.support.hierarchical.SameThreadHierarchicalTestExecutorService.invokeAll(SameThreadHierarchicalTestExecutorService.java:41)
	org.junit.platform.engine.support.hierarchical.NodeTestTask.lambda$executeRecursively$6(NodeTestTask.java:155)
	org.junit.platform.engine.support.hierarchical.ThrowableCollector.execute(ThrowableCollector.java:73)
	org.junit.platform.engine.support.hierarchical.NodeTestTask.lambda$executeRecursively$8(NodeTestTask.java:141)
	org.junit.platform.engine.support.hierarchical.Node.around(Node.java:137)
	org.junit.platform.engine.support.hierarchical.NodeTestTask.lambda$executeRecursively$9(NodeTestTask.java:139)
	org.junit.platform.engine.support.hierarchical.ThrowableCollector.execute(ThrowableCollector.java:73)
	org.junit.platform.engine.support.hierarchical.NodeTestTask.executeRecursively(NodeTestTask.java:138)
	org.junit.platform.engine.support.hierarchical.NodeTestTask.execute(NodeTestTask.java:95)
	org.junit.platform.engine.support.hierarchical.SameThreadHierarchicalTestExecutorService.submit(SameThreadHierarchicalTestExecutorService.java:35)
	org.junit.platform.engine.support.hierarchical.HierarchicalTestExecutor.execute(HierarchicalTestExecutor.java:57)
	org.junit.platform.engine.support.hierarchical.HierarchicalTestEngine.execute(HierarchicalTestEngine.java:54)
	org.junit.platform.launcher.core.EngineExecutionOrchestrator.execute(EngineExecutionOrchestrator.java:198)
	org.junit.platform.launcher.core.EngineExecutionOrchestrator.execute(EngineExecutionOrchestrator.java:169)
	org.junit.platform.launcher.core.EngineExecutionOrchestrator.execute(EngineExecutionOrchestrator.java:93)
	org.junit.platform.launcher.core.EngineExecutionOrchestrator.lambda$execute$0(EngineExecutionOrchestrator.java:58)
	org.junit.platform.launcher.core.EngineExecutionOrchestrator.withInterceptedStreams(EngineExecutionOrchestrator.java:141)
	org.junit.platform.launcher.core.EngineExecutionOrchestrator.execute(EngineExecutionOrchestrator.java:57)
	org.junit.platform.launcher.core.DefaultLauncher.execute(DefaultLauncher.java:103)
	org.junit.platform.launcher.core.DefaultLauncher.execute(DefaultLauncher.java:85)
	org.junit.platform.launcher.core.DelegatingLauncher.execute(DelegatingLauncher.java:47)
	org.apache.maven.surefire.junitplatform.LazyLauncher.execute(LazyLauncher.java:56)
	org.apache.maven.surefire.junitplatform.JUnitPlatformProvider.execute(JUnitPlatformProvider.java:184)
	org.apache.maven.surefire.junitplatform.JUnitPlatformProvider.invokeAllTests(JUnitPlatformProvider.java:148)
	org.apache.maven.surefire.junitplatform.JUnitPlatformProvider.invoke(JUnitPlatformProvider.java:122)
	org.apache.maven.surefire.booter.ForkedBooter.runSuitesInProcess(ForkedBooter.java:385)
	org.apache.maven.surefire.booter.ForkedBooter.execute(ForkedBooter.java:162)
	org.apache.maven.surefire.booter.ForkedBooter.run(ForkedBooter.java:507)
	org.apache.maven.surefire.booter.ForkedBooter.main(ForkedBooter.java:495)

[ERROR] Tests run: 1, Failures: 0, Errors: 1, Skipped: 0, Time elapsed: 0.236 s <<< FAILURE! -- in com.pos.system.controllers.CheckoutControllerTest
[ERROR] com.pos.system.controllers.CheckoutControllerTest.testCheckoutFlow(FxRobot) -- Time elapsed: 0.232 s <<< ERROR!
java.lang.RuntimeException: java.util.concurrent.ExecutionException: java.lang.reflect.InvocationTargetException
	at org.testfx.util.WaitForAsyncUtils.waitFor(WaitForAsyncUtils.java:301)
	at org.testfx.api.FxToolkit.waitForSetup(FxToolkit.java:277)
	at org.testfx.api.FxToolkit.setupApplication(FxToolkit.java:164)
	at org.testfx.framework.junit5.ApplicationExtension.beforeEach(ApplicationExtension.java:82)
	at java.base/java.util.ArrayList.forEach(ArrayList.java:1604)
	at java.base/java.util.ArrayList.forEach(ArrayList.java:1604)
Caused by: java.util.concurrent.ExecutionException: java.lang.reflect.InvocationTargetException
	at java.base/java.util.concurrent.FutureTask.report(FutureTask.java:124)
	at java.base/java.util.concurrent.FutureTask.get(FutureTask.java:193)
	at org.testfx.util.WaitForAsyncUtils$ASyncFXCallable.get(WaitForAsyncUtils.java:698)
	at org.testfx.toolkit.impl.ToolkitServiceImpl.lambda$setupApplication$6(ToolkitServiceImpl.java:131)
	at java.base/java.util.concurrent.FutureTask.run(FutureTask.java:328)
	at java.base/java.util.concurrent.Executors$RunnableAdapter.call(Executors.java:545)
	at java.base/java.util.concurrent.FutureTask.run(FutureTask.java:328)
	at java.base/java.util.concurrent.ThreadPoolExecutor.runWorker(ThreadPoolExecutor.java:1095)
	at java.base/java.util.concurrent.ThreadPoolExecutor$Worker.run(ThreadPoolExecutor.java:619)
	at java.base/java.lang.Thread.run(Thread.java:1447)
Caused by: java.lang.reflect.InvocationTargetException
	at java.base/java.lang.reflect.Method.invoke(Method.java:565)
	at org.testfx.framework.junit5.ApplicationExtension$AnnotationBasedApplicationFixture.start(ApplicationExtension.java:151)
	at org.testfx.framework.junit5.ApplicationAdapter.start(ApplicationAdapter.java:37)
	at org.testfx.toolkit.impl.ApplicationServiceImpl.lambda$start$0(ApplicationServiceImpl.java:49)
	at java.base/java.util.concurrent.FutureTask.run(FutureTask.java:328)
	at com.sun.javafx.application.PlatformImpl.lambda$runLater$10(PlatformImpl.java:456)
	at java.base/java.security.AccessController.doPrivileged(AccessController.java:138)
	at com.sun.javafx.application.PlatformImpl.lambda$runLater$11(PlatformImpl.java:455)
	at com.sun.glass.ui.InvokeLaterDispatcher$Future.run(InvokeLaterDispatcher.java:95)
	at com.sun.glass.ui.win.WinApplication._runLoop(Native Method)
	at com.sun.glass.ui.win.WinApplication.lambda$runLoop$3(WinApplication.java:185)
	... 1 more
Caused by: org.mockito.exceptions.base.MockitoException: 
For com.pos.system.utils.SessionManager, static mocking is already registered in the current thread

To create a new mock, the existing static mock registration must be deregistered
	at com.pos.system.controllers.CheckoutControllerTest.start(CheckoutControllerTest.java:58)
	... 12 more

[INFO] Running com.pos.system.controllers.DashboardControllerTest
--- Exception in Async Thread ---
java.lang.reflect.InvocationTargetException: null
	java.base/jdk.internal.reflect.DirectMethodHandleAccessor.invoke(DirectMethodHandleAccessor.java:119)
	java.base/java.lang.reflect.Method.invoke(Method.java:565)
	org.testfx.framework.junit5.ApplicationExtension$AnnotationBasedApplicationFixture.start(ApplicationExtension.java:151)
	org.testfx.framework.junit5.ApplicationAdapter.start(ApplicationAdapter.java:37)
	org.testfx.toolkit.impl.ApplicationServiceImpl.lambda$start$0(ApplicationServiceImpl.java:49)
	java.base/java.util.concurrent.FutureTask.run(FutureTask.java:328)
	com.sun.javafx.application.PlatformImpl.lambda$runLater$10(PlatformImpl.java:456)
	java.base/java.security.AccessController.doPrivileged(AccessController.java:138)
	com.sun.javafx.application.PlatformImpl.lambda$runLater$11(PlatformImpl.java:455)
	com.sun.glass.ui.InvokeLaterDispatcher$Future.run(InvokeLaterDispatcher.java:95)
	com.sun.glass.ui.win.WinApplication._runLoop(Native Method)
	com.sun.glass.ui.win.WinApplication.lambda$runLoop$3(WinApplication.java:185)
	java.base/java.lang.Thread.run(Thread.java:1447)
org.mockito.exceptions.base.MockitoException: 
For com.pos.system.utils.SessionManager, static mocking is already registered in the current thread

To create a new mock, the existing static mock registration must be deregistered
	com.pos.system.controllers.DashboardControllerTest.start(DashboardControllerTest.java:44)
	java.base/jdk.internal.reflect.DirectMethodHandleAccessor.invoke(DirectMethodHandleAccessor.java:104)
	java.base/java.lang.reflect.Method.invoke(Method.java:565)
	org.testfx.framework.junit5.ApplicationExtension$AnnotationBasedApplicationFixture.start(ApplicationExtension.java:151)
	org.testfx.framework.junit5.ApplicationAdapter.start(ApplicationAdapter.java:37)
	org.testfx.toolkit.impl.ApplicationServiceImpl.lambda$start$0(ApplicationServiceImpl.java:49)
	java.base/java.util.concurrent.FutureTask.run(FutureTask.java:328)
	com.sun.javafx.application.PlatformImpl.lambda$runLater$10(PlatformImpl.java:456)
	java.base/java.security.AccessController.doPrivileged(AccessController.java:138)
	com.sun.javafx.application.PlatformImpl.lambda$runLater$11(PlatformImpl.java:455)
	com.sun.glass.ui.InvokeLaterDispatcher$Future.run(InvokeLaterDispatcher.java:95)
	com.sun.glass.ui.win.WinApplication._runLoop(Native Method)
	com.sun.glass.ui.win.WinApplication.lambda$runLoop$3(WinApplication.java:185)
	java.base/java.lang.Thread.run(Thread.java:1447)
--- Trace of caller of unhandled exception in Async Thread ---
	java.base/java.lang.Thread.getStackTrace(Thread.java:2166)
	org.testfx.util.WaitForAsyncUtils$ASyncFXCallable.<init>(WaitForAsyncUtils.java:651)
	org.testfx.util.WaitForAsyncUtils.asyncFx(WaitForAsyncUtils.java:257)
	org.testfx.toolkit.impl.ApplicationServiceImpl.start(ApplicationServiceImpl.java:48)
	org.testfx.toolkit.impl.ToolkitServiceImpl.lambda$setupApplication$6(ToolkitServiceImpl.java:131)
	java.base/java.util.concurrent.FutureTask.run(FutureTask.java:328)
	java.base/java.util.concurrent.Executors$RunnableAdapter.call(Executors.java:545)
	java.base/java.util.concurrent.FutureTask.run(FutureTask.java:328)
	java.base/java.util.concurrent.ThreadPoolExecutor.runWorker(ThreadPoolExecutor.java:1095)
	java.base/java.util.concurrent.ThreadPoolExecutor$Worker.run(ThreadPoolExecutor.java:619)
	java.base/java.lang.Thread.run(Thread.java:1447)

--- Exception in Async Thread ---
java.util.concurrent.ExecutionException: java.lang.reflect.InvocationTargetException
	java.base/java.util.concurrent.FutureTask.report(FutureTask.java:124)
	java.base/java.util.concurrent.FutureTask.get(FutureTask.java:193)
	org.testfx.util.WaitForAsyncUtils$ASyncFXCallable.get(WaitForAsyncUtils.java:698)
	org.testfx.toolkit.impl.ToolkitServiceImpl.lambda$setupApplication$6(ToolkitServiceImpl.java:131)
	java.base/java.util.concurrent.FutureTask.run(FutureTask.java:328)
	java.base/java.util.concurrent.Executors$RunnableAdapter.call(Executors.java:545)
	java.base/java.util.concurrent.FutureTask.run(FutureTask.java:328)
	java.base/java.util.concurrent.ThreadPoolExecutor.runWorker(ThreadPoolExecutor.java:1095)
	java.base/java.util.concurrent.ThreadPoolExecutor$Worker.run(ThreadPoolExecutor.java:619)
	java.base/java.lang.Thread.run(Thread.java:1447)
java.lang.reflect.InvocationTargetException: null
	java.base/jdk.internal.reflect.DirectMethodHandleAccessor.invoke(DirectMethodHandleAccessor.java:119)
	java.base/java.lang.reflect.Method.invoke(Method.java:565)
	org.testfx.framework.junit5.ApplicationExtension$AnnotationBasedApplicationFixture.start(ApplicationExtension.java:151)
	org.testfx.framework.junit5.ApplicationAdapter.start(ApplicationAdapter.java:37)
	org.testfx.toolkit.impl.ApplicationServiceImpl.lambda$start$0(ApplicationServiceImpl.java:49)
	java.base/java.util.concurrent.FutureTask.run(FutureTask.java:328)
	com.sun.javafx.application.PlatformImpl.lambda$runLater$10(PlatformImpl.java:456)
	java.base/java.security.AccessController.doPrivileged(AccessController.java:138)
	com.sun.javafx.application.PlatformImpl.lambda$runLater$11(PlatformImpl.java:455)
	com.sun.glass.ui.InvokeLaterDispatcher$Future.run(InvokeLaterDispatcher.java:95)
	com.sun.glass.ui.win.WinApplication._runLoop(Native Method)
	com.sun.glass.ui.win.WinApplication.lambda$runLoop$3(WinApplication.java:185)
	java.base/java.lang.Thread.run(Thread.java:1447)
org.mockito.exceptions.base.MockitoException: 
For com.pos.system.utils.SessionManager, static mocking is already registered in the current thread

To create a new mock, the existing static mock registration must be deregistered
	com.pos.system.controllers.DashboardControllerTest.start(DashboardControllerTest.java:44)
	java.base/jdk.internal.reflect.DirectMethodHandleAccessor.invoke(DirectMethodHandleAccessor.java:104)
	java.base/java.lang.reflect.Method.invoke(Method.java:565)
	org.testfx.framework.junit5.ApplicationExtension$AnnotationBasedApplicationFixture.start(ApplicationExtension.java:151)
	org.testfx.framework.junit5.ApplicationAdapter.start(ApplicationAdapter.java:37)
	org.testfx.toolkit.impl.ApplicationServiceImpl.lambda$start$0(ApplicationServiceImpl.java:49)
	java.base/java.util.concurrent.FutureTask.run(FutureTask.java:328)
	com.sun.javafx.application.PlatformImpl.lambda$runLater$10(PlatformImpl.java:456)
	java.base/java.security.AccessController.doPrivileged(AccessController.java:138)
	com.sun.javafx.application.PlatformImpl.lambda$runLater$11(PlatformImpl.java:455)
	com.sun.glass.ui.InvokeLaterDispatcher$Future.run(InvokeLaterDispatcher.java:95)
	com.sun.glass.ui.win.WinApplication._runLoop(Native Method)
	com.sun.glass.ui.win.WinApplication.lambda$runLoop$3(WinApplication.java:185)
	java.base/java.lang.Thread.run(Thread.java:1447)
--- Trace of caller of unhandled exception in Async Thread ---
	java.base/java.lang.Thread.getStackTrace(Thread.java:2166)
	org.testfx.util.WaitForAsyncUtils$ASyncFXCallable.<init>(WaitForAsyncUtils.java:651)
	org.testfx.util.WaitForAsyncUtils.async(WaitForAsyncUtils.java:192)
	org.testfx.toolkit.impl.ToolkitServiceImpl.setupApplication(ToolkitServiceImpl.java:127)
	org.testfx.api.FxToolkit.setupApplication(FxToolkit.java:164)
	org.testfx.framework.junit5.ApplicationExtension.beforeEach(ApplicationExtension.java:82)
	org.junit.jupiter.engine.descriptor.TestMethodTestDescriptor.lambda$invokeBeforeEachCallbacks$2(TestMethodTestDescriptor.java:167)
	org.junit.jupiter.engine.descriptor.TestMethodTestDescriptor.lambda$invokeBeforeMethodsOrCallbacksUntilExceptionOccurs$6(TestMethodTestDescriptor.java:203)
	org.junit.platform.engine.support.hierarchical.ThrowableCollector.execute(ThrowableCollector.java:73)
	org.junit.jupiter.engine.descriptor.TestMethodTestDescriptor.invokeBeforeMethodsOrCallbacksUntilExceptionOccurs(TestMethodTestDescriptor.java:203)
	org.junit.jupiter.engine.descriptor.TestMethodTestDescriptor.invokeBeforeEachCallbacks(TestMethodTestDescriptor.java:166)
	org.junit.jupiter.engine.descriptor.TestMethodTestDescriptor.execute(TestMethodTestDescriptor.java:133)
	org.junit.jupiter.engine.descriptor.TestMethodTestDescriptor.execute(TestMethodTestDescriptor.java:69)
	org.junit.platform.engine.support.hierarchical.NodeTestTask.lambda$executeRecursively$6(NodeTestTask.java:151)
	org.junit.platform.engine.support.hierarchical.ThrowableCollector.execute(ThrowableCollector.java:73)
	org.junit.platform.engine.support.hierarchical.NodeTestTask.lambda$executeRecursively$8(NodeTestTask.java:141)
	org.junit.platform.engine.support.hierarchical.Node.around(Node.java:137)
	org.junit.platform.engine.support.hierarchical.NodeTestTask.lambda$executeRecursively$9(NodeTestTask.java:139)
	org.junit.platform.engine.support.hierarchical.ThrowableCollector.execute(ThrowableCollector.java:73)
	org.junit.platform.engine.support.hierarchical.NodeTestTask.executeRecursively(NodeTestTask.java:138)
	org.junit.platform.engine.support.hierarchical.NodeTestTask.execute(NodeTestTask.java:95)
	java.base/java.util.ArrayList.forEach(ArrayList.java:1604)
	org.junit.platform.engine.support.hierarchical.SameThreadHierarchicalTestExecutorService.invokeAll(SameThreadHierarchicalTestExecutorService.java:41)
	org.junit.platform.engine.support.hierarchical.NodeTestTask.lambda$executeRecursively$6(NodeTestTask.java:155)
	org.junit.platform.engine.support.hierarchical.ThrowableCollector.execute(ThrowableCollector.java:73)
	org.junit.platform.engine.support.hierarchical.NodeTestTask.lambda$executeRecursively$8(NodeTestTask.java:141)
	org.junit.platform.engine.support.hierarchical.Node.around(Node.java:137)
	org.junit.platform.engine.support.hierarchical.NodeTestTask.lambda$executeRecursively$9(NodeTestTask.java:139)
	org.junit.platform.engine.support.hierarchical.ThrowableCollector.execute(ThrowableCollector.java:73)
	org.junit.platform.engine.support.hierarchical.NodeTestTask.executeRecursively(NodeTestTask.java:138)
	org.junit.platform.engine.support.hierarchical.NodeTestTask.execute(NodeTestTask.java:95)
	java.base/java.util.ArrayList.forEach(ArrayList.java:1604)
	org.junit.platform.engine.support.hierarchical.SameThreadHierarchicalTestExecutorService.invokeAll(SameThreadHierarchicalTestExecutorService.java:41)
	org.junit.platform.engine.support.hierarchical.NodeTestTask.lambda$executeRecursively$6(NodeTestTask.java:155)
	org.junit.platform.engine.support.hierarchical.ThrowableCollector.execute(ThrowableCollector.java:73)
	org.junit.platform.engine.support.hierarchical.NodeTestTask.lambda$executeRecursively$8(NodeTestTask.java:141)
	org.junit.platform.engine.support.hierarchical.Node.around(Node.java:137)
	org.junit.platform.engine.support.hierarchical.NodeTestTask.lambda$executeRecursively$9(NodeTestTask.java:139)
	org.junit.platform.engine.support.hierarchical.ThrowableCollector.execute(ThrowableCollector.java:73)
	org.junit.platform.engine.support.hierarchical.NodeTestTask.executeRecursively(NodeTestTask.java:138)
	org.junit.platform.engine.support.hierarchical.NodeTestTask.execute(NodeTestTask.java:95)
	org.junit.platform.engine.support.hierarchical.SameThreadHierarchicalTestExecutorService.submit(SameThreadHierarchicalTestExecutorService.java:35)
	org.junit.platform.engine.support.hierarchical.HierarchicalTestExecutor.execute(HierarchicalTestExecutor.java:57)
	org.junit.platform.engine.support.hierarchical.HierarchicalTestEngine.execute(HierarchicalTestEngine.java:54)
	org.junit.platform.launcher.core.EngineExecutionOrchestrator.execute(EngineExecutionOrchestrator.java:198)
	org.junit.platform.launcher.core.EngineExecutionOrchestrator.execute(EngineExecutionOrchestrator.java:169)
	org.junit.platform.launcher.core.EngineExecutionOrchestrator.execute(EngineExecutionOrchestrator.java:93)
	org.junit.platform.launcher.core.EngineExecutionOrchestrator.lambda$execute$0(EngineExecutionOrchestrator.java:58)
	org.junit.platform.launcher.core.EngineExecutionOrchestrator.withInterceptedStreams(EngineExecutionOrchestrator.java:141)
	org.junit.platform.launcher.core.EngineExecutionOrchestrator.execute(EngineExecutionOrchestrator.java:57)
	org.junit.platform.launcher.core.DefaultLauncher.execute(DefaultLauncher.java:103)
	org.junit.platform.launcher.core.DefaultLauncher.execute(DefaultLauncher.java:85)
	org.junit.platform.launcher.core.DelegatingLauncher.execute(DelegatingLauncher.java:47)
	org.apache.maven.surefire.junitplatform.LazyLauncher.execute(LazyLauncher.java:56)
	org.apache.maven.surefire.junitplatform.JUnitPlatformProvider.execute(JUnitPlatformProvider.java:184)
	org.apache.maven.surefire.junitplatform.JUnitPlatformProvider.invokeAllTests(JUnitPlatformProvider.java:148)
	org.apache.maven.surefire.junitplatform.JUnitPlatformProvider.invoke(JUnitPlatformProvider.java:122)
	org.apache.maven.surefire.booter.ForkedBooter.runSuitesInProcess(ForkedBooter.java:385)
	org.apache.maven.surefire.booter.ForkedBooter.execute(ForkedBooter.java:162)
	org.apache.maven.surefire.booter.ForkedBooter.run(ForkedBooter.java:507)
	org.apache.maven.surefire.booter.ForkedBooter.main(ForkedBooter.java:495)

[ERROR] Tests run: 1, Failures: 0, Errors: 1, Skipped: 0, Time elapsed: 0.233 s <<< FAILURE! -- in com.pos.system.controllers.DashboardControllerTest
[ERROR] com.pos.system.controllers.DashboardControllerTest.testCashierUserOptionsHidden(FxRobot) -- Time elapsed: 0.231 s <<< ERROR!
java.lang.RuntimeException: java.util.concurrent.ExecutionException: java.lang.reflect.InvocationTargetException
	at org.testfx.util.WaitForAsyncUtils.waitFor(WaitForAsyncUtils.java:301)
	at org.testfx.api.FxToolkit.waitForSetup(FxToolkit.java:277)
	at org.testfx.api.FxToolkit.setupApplication(FxToolkit.java:164)
	at org.testfx.framework.junit5.ApplicationExtension.beforeEach(ApplicationExtension.java:82)
	at java.base/java.util.ArrayList.forEach(ArrayList.java:1604)
	at java.base/java.util.ArrayList.forEach(ArrayList.java:1604)
Caused by: java.util.concurrent.ExecutionException: java.lang.reflect.InvocationTargetException
	at java.base/java.util.concurrent.FutureTask.report(FutureTask.java:124)
	at java.base/java.util.concurrent.FutureTask.get(FutureTask.java:193)
	at org.testfx.util.WaitForAsyncUtils$ASyncFXCallable.get(WaitForAsyncUtils.java:698)
	at org.testfx.toolkit.impl.ToolkitServiceImpl.lambda$setupApplication$6(ToolkitServiceImpl.java:131)
	at java.base/java.util.concurrent.FutureTask.run(FutureTask.java:328)
	at java.base/java.util.concurrent.Executors$RunnableAdapter.call(Executors.java:545)
	at java.base/java.util.concurrent.FutureTask.run(FutureTask.java:328)
	at java.base/java.util.concurrent.ThreadPoolExecutor.runWorker(ThreadPoolExecutor.java:1095)
	at java.base/java.util.concurrent.ThreadPoolExecutor$Worker.run(ThreadPoolExecutor.java:619)
	at java.base/java.lang.Thread.run(Thread.java:1447)
Caused by: java.lang.reflect.InvocationTargetException
	at java.base/java.lang.reflect.Method.invoke(Method.java:565)
	at org.testfx.framework.junit5.ApplicationExtension$AnnotationBasedApplicationFixture.start(ApplicationExtension.java:151)
	at org.testfx.framework.junit5.ApplicationAdapter.start(ApplicationAdapter.java:37)
	at org.testfx.toolkit.impl.ApplicationServiceImpl.lambda$start$0(ApplicationServiceImpl.java:49)
	at java.base/java.util.concurrent.FutureTask.run(FutureTask.java:328)
	at com.sun.javafx.application.PlatformImpl.lambda$runLater$10(PlatformImpl.java:456)
	at java.base/java.security.AccessController.doPrivileged(AccessController.java:138)
	at com.sun.javafx.application.PlatformImpl.lambda$runLater$11(PlatformImpl.java:455)
	at com.sun.glass.ui.InvokeLaterDispatcher$Future.run(InvokeLaterDispatcher.java:95)
	at com.sun.glass.ui.win.WinApplication._runLoop(Native Method)
	at com.sun.glass.ui.win.WinApplication.lambda$runLoop$3(WinApplication.java:185)
	... 1 more
Caused by: org.mockito.exceptions.base.MockitoException: 
For com.pos.system.utils.SessionManager, static mocking is already registered in the current thread

To create a new mock, the existing static mock registration must be deregistered
	at com.pos.system.controllers.DashboardControllerTest.start(DashboardControllerTest.java:44)
	... 12 more

[INFO] Running com.pos.system.controllers.FinanceControllerTest
[INFO] Tests run: 2, Failures: 0, Errors: 0, Skipped: 0, Time elapsed: 5.255 s -- in com.pos.system.controllers.FinanceControllerTest
[INFO] Running com.pos.system.controllers.InventoryControllerTest
[INFO] Tests run: 2, Failures: 0, Errors: 0, Skipped: 0, Time elapsed: 2.470 s -- in com.pos.system.controllers.InventoryControllerTest
[INFO] Running com.pos.system.controllers.LoginControllerTest
09:41:58.595 [JavaFX Application Thread] DEBUG com.zaxxer.hikari.HikariConfig -- Driver class org.sqlite.JDBC found in Thread context class loader jdk.internal.loader.ClassLoaders$AppClassLoader@5bc2b487
09:41:58.607 [JavaFX Application Thread] DEBUG com.zaxxer.hikari.HikariConfig -- POS-HikariPool - configuration:
09:41:58.609 [JavaFX Application Thread] DEBUG com.zaxxer.hikari.HikariConfig -- allowPoolSuspension.............false
09:41:58.609 [JavaFX Application Thread] DEBUG com.zaxxer.hikari.HikariConfig -- autoCommit......................true
09:41:58.609 [JavaFX Application Thread] DEBUG com.zaxxer.hikari.HikariConfig -- catalog.........................none
09:41:58.609 [JavaFX Application Thread] DEBUG com.zaxxer.hikari.HikariConfig -- connectionInitSql...............none
09:41:58.609 [JavaFX Application Thread] DEBUG com.zaxxer.hikari.HikariConfig -- connectionTestQuery.............none
09:41:58.610 [JavaFX Application Thread] DEBUG com.zaxxer.hikari.HikariConfig -- connectionTimeout...............30000
09:41:58.610 [JavaFX Application Thread] DEBUG com.zaxxer.hikari.HikariConfig -- dataSource......................none
09:41:58.610 [JavaFX Application Thread] DEBUG com.zaxxer.hikari.HikariConfig -- dataSourceClassName.............none
09:41:58.610 [JavaFX Application Thread] DEBUG com.zaxxer.hikari.HikariConfig -- dataSourceJNDI..................none
09:41:58.610 [JavaFX Application Thread] DEBUG com.zaxxer.hikari.HikariConfig -- dataSourceProperties............{password=<masked>, prepStmtCacheSqlLimit=2048, cachePrepStmts=true, prepStmtCacheSize=250}
09:41:58.610 [JavaFX Application Thread] DEBUG com.zaxxer.hikari.HikariConfig -- driverClassName................."org.sqlite.JDBC"
09:41:58.612 [JavaFX Application Thread] DEBUG com.zaxxer.hikari.HikariConfig -- exceptionOverrideClassName......none
09:41:58.612 [JavaFX Application Thread] DEBUG com.zaxxer.hikari.HikariConfig -- healthCheckProperties...........{}
09:41:58.612 [JavaFX Application Thread] DEBUG com.zaxxer.hikari.HikariConfig -- healthCheckRegistry.............none
09:41:58.612 [JavaFX Application Thread] DEBUG com.zaxxer.hikari.HikariConfig -- idleTimeout.....................600000
09:41:58.612 [JavaFX Application Thread] DEBUG com.zaxxer.hikari.HikariConfig -- initializationFailTimeout.......1
09:41:58.612 [JavaFX Application Thread] DEBUG com.zaxxer.hikari.HikariConfig -- isolateInternalQueries..........false
09:41:58.612 [JavaFX Application Thread] DEBUG com.zaxxer.hikari.HikariConfig -- jdbcUrl.........................jdbc:sqlite:store.db
09:41:58.613 [JavaFX Application Thread] DEBUG com.zaxxer.hikari.HikariConfig -- keepaliveTime...................0
09:41:58.613 [JavaFX Application Thread] DEBUG com.zaxxer.hikari.HikariConfig -- leakDetectionThreshold..........0
09:41:58.613 [JavaFX Application Thread] DEBUG com.zaxxer.hikari.HikariConfig -- maxLifetime.....................1800000
09:41:58.613 [JavaFX Application Thread] DEBUG com.zaxxer.hikari.HikariConfig -- maximumPoolSize.................10
09:41:58.614 [JavaFX Application Thread] DEBUG com.zaxxer.hikari.HikariConfig -- metricRegistry..................none
09:41:58.614 [JavaFX Application Thread] DEBUG com.zaxxer.hikari.HikariConfig -- metricsTrackerFactory...........none
09:41:58.615 [JavaFX Application Thread] DEBUG com.zaxxer.hikari.HikariConfig -- minimumIdle.....................2
09:41:58.616 [JavaFX Application Thread] DEBUG com.zaxxer.hikari.HikariConfig -- password........................<masked>
09:41:58.616 [JavaFX Application Thread] DEBUG com.zaxxer.hikari.HikariConfig -- poolName........................"POS-HikariPool"
09:41:58.616 [JavaFX Application Thread] DEBUG com.zaxxer.hikari.HikariConfig -- readOnly........................false
09:41:58.616 [JavaFX Application Thread] DEBUG com.zaxxer.hikari.HikariConfig -- registerMbeans..................false
09:41:58.616 [JavaFX Application Thread] DEBUG com.zaxxer.hikari.HikariConfig -- scheduledExecutor...............none
09:41:58.616 [JavaFX Application Thread] DEBUG com.zaxxer.hikari.HikariConfig -- schema..........................none
09:41:58.616 [JavaFX Application Thread] DEBUG com.zaxxer.hikari.HikariConfig -- threadFactory...................internal
09:41:58.617 [JavaFX Application Thread] DEBUG com.zaxxer.hikari.HikariConfig -- transactionIsolation............default
09:41:58.617 [JavaFX Application Thread] DEBUG com.zaxxer.hikari.HikariConfig -- username........................none
09:41:58.617 [JavaFX Application Thread] DEBUG com.zaxxer.hikari.HikariConfig -- validationTimeout...............5000
09:41:58.626 [JavaFX Application Thread] INFO com.zaxxer.hikari.HikariDataSource -- POS-HikariPool - Starting...
09:41:58.803 [JavaFX Application Thread] INFO com.zaxxer.hikari.pool.HikariPool -- POS-HikariPool - Added connection org.sqlite.jdbc4.JDBC4Connection@50256eb2
09:41:58.806 [JavaFX Application Thread] INFO com.zaxxer.hikari.HikariDataSource -- POS-HikariPool - Start completed.
09:41:58.806 [JavaFX Application Thread] INFO com.pos.system.database.DatabaseManager -- Database connection pool initialized.
09:41:58.825 [JavaFX Application Thread] WARN com.pos.system.database.DatabaseManager -- Statement failed (might be expected for existing tables/columns): -- Migration for existing databases
ALTER TABLE users
ADD COLUMN force_password_change BOOLEAN DEFAULT 0 - [SQLITE_ERROR] SQL error or missing database (duplicate column name: force_password_change)
09:41:58.826 [JavaFX Application Thread] WARN com.pos.system.database.DatabaseManager -- Statement failed (might be expected for existing tables/columns): -- Migration: Add image_path if missing (for existing databases)
ALTER TABLE products
ADD COLUMN image_path TEXT - [SQLITE_ERROR] SQL error or missing database (duplicate column name: image_path)
09:41:58.826 [JavaFX Application Thread] WARN com.pos.system.database.DatabaseManager -- Statement failed (might be expected for existing tables/columns): ALTER TABLE products
ADD COLUMN image_blob BLOB - [SQLITE_ERROR] SQL error or missing database (duplicate column name: image_blob)
09:41:58.827 [JavaFX Application Thread] WARN com.pos.system.database.DatabaseManager -- Statement failed (might be expected for existing tables/columns): -- Migrations for existing databases
ALTER TABLE sales
ADD COLUMN shift_id INTEGER - [SQLITE_ERROR] SQL error or missing database (duplicate column name: shift_id)
09:41:58.827 [JavaFX Application Thread] WARN com.pos.system.database.DatabaseManager -- Statement failed (might be expected for existing tables/columns): ALTER TABLE sales
ADD COLUMN subtotal REAL DEFAULT 0.0 - [SQLITE_ERROR] SQL error or missing database (duplicate column name: subtotal)
09:41:58.827 [JavaFX Application Thread] WARN com.pos.system.database.DatabaseManager -- Statement failed (might be expected for existing tables/columns): ALTER TABLE sales
ADD COLUMN tax_amount REAL DEFAULT 0.0 - [SQLITE_ERROR] SQL error or missing database (duplicate column name: tax_amount)
09:41:58.827 [JavaFX Application Thread] WARN com.pos.system.database.DatabaseManager -- Statement failed (might be expected for existing tables/columns): ALTER TABLE sales
ADD COLUMN discount_amount REAL DEFAULT 0.0 - [SQLITE_ERROR] SQL error or missing database (duplicate column name: discount_amount)
09:41:58.827 [JavaFX Application Thread] WARN com.pos.system.database.DatabaseManager -- Statement failed (might be expected for existing tables/columns): -- Migrations for existing databases
ALTER TABLE sale_items
ADD COLUMN discount_amount REAL DEFAULT 0.0 - [SQLITE_ERROR] SQL error or missing database (duplicate column name: discount_amount)
09:41:58.827 [JavaFX Application Thread] WARN com.pos.system.database.DatabaseManager -- Statement failed (might be expected for existing tables/columns): ALTER TABLE sale_items
ADD COLUMN tax_amount REAL DEFAULT 0.0 - [SQLITE_ERROR] SQL error or missing database (duplicate column name: tax_amount)
09:41:58.839 [JavaFX Application Thread] INFO com.pos.system.database.DatabaseManager -- Database tables/schema initialized.
09:41:58.906 [POS-HikariPool housekeeper] DEBUG com.zaxxer.hikari.pool.HikariPool -- POS-HikariPool - Before cleanup stats (total=1, active=0, idle=1, waiting=0)
09:41:58.908 [POS-HikariPool housekeeper] DEBUG com.zaxxer.hikari.pool.HikariPool -- POS-HikariPool - After cleanup  stats (total=1, active=0, idle=1, waiting=0)
09:41:58.911 [POS-HikariPool connection adder] DEBUG com.zaxxer.hikari.pool.HikariPool -- POS-HikariPool - Added connection org.sqlite.jdbc4.JDBC4Connection@679898e
09:41:58.943 [POS-HikariPool connection adder] DEBUG com.zaxxer.hikari.pool.HikariPool -- POS-HikariPool - After adding stats (total=2, active=0, idle=2, waiting=0)
09:42:03.861 [Thread-12] DEBUG com.pos.system.services.StoreMonitorService -- Store Monitor: Starting background check...
09:42:03.884 [Thread-12] INFO com.pos.system.services.StoreMonitorService -- Store Monitor: Current Shift Total: $0.0
09:42:05.031 [POS-HikariPool connection adder] DEBUG com.zaxxer.hikari.pool.HikariPool -- POS-HikariPool - Added connection org.sqlite.jdbc4.JDBC4Connection@24357089
09:42:05.062 [POS-HikariPool connection adder] DEBUG com.zaxxer.hikari.pool.HikariPool -- POS-HikariPool - Connection not added, stats (total=3, active=2, idle=1, waiting=0)
09:42:11.524 [Thread-13] DEBUG com.pos.system.services.StoreMonitorService -- Store Monitor: Starting background check...
09:42:11.527 [Thread-13] INFO com.pos.system.services.StoreMonitorService -- Store Monitor: Current Shift Total: $0.0
[INFO] Tests run: 3, Failures: 0, Errors: 0, Skipped: 0, Time elapsed: 16.26 s -- in com.pos.system.controllers.LoginControllerTest
[INFO] Running com.pos.system.controllers.POSControllerTest
[INFO] Tests run: 2, Failures: 0, Errors: 0, Skipped: 0, Time elapsed: 2.488 s -- in com.pos.system.controllers.POSControllerTest
[INFO] Running com.pos.system.controllers.ReportsControllerTest
--- Exception in Async Thread ---
java.lang.reflect.InvocationTargetException: null
	java.base/jdk.internal.reflect.DirectMethodHandleAccessor.invoke(DirectMethodHandleAccessor.java:119)
	java.base/java.lang.reflect.Method.invoke(Method.java:565)
	org.testfx.framework.junit5.ApplicationExtension$AnnotationBasedApplicationFixture.start(ApplicationExtension.java:151)
	org.testfx.framework.junit5.ApplicationAdapter.start(ApplicationAdapter.java:37)
	org.testfx.toolkit.impl.ApplicationServiceImpl.lambda$start$0(ApplicationServiceImpl.java:49)
	java.base/java.util.concurrent.FutureTask.run(FutureTask.java:328)
	com.sun.javafx.application.PlatformImpl.lambda$runLater$10(PlatformImpl.java:456)
	java.base/java.security.AccessController.doPrivileged(AccessController.java:138)
	com.sun.javafx.application.PlatformImpl.lambda$runLater$11(PlatformImpl.java:455)
	com.sun.glass.ui.InvokeLaterDispatcher$Future.run(InvokeLaterDispatcher.java:95)
	com.sun.glass.ui.win.WinApplication._runLoop(Native Method)
	com.sun.glass.ui.win.WinApplication.lambda$runLoop$3(WinApplication.java:185)
	java.base/java.lang.Thread.run(Thread.java:1447)
javafx.fxml.LoadException: HBox.hgrow is not a valid attribute.
/C:/POS/target/classes/fxml/reports.fxml:18

	javafx.fxml.FXMLLoader.constructLoadException(FXMLLoader.java:2718)
	javafx.fxml.FXMLLoader$Element.processAttribute(FXMLLoader.java:289)
	javafx.fxml.FXMLLoader$ValueElement.processAttribute(FXMLLoader.java:953)
	javafx.fxml.FXMLLoader$InstanceDeclarationElement.processAttribute(FXMLLoader.java:986)
	javafx.fxml.FXMLLoader$Element.processStartElement(FXMLLoader.java:230)
	javafx.fxml.FXMLLoader$ValueElement.processStartElement(FXMLLoader.java:757)
	javafx.fxml.FXMLLoader.processStartElement(FXMLLoader.java:2853)
	javafx.fxml.FXMLLoader.loadImpl(FXMLLoader.java:2649)
	javafx.fxml.FXMLLoader.loadImpl(FXMLLoader.java:2563)
	javafx.fxml.FXMLLoader.load(FXMLLoader.java:2531)
	com.pos.system.controllers.ReportsControllerTest.start(ReportsControllerTest.java:54)
	java.base/jdk.internal.reflect.DirectMethodHandleAccessor.invoke(DirectMethodHandleAccessor.java:104)
	java.base/java.lang.reflect.Method.invoke(Method.java:565)
	org.testfx.framework.junit5.ApplicationExtension$AnnotationBasedApplicationFixture.start(ApplicationExtension.java:151)
	org.testfx.framework.junit5.ApplicationAdapter.start(ApplicationAdapter.java:37)
	org.testfx.toolkit.impl.ApplicationServiceImpl.lambda$start$0(ApplicationServiceImpl.java:49)
	java.base/java.util.concurrent.FutureTask.run(FutureTask.java:328)
	com.sun.javafx.application.PlatformImpl.lambda$runLater$10(PlatformImpl.java:456)
	java.base/java.security.AccessController.doPrivileged(AccessController.java:138)
	com.sun.javafx.application.PlatformImpl.lambda$runLater$11(PlatformImpl.java:455)
	com.sun.glass.ui.InvokeLaterDispatcher$Future.run(InvokeLaterDispatcher.java:95)
	com.sun.glass.ui.win.WinApplication._runLoop(Native Method)
	com.sun.glass.ui.win.WinApplication.lambda$runLoop$3(WinApplication.java:185)
	java.base/java.lang.Thread.run(Thread.java:1447)
--- Trace of caller of unhandled exception in Async Thread ---
	java.base/java.lang.Thread.getStackTrace(Thread.java:2166)
	org.testfx.util.WaitForAsyncUtils$ASyncFXCallable.<init>(WaitForAsyncUtils.java:651)
	org.testfx.util.WaitForAsyncUtils.asyncFx(WaitForAsyncUtils.java:257)
	org.testfx.toolkit.impl.ApplicationServiceImpl.start(ApplicationServiceImpl.java:48)
	org.testfx.toolkit.impl.ToolkitServiceImpl.lambda$setupApplication$6(ToolkitServiceImpl.java:131)
	java.base/java.util.concurrent.FutureTask.run(FutureTask.java:328)
	java.base/java.util.concurrent.Executors$RunnableAdapter.call(Executors.java:545)
	java.base/java.util.concurrent.FutureTask.run(FutureTask.java:328)
	java.base/java.util.concurrent.ThreadPoolExecutor.runWorker(ThreadPoolExecutor.java:1095)
	java.base/java.util.concurrent.ThreadPoolExecutor$Worker.run(ThreadPoolExecutor.java:619)
	java.base/java.lang.Thread.run(Thread.java:1447)

--- Exception in Async Thread ---
java.util.concurrent.ExecutionException: java.lang.reflect.InvocationTargetException
	java.base/java.util.concurrent.FutureTask.report(FutureTask.java:124)
	java.base/java.util.concurrent.FutureTask.get(FutureTask.java:193)
	org.testfx.util.WaitForAsyncUtils$ASyncFXCallable.get(WaitForAsyncUtils.java:698)
	org.testfx.toolkit.impl.ToolkitServiceImpl.lambda$setupApplication$6(ToolkitServiceImpl.java:131)
	java.base/java.util.concurrent.FutureTask.run(FutureTask.java:328)
	java.base/java.util.concurrent.Executors$RunnableAdapter.call(Executors.java:545)
	java.base/java.util.concurrent.FutureTask.run(FutureTask.java:328)
	java.base/java.util.concurrent.ThreadPoolExecutor.runWorker(ThreadPoolExecutor.java:1095)
	java.base/java.util.concurrent.ThreadPoolExecutor$Worker.run(ThreadPoolExecutor.java:619)
	java.base/java.lang.Thread.run(Thread.java:1447)
java.lang.reflect.InvocationTargetException: null
	java.base/jdk.internal.reflect.DirectMethodHandleAccessor.invoke(DirectMethodHandleAccessor.java:119)
	java.base/java.lang.reflect.Method.invoke(Method.java:565)
	org.testfx.framework.junit5.ApplicationExtension$AnnotationBasedApplicationFixture.start(ApplicationExtension.java:151)
	org.testfx.framework.junit5.ApplicationAdapter.start(ApplicationAdapter.java:37)
	org.testfx.toolkit.impl.ApplicationServiceImpl.lambda$start$0(ApplicationServiceImpl.java:49)
	java.base/java.util.concurrent.FutureTask.run(FutureTask.java:328)
	com.sun.javafx.application.PlatformImpl.lambda$runLater$10(PlatformImpl.java:456)
	java.base/java.security.AccessController.doPrivileged(AccessController.java:138)
	com.sun.javafx.application.PlatformImpl.lambda$runLater$11(PlatformImpl.java:455)
	com.sun.glass.ui.InvokeLaterDispatcher$Future.run(InvokeLaterDispatcher.java:95)
	com.sun.glass.ui.win.WinApplication._runLoop(Native Method)
	com.sun.glass.ui.win.WinApplication.lambda$runLoop$3(WinApplication.java:185)
	java.base/java.lang.Thread.run(Thread.java:1447)
javafx.fxml.LoadException: HBox.hgrow is not a valid attribute.
/C:/POS/target/classes/fxml/reports.fxml:18

	javafx.fxml.FXMLLoader.constructLoadException(FXMLLoader.java:2718)
	javafx.fxml.FXMLLoader$Element.processAttribute(FXMLLoader.java:289)
	javafx.fxml.FXMLLoader$ValueElement.processAttribute(FXMLLoader.java:953)
	javafx.fxml.FXMLLoader$InstanceDeclarationElement.processAttribute(FXMLLoader.java:986)
	javafx.fxml.FXMLLoader$Element.processStartElement(FXMLLoader.java:230)
	javafx.fxml.FXMLLoader$ValueElement.processStartElement(FXMLLoader.java:757)
	javafx.fxml.FXMLLoader.processStartElement(FXMLLoader.java:2853)
	javafx.fxml.FXMLLoader.loadImpl(FXMLLoader.java:2649)
	javafx.fxml.FXMLLoader.loadImpl(FXMLLoader.java:2563)
	javafx.fxml.FXMLLoader.load(FXMLLoader.java:2531)
	com.pos.system.controllers.ReportsControllerTest.start(ReportsControllerTest.java:54)
	java.base/jdk.internal.reflect.DirectMethodHandleAccessor.invoke(DirectMethodHandleAccessor.java:104)
	java.base/java.lang.reflect.Method.invoke(Method.java:565)
	org.testfx.framework.junit5.ApplicationExtension$AnnotationBasedApplicationFixture.start(ApplicationExtension.java:151)
	org.testfx.framework.junit5.ApplicationAdapter.start(ApplicationAdapter.java:37)
	org.testfx.toolkit.impl.ApplicationServiceImpl.lambda$start$0(ApplicationServiceImpl.java:49)
	java.base/java.util.concurrent.FutureTask.run(FutureTask.java:328)
	com.sun.javafx.application.PlatformImpl.lambda$runLater$10(PlatformImpl.java:456)
	java.base/java.security.AccessController.doPrivileged(AccessController.java:138)
	com.sun.javafx.application.PlatformImpl.lambda$runLater$11(PlatformImpl.java:455)
	com.sun.glass.ui.InvokeLaterDispatcher$Future.run(InvokeLaterDispatcher.java:95)
	com.sun.glass.ui.win.WinApplication._runLoop(Native Method)
	com.sun.glass.ui.win.WinApplication.lambda$runLoop$3(WinApplication.java:185)
	java.base/java.lang.Thread.run(Thread.java:1447)
--- Trace of caller of unhandled exception in Async Thread ---
	java.base/java.lang.Thread.getStackTrace(Thread.java:2166)
	org.testfx.util.WaitForAsyncUtils$ASyncFXCallable.<init>(WaitForAsyncUtils.java:651)
	org.testfx.util.WaitForAsyncUtils.async(WaitForAsyncUtils.java:192)
	org.testfx.toolkit.impl.ToolkitServiceImpl.setupApplication(ToolkitServiceImpl.java:127)
	org.testfx.api.FxToolkit.setupApplication(FxToolkit.java:164)
	org.testfx.framework.junit5.ApplicationExtension.beforeEach(ApplicationExtension.java:82)
	org.junit.jupiter.engine.descriptor.TestMethodTestDescriptor.lambda$invokeBeforeEachCallbacks$2(TestMethodTestDescriptor.java:167)
	org.junit.jupiter.engine.descriptor.TestMethodTestDescriptor.lambda$invokeBeforeMethodsOrCallbacksUntilExceptionOccurs$6(TestMethodTestDescriptor.java:203)
	org.junit.platform.engine.support.hierarchical.ThrowableCollector.execute(ThrowableCollector.java:73)
	org.junit.jupiter.engine.descriptor.TestMethodTestDescriptor.invokeBeforeMethodsOrCallbacksUntilExceptionOccurs(TestMethodTestDescriptor.java:203)
	org.junit.jupiter.engine.descriptor.TestMethodTestDescriptor.invokeBeforeEachCallbacks(TestMethodTestDescriptor.java:166)
	org.junit.jupiter.engine.descriptor.TestMethodTestDescriptor.execute(TestMethodTestDescriptor.java:133)
	org.junit.jupiter.engine.descriptor.TestMethodTestDescriptor.execute(TestMethodTestDescriptor.java:69)
	org.junit.platform.engine.support.hierarchical.NodeTestTask.lambda$executeRecursively$6(NodeTestTask.java:151)
	org.junit.platform.engine.support.hierarchical.ThrowableCollector.execute(ThrowableCollector.java:73)
	org.junit.platform.engine.support.hierarchical.NodeTestTask.lambda$executeRecursively$8(NodeTestTask.java:141)
	org.junit.platform.engine.support.hierarchical.Node.around(Node.java:137)
	org.junit.platform.engine.support.hierarchical.NodeTestTask.lambda$executeRecursively$9(NodeTestTask.java:139)
	org.junit.platform.engine.support.hierarchical.ThrowableCollector.execute(ThrowableCollector.java:73)
	org.junit.platform.engine.support.hierarchical.NodeTestTask.executeRecursively(NodeTestTask.java:138)
	org.junit.platform.engine.support.hierarchical.NodeTestTask.execute(NodeTestTask.java:95)
	java.base/java.util.ArrayList.forEach(ArrayList.java:1604)
	org.junit.platform.engine.support.hierarchical.SameThreadHierarchicalTestExecutorService.invokeAll(SameThreadHierarchicalTestExecutorService.java:41)
	org.junit.platform.engine.support.hierarchical.NodeTestTask.lambda$executeRecursively$6(NodeTestTask.java:155)
	org.junit.platform.engine.support.hierarchical.ThrowableCollector.execute(ThrowableCollector.java:73)
	org.junit.platform.engine.support.hierarchical.NodeTestTask.lambda$executeRecursively$8(NodeTestTask.java:141)
	org.junit.platform.engine.support.hierarchical.Node.around(Node.java:137)
	org.junit.platform.engine.support.hierarchical.NodeTestTask.lambda$executeRecursively$9(NodeTestTask.java:139)
	org.junit.platform.engine.support.hierarchical.ThrowableCollector.execute(ThrowableCollector.java:73)
	org.junit.platform.engine.support.hierarchical.NodeTestTask.executeRecursively(NodeTestTask.java:138)
	org.junit.platform.engine.support.hierarchical.NodeTestTask.execute(NodeTestTask.java:95)
	java.base/java.util.ArrayList.forEach(ArrayList.java:1604)
	org.junit.platform.engine.support.hierarchical.SameThreadHierarchicalTestExecutorService.invokeAll(SameThreadHierarchicalTestExecutorService.java:41)
	org.junit.platform.engine.support.hierarchical.NodeTestTask.lambda$executeRecursively$6(NodeTestTask.java:155)
	org.junit.platform.engine.support.hierarchical.ThrowableCollector.execute(ThrowableCollector.java:73)
	org.junit.platform.engine.support.hierarchical.NodeTestTask.lambda$executeRecursively$8(NodeTestTask.java:141)
	org.junit.platform.engine.support.hierarchical.Node.around(Node.java:137)
	org.junit.platform.engine.support.hierarchical.NodeTestTask.lambda$executeRecursively$9(NodeTestTask.java:139)
	org.junit.platform.engine.support.hierarchical.ThrowableCollector.execute(ThrowableCollector.java:73)
	org.junit.platform.engine.support.hierarchical.NodeTestTask.executeRecursively(NodeTestTask.java:138)
	org.junit.platform.engine.support.hierarchical.NodeTestTask.execute(NodeTestTask.java:95)
	org.junit.platform.engine.support.hierarchical.SameThreadHierarchicalTestExecutorService.submit(SameThreadHierarchicalTestExecutorService.java:35)
	org.junit.platform.engine.support.hierarchical.HierarchicalTestExecutor.execute(HierarchicalTestExecutor.java:57)
	org.junit.platform.engine.support.hierarchical.HierarchicalTestEngine.execute(HierarchicalTestEngine.java:54)
	org.junit.platform.launcher.core.EngineExecutionOrchestrator.execute(EngineExecutionOrchestrator.java:198)
	org.junit.platform.launcher.core.EngineExecutionOrchestrator.execute(EngineExecutionOrchestrator.java:169)
	org.junit.platform.launcher.core.EngineExecutionOrchestrator.execute(EngineExecutionOrchestrator.java:93)
	org.junit.platform.launcher.core.EngineExecutionOrchestrator.lambda$execute$0(EngineExecutionOrchestrator.java:58)
	org.junit.platform.launcher.core.EngineExecutionOrchestrator.withInterceptedStreams(EngineExecutionOrchestrator.java:141)
	org.junit.platform.launcher.core.EngineExecutionOrchestrator.execute(EngineExecutionOrchestrator.java:57)
	org.junit.platform.launcher.core.DefaultLauncher.execute(DefaultLauncher.java:103)
	org.junit.platform.launcher.core.DefaultLauncher.execute(DefaultLauncher.java:85)
	org.junit.platform.launcher.core.DelegatingLauncher.execute(DelegatingLauncher.java:47)
	org.apache.maven.surefire.junitplatform.LazyLauncher.execute(LazyLauncher.java:56)
	org.apache.maven.surefire.junitplatform.JUnitPlatformProvider.execute(JUnitPlatformProvider.java:184)
	org.apache.maven.surefire.junitplatform.JUnitPlatformProvider.invokeAllTests(JUnitPlatformProvider.java:148)
	org.apache.maven.surefire.junitplatform.JUnitPlatformProvider.invoke(JUnitPlatformProvider.java:122)
	org.apache.maven.surefire.booter.ForkedBooter.runSuitesInProcess(ForkedBooter.java:385)
	org.apache.maven.surefire.booter.ForkedBooter.execute(ForkedBooter.java:162)
	org.apache.maven.surefire.booter.ForkedBooter.run(ForkedBooter.java:507)
	org.apache.maven.surefire.booter.ForkedBooter.main(ForkedBooter.java:495)

[ERROR] Tests run: 1, Failures: 0, Errors: 1, Skipped: 0, Time elapsed: 0.334 s <<< FAILURE! -- in com.pos.system.controllers.ReportsControllerTest
[ERROR] com.pos.system.controllers.ReportsControllerTest.testReportsLoaded(FxRobot) -- Time elapsed: 0.332 s <<< ERROR!
java.lang.RuntimeException: java.util.concurrent.ExecutionException: java.lang.reflect.InvocationTargetException
	at org.testfx.util.WaitForAsyncUtils.waitFor(WaitForAsyncUtils.java:301)
	at org.testfx.api.FxToolkit.waitForSetup(FxToolkit.java:277)
	at org.testfx.api.FxToolkit.setupApplication(FxToolkit.java:164)
	at org.testfx.framework.junit5.ApplicationExtension.beforeEach(ApplicationExtension.java:82)
	at java.base/java.util.ArrayList.forEach(ArrayList.java:1604)
	at java.base/java.util.ArrayList.forEach(ArrayList.java:1604)
Caused by: java.util.concurrent.ExecutionException: java.lang.reflect.InvocationTargetException
	at java.base/java.util.concurrent.FutureTask.report(FutureTask.java:124)
	at java.base/java.util.concurrent.FutureTask.get(FutureTask.java:193)
	at org.testfx.util.WaitForAsyncUtils$ASyncFXCallable.get(WaitForAsyncUtils.java:698)
	at org.testfx.toolkit.impl.ToolkitServiceImpl.lambda$setupApplication$6(ToolkitServiceImpl.java:131)
	at java.base/java.util.concurrent.FutureTask.run(FutureTask.java:328)
	at java.base/java.util.concurrent.Executors$RunnableAdapter.call(Executors.java:545)
	at java.base/java.util.concurrent.FutureTask.run(FutureTask.java:328)
	at java.base/java.util.concurrent.ThreadPoolExecutor.runWorker(ThreadPoolExecutor.java:1095)
	at java.base/java.util.concurrent.ThreadPoolExecutor$Worker.run(ThreadPoolExecutor.java:619)
	at java.base/java.lang.Thread.run(Thread.java:1447)
Caused by: java.lang.reflect.InvocationTargetException
	at java.base/java.lang.reflect.Method.invoke(Method.java:565)
	at org.testfx.framework.junit5.ApplicationExtension$AnnotationBasedApplicationFixture.start(ApplicationExtension.java:151)
	at org.testfx.framework.junit5.ApplicationAdapter.start(ApplicationAdapter.java:37)
	at org.testfx.toolkit.impl.ApplicationServiceImpl.lambda$start$0(ApplicationServiceImpl.java:49)
	at java.base/java.util.concurrent.FutureTask.run(FutureTask.java:328)
	at com.sun.javafx.application.PlatformImpl.lambda$runLater$10(PlatformImpl.java:456)
	at java.base/java.security.AccessController.doPrivileged(AccessController.java:138)
	at com.sun.javafx.application.PlatformImpl.lambda$runLater$11(PlatformImpl.java:455)
	at com.sun.glass.ui.InvokeLaterDispatcher$Future.run(InvokeLaterDispatcher.java:95)
	at com.sun.glass.ui.win.WinApplication._runLoop(Native Method)
	at com.sun.glass.ui.win.WinApplication.lambda$runLoop$3(WinApplication.java:185)
	... 1 more
Caused by: javafx.fxml.LoadException: HBox.hgrow is not a valid attribute.
/C:/POS/target/classes/fxml/reports.fxml:18

	at javafx.fxml.FXMLLoader.constructLoadException(FXMLLoader.java:2718)
	at javafx.fxml.FXMLLoader$Element.processAttribute(FXMLLoader.java:289)
	at javafx.fxml.FXMLLoader$ValueElement.processAttribute(FXMLLoader.java:953)
	at javafx.fxml.FXMLLoader$InstanceDeclarationElement.processAttribute(FXMLLoader.java:986)
	at javafx.fxml.FXMLLoader$Element.processStartElement(FXMLLoader.java:230)
	at javafx.fxml.FXMLLoader$ValueElement.processStartElement(FXMLLoader.java:757)
	at javafx.fxml.FXMLLoader.processStartElement(FXMLLoader.java:2853)
	at javafx.fxml.FXMLLoader.loadImpl(FXMLLoader.java:2649)
	at javafx.fxml.FXMLLoader.loadImpl(FXMLLoader.java:2563)
	at javafx.fxml.FXMLLoader.load(FXMLLoader.java:2531)
	at com.pos.system.controllers.ReportsControllerTest.start(ReportsControllerTest.java:54)
	... 12 more

[INFO] Running com.pos.system.controllers.SettingsControllerTest
09:42:18.524 [Thread-15] DEBUG com.pos.system.services.StoreMonitorService -- Store Monitor: Starting background check...
09:42:18.528 [Thread-15] INFO com.pos.system.services.StoreMonitorService -- Store Monitor: Current Shift Total: $0.0
[INFO] Tests run: 1, Failures: 0, Errors: 0, Skipped: 0, Time elapsed: 2.093 s -- in com.pos.system.controllers.SettingsControllerTest
[INFO] Running com.pos.system.controllers.ShiftControllerTest
java.lang.NullPointerException: Cannot invoke "com.pos.system.models.User.getId()" because "user" is null
	at com.pos.system.controllers.ShiftController.handleOpenShift(ShiftController.java:84)
	at java.base/jdk.internal.reflect.DirectMethodHandleAccessor.invoke(DirectMethodHandleAccessor.java:104)
	at java.base/java.lang.reflect.Method.invoke(Method.java:565)
	at com.sun.javafx.reflect.Trampoline.invoke(MethodUtil.java:72)
	at java.base/jdk.internal.reflect.DirectMethodHandleAccessor.invoke(DirectMethodHandleAccessor.java:104)
	at java.base/java.lang.reflect.Method.invoke(Method.java:565)
	at com.sun.javafx.reflect.MethodUtil.invoke(MethodUtil.java:270)
	at com.sun.javafx.fxml.MethodHelper.invoke(MethodHelper.java:84)
	at javafx.fxml.FXMLLoader$MethodHandler.invoke(FXMLLoader.java:1855)
	at javafx.fxml.FXMLLoader$ControllerMethodEventHandler.handle(FXMLLoader.java:1726)
	at com.sun.javafx.event.CompositeEventHandler.dispatchBubblingEvent(CompositeEventHandler.java:86)
	at com.sun.javafx.event.EventHandlerManager.dispatchBubblingEvent(EventHandlerManager.java:232)
	at com.sun.javafx.event.EventHandlerManager.dispatchBubblingEvent(EventHandlerManager.java:189)
	at com.sun.javafx.event.CompositeEventDispatcher.dispatchBubblingEvent(CompositeEventDispatcher.java:59)
	at com.sun.javafx.event.BasicEventDispatcher.dispatchEvent(BasicEventDispatcher.java:58)
	at com.sun.javafx.event.EventDispatchChainImpl.dispatchEvent(EventDispatchChainImpl.java:114)
	at com.sun.javafx.event.BasicEventDispatcher.dispatchEvent(BasicEventDispatcher.java:56)
	at com.sun.javafx.event.EventDispatchChainImpl.dispatchEvent(EventDispatchChainImpl.java:114)
	at com.sun.javafx.event.BasicEventDispatcher.dispatchEvent(BasicEventDispatcher.java:56)
	at com.sun.javafx.event.EventDispatchChainImpl.dispatchEvent(EventDispatchChainImpl.java:114)
	at com.sun.javafx.event.EventUtil.fireEventImpl(EventUtil.java:74)
	at com.sun.javafx.event.EventUtil.fireEvent(EventUtil.java:49)
	at javafx.event.Event.fireEvent(Event.java:198)
	at javafx.scene.Node.fireEvent(Node.java:8875)
	at javafx.scene.control.Button.fire(Button.java:203)
	at com.sun.javafx.scene.control.behavior.ButtonBehavior.mouseReleased(ButtonBehavior.java:207)
	at com.sun.javafx.scene.control.inputmap.InputMap.handle(InputMap.java:274)
	at com.sun.javafx.event.CompositeEventHandler$NormalEventHandlerRecord.handleBubblingEvent(CompositeEventHandler.java:247)
	at com.sun.javafx.event.CompositeEventHandler.dispatchBubblingEvent(CompositeEventHandler.java:80)
	at com.sun.javafx.event.EventHandlerManager.dispatchBubblingEvent(EventHandlerManager.java:232)
	at com.sun.javafx.event.EventHandlerManager.dispatchBubblingEvent(EventHandlerManager.java:189)
	at com.sun.javafx.event.CompositeEventDispatcher.dispatchBubblingEvent(CompositeEventDispatcher.java:59)
	at com.sun.javafx.event.BasicEventDispatcher.dispatchEvent(BasicEventDispatcher.java:58)
	at com.sun.javafx.event.EventDispatchChainImpl.dispatchEvent(EventDispatchChainImpl.java:114)
	at com.sun.javafx.event.BasicEventDispatcher.dispatchEvent(BasicEventDispatcher.java:56)
	at com.sun.javafx.event.EventDispatchChainImpl.dispatchEvent(EventDispatchChainImpl.java:114)
	at com.sun.javafx.event.BasicEventDispatcher.dispatchEvent(BasicEventDispatcher.java:56)
	at com.sun.javafx.event.EventDispatchChainImpl.dispatchEvent(EventDispatchChainImpl.java:114)
	at com.sun.javafx.event.EventUtil.fireEventImpl(EventUtil.java:74)
	at com.sun.javafx.event.EventUtil.fireEvent(EventUtil.java:54)
	at javafx.event.Event.fireEvent(Event.java:198)
	at javafx.scene.Scene$MouseHandler.process(Scene.java:3984)
	at javafx.scene.Scene.processMouseEvent(Scene.java:1890)
	at javafx.scene.Scene$ScenePeerListener.mouseEvent(Scene.java:2708)
	at com.sun.javafx.tk.quantum.GlassViewEventHandler$MouseEventNotification.run(GlassViewEventHandler.java:411)
	at com.sun.javafx.tk.quantum.GlassViewEventHandler$MouseEventNotification.run(GlassViewEventHandler.java:301)
	at java.base/java.security.AccessController.doPrivileged(AccessController.java:138)
	at com.sun.javafx.tk.quantum.GlassViewEventHandler.lambda$handleMouseEvent$2(GlassViewEventHandler.java:450)
	at com.sun.javafx.tk.quantum.QuantumToolkit.runWithoutRenderLock(QuantumToolkit.java:424)
	at com.sun.javafx.tk.quantum.GlassViewEventHandler.handleMouseEvent(GlassViewEventHandler.java:449)
	at com.sun.glass.ui.View.handleMouseEvent(View.java:551)
	at com.sun.glass.ui.View.notifyMouse(View.java:937)
	at com.sun.glass.ui.win.WinApplication._runLoop(Native Method)
	at com.sun.glass.ui.win.WinApplication.lambda$runLoop$3(WinApplication.java:185)
	at java.base/java.lang.Thread.run(Thread.java:1447)
[ERROR] Tests run: 2, Failures: 1, Errors: 0, Skipped: 0, Time elapsed: 3.196 s <<< FAILURE! -- in com.pos.system.controllers.ShiftControllerTest
[ERROR] com.pos.system.controllers.ShiftControllerTest.testOpenShift(FxRobot) -- Time elapsed: 1.781 s <<< FAILURE!
Wanted but not invoked:
shiftDAO.create(
    <any com.pos.system.models.Shift>
);
-> at com.pos.system.dao.ShiftDAO.create(ShiftDAO.java:21)
Actually, there were zero interactions with this mock.

	at com.pos.system.dao.ShiftDAO.create(ShiftDAO.java:21)
	at com.pos.system.controllers.ShiftControllerTest.testOpenShift(ShiftControllerTest.java:125)
	at java.base/java.lang.reflect.Method.invoke(Method.java:565)
	at java.base/java.util.ArrayList.forEach(ArrayList.java:1604)
	at java.base/java.util.ArrayList.forEach(ArrayList.java:1604)

[INFO] Running com.pos.system.controllers.TransactionDetailsControllerTest
--- Exception in Async Thread ---
java.lang.reflect.InvocationTargetException: null
	java.base/jdk.internal.reflect.DirectMethodHandleAccessor.invoke(DirectMethodHandleAccessor.java:119)
	java.base/java.lang.reflect.Method.invoke(Method.java:565)
	org.testfx.framework.junit5.ApplicationExtension$AnnotationBasedApplicationFixture.start(ApplicationExtension.java:151)
	org.testfx.framework.junit5.ApplicationAdapter.start(ApplicationAdapter.java:37)
	org.testfx.toolkit.impl.ApplicationServiceImpl.lambda$start$0(ApplicationServiceImpl.java:49)
	java.base/java.util.concurrent.FutureTask.run(FutureTask.java:328)
	com.sun.javafx.application.PlatformImpl.lambda$runLater$10(PlatformImpl.java:456)
	java.base/java.security.AccessController.doPrivileged(AccessController.java:138)
	com.sun.javafx.application.PlatformImpl.lambda$runLater$11(PlatformImpl.java:455)
	com.sun.glass.ui.InvokeLaterDispatcher$Future.run(InvokeLaterDispatcher.java:95)
	com.sun.glass.ui.win.WinApplication._runLoop(Native Method)
	com.sun.glass.ui.win.WinApplication.lambda$runLoop$3(WinApplication.java:185)
	java.base/java.lang.Thread.run(Thread.java:1447)
org.mockito.exceptions.base.MockitoException: 
For com.pos.system.dao.SaleDAO, static mocking is already registered in the current thread

To create a new mock, the existing static mock registration must be deregistered
	com.pos.system.controllers.TransactionDetailsControllerTest.start(TransactionDetailsControllerTest.java:47)
	java.base/jdk.internal.reflect.DirectMethodHandleAccessor.invoke(DirectMethodHandleAccessor.java:104)
	java.base/java.lang.reflect.Method.invoke(Method.java:565)
	org.testfx.framework.junit5.ApplicationExtension$AnnotationBasedApplicationFixture.start(ApplicationExtension.java:151)
	org.testfx.framework.junit5.ApplicationAdapter.start(ApplicationAdapter.java:37)
	org.testfx.toolkit.impl.ApplicationServiceImpl.lambda$start$0(ApplicationServiceImpl.java:49)
	java.base/java.util.concurrent.FutureTask.run(FutureTask.java:328)
	com.sun.javafx.application.PlatformImpl.lambda$runLater$10(PlatformImpl.java:456)
	java.base/java.security.AccessController.doPrivileged(AccessController.java:138)
	com.sun.javafx.application.PlatformImpl.lambda$runLater$11(PlatformImpl.java:455)
	com.sun.glass.ui.InvokeLaterDispatcher$Future.run(InvokeLaterDispatcher.java:95)
	com.sun.glass.ui.win.WinApplication._runLoop(Native Method)
	com.sun.glass.ui.win.WinApplication.lambda$runLoop$3(WinApplication.java:185)
	java.base/java.lang.Thread.run(Thread.java:1447)
--- Trace of caller of unhandled exception in Async Thread ---
	java.base/java.lang.Thread.getStackTrace(Thread.java:2166)
	org.testfx.util.WaitForAsyncUtils$ASyncFXCallable.<init>(WaitForAsyncUtils.java:651)
	org.testfx.util.WaitForAsyncUtils.asyncFx(WaitForAsyncUtils.java:257)
	org.testfx.toolkit.impl.ApplicationServiceImpl.start(ApplicationServiceImpl.java:48)
	org.testfx.toolkit.impl.ToolkitServiceImpl.lambda$setupApplication$6(ToolkitServiceImpl.java:131)
	java.base/java.util.concurrent.FutureTask.run(FutureTask.java:328)
	java.base/java.util.concurrent.Executors$RunnableAdapter.call(Executors.java:545)
	java.base/java.util.concurrent.FutureTask.run(FutureTask.java:328)
	java.base/java.util.concurrent.ThreadPoolExecutor.runWorker(ThreadPoolExecutor.java:1095)
	java.base/java.util.concurrent.ThreadPoolExecutor$Worker.run(ThreadPoolExecutor.java:619)
	java.base/java.lang.Thread.run(Thread.java:1447)

--- Exception in Async Thread ---
java.util.concurrent.ExecutionException: java.lang.reflect.InvocationTargetException
	java.base/java.util.concurrent.FutureTask.report(FutureTask.java:124)
	java.base/java.util.concurrent.FutureTask.get(FutureTask.java:193)
	org.testfx.util.WaitForAsyncUtils$ASyncFXCallable.get(WaitForAsyncUtils.java:698)
	org.testfx.toolkit.impl.ToolkitServiceImpl.lambda$setupApplication$6(ToolkitServiceImpl.java:131)
	java.base/java.util.concurrent.FutureTask.run(FutureTask.java:328)
	java.base/java.util.concurrent.Executors$RunnableAdapter.call(Executors.java:545)
	java.base/java.util.concurrent.FutureTask.run(FutureTask.java:328)
	java.base/java.util.concurrent.ThreadPoolExecutor.runWorker(ThreadPoolExecutor.java:1095)
	java.base/java.util.concurrent.ThreadPoolExecutor$Worker.run(ThreadPoolExecutor.java:619)
	java.base/java.lang.Thread.run(Thread.java:1447)
java.lang.reflect.InvocationTargetException: null
	java.base/jdk.internal.reflect.DirectMethodHandleAccessor.invoke(DirectMethodHandleAccessor.java:119)
	java.base/java.lang.reflect.Method.invoke(Method.java:565)
	org.testfx.framework.junit5.ApplicationExtension$AnnotationBasedApplicationFixture.start(ApplicationExtension.java:151)
	org.testfx.framework.junit5.ApplicationAdapter.start(ApplicationAdapter.java:37)
	org.testfx.toolkit.impl.ApplicationServiceImpl.lambda$start$0(ApplicationServiceImpl.java:49)
	java.base/java.util.concurrent.FutureTask.run(FutureTask.java:328)
	com.sun.javafx.application.PlatformImpl.lambda$runLater$10(PlatformImpl.java:456)
	java.base/java.security.AccessController.doPrivileged(AccessController.java:138)
	com.sun.javafx.application.PlatformImpl.lambda$runLater$11(PlatformImpl.java:455)
	com.sun.glass.ui.InvokeLaterDispatcher$Future.run(InvokeLaterDispatcher.java:95)
	com.sun.glass.ui.win.WinApplication._runLoop(Native Method)
	com.sun.glass.ui.win.WinApplication.lambda$runLoop$3(WinApplication.java:185)
	java.base/java.lang.Thread.run(Thread.java:1447)
org.mockito.exceptions.base.MockitoException: 
For com.pos.system.dao.SaleDAO, static mocking is already registered in the current thread

To create a new mock, the existing static mock registration must be deregistered
	com.pos.system.controllers.TransactionDetailsControllerTest.start(TransactionDetailsControllerTest.java:47)
	java.base/jdk.internal.reflect.DirectMethodHandleAccessor.invoke(DirectMethodHandleAccessor.java:104)
	java.base/java.lang.reflect.Method.invoke(Method.java:565)
	org.testfx.framework.junit5.ApplicationExtension$AnnotationBasedApplicationFixture.start(ApplicationExtension.java:151)
	org.testfx.framework.junit5.ApplicationAdapter.start(ApplicationAdapter.java:37)
	org.testfx.toolkit.impl.ApplicationServiceImpl.lambda$start$0(ApplicationServiceImpl.java:49)
	java.base/java.util.concurrent.FutureTask.run(FutureTask.java:328)
	com.sun.javafx.application.PlatformImpl.lambda$runLater$10(PlatformImpl.java:456)
	java.base/java.security.AccessController.doPrivileged(AccessController.java:138)
	com.sun.javafx.application.PlatformImpl.lambda$runLater$11(PlatformImpl.java:455)
	com.sun.glass.ui.InvokeLaterDispatcher$Future.run(InvokeLaterDispatcher.java:95)
	com.sun.glass.ui.win.WinApplication._runLoop(Native Method)
	com.sun.glass.ui.win.WinApplication.lambda$runLoop$3(WinApplication.java:185)
	java.base/java.lang.Thread.run(Thread.java:1447)
--- Trace of caller of unhandled exception in Async Thread ---
	java.base/java.lang.Thread.getStackTrace(Thread.java:2166)
	org.testfx.util.WaitForAsyncUtils$ASyncFXCallable.<init>(WaitForAsyncUtils.java:651)
	org.testfx.util.WaitForAsyncUtils.async(WaitForAsyncUtils.java:192)
	org.testfx.toolkit.impl.ToolkitServiceImpl.setupApplication(ToolkitServiceImpl.java:127)
	org.testfx.api.FxToolkit.setupApplication(FxToolkit.java:164)
	org.testfx.framework.junit5.ApplicationExtension.beforeEach(ApplicationExtension.java:82)
	org.junit.jupiter.engine.descriptor.TestMethodTestDescriptor.lambda$invokeBeforeEachCallbacks$2(TestMethodTestDescriptor.java:167)
	org.junit.jupiter.engine.descriptor.TestMethodTestDescriptor.lambda$invokeBeforeMethodsOrCallbacksUntilExceptionOccurs$6(TestMethodTestDescriptor.java:203)
	org.junit.platform.engine.support.hierarchical.ThrowableCollector.execute(ThrowableCollector.java:73)
	org.junit.jupiter.engine.descriptor.TestMethodTestDescriptor.invokeBeforeMethodsOrCallbacksUntilExceptionOccurs(TestMethodTestDescriptor.java:203)
	org.junit.jupiter.engine.descriptor.TestMethodTestDescriptor.invokeBeforeEachCallbacks(TestMethodTestDescriptor.java:166)
	org.junit.jupiter.engine.descriptor.TestMethodTestDescriptor.execute(TestMethodTestDescriptor.java:133)
	org.junit.jupiter.engine.descriptor.TestMethodTestDescriptor.execute(TestMethodTestDescriptor.java:69)
	org.junit.platform.engine.support.hierarchical.NodeTestTask.lambda$executeRecursively$6(NodeTestTask.java:151)
	org.junit.platform.engine.support.hierarchical.ThrowableCollector.execute(ThrowableCollector.java:73)
	org.junit.platform.engine.support.hierarchical.NodeTestTask.lambda$executeRecursively$8(NodeTestTask.java:141)
	org.junit.platform.engine.support.hierarchical.Node.around(Node.java:137)
	org.junit.platform.engine.support.hierarchical.NodeTestTask.lambda$executeRecursively$9(NodeTestTask.java:139)
	org.junit.platform.engine.support.hierarchical.ThrowableCollector.execute(ThrowableCollector.java:73)
	org.junit.platform.engine.support.hierarchical.NodeTestTask.executeRecursively(NodeTestTask.java:138)
	org.junit.platform.engine.support.hierarchical.NodeTestTask.execute(NodeTestTask.java:95)
	java.base/java.util.ArrayList.forEach(ArrayList.java:1604)
	org.junit.platform.engine.support.hierarchical.SameThreadHierarchicalTestExecutorService.invokeAll(SameThreadHierarchicalTestExecutorService.java:41)
	org.junit.platform.engine.support.hierarchical.NodeTestTask.lambda$executeRecursively$6(NodeTestTask.java:155)
	org.junit.platform.engine.support.hierarchical.ThrowableCollector.execute(ThrowableCollector.java:73)
	org.junit.platform.engine.support.hierarchical.NodeTestTask.lambda$executeRecursively$8(NodeTestTask.java:141)
	org.junit.platform.engine.support.hierarchical.Node.around(Node.java:137)
	org.junit.platform.engine.support.hierarchical.NodeTestTask.lambda$executeRecursively$9(NodeTestTask.java:139)
	org.junit.platform.engine.support.hierarchical.ThrowableCollector.execute(ThrowableCollector.java:73)
	org.junit.platform.engine.support.hierarchical.NodeTestTask.executeRecursively(NodeTestTask.java:138)
	org.junit.platform.engine.support.hierarchical.NodeTestTask.execute(NodeTestTask.java:95)
	java.base/java.util.ArrayList.forEach(ArrayList.java:1604)
	org.junit.platform.engine.support.hierarchical.SameThreadHierarchicalTestExecutorService.invokeAll(SameThreadHierarchicalTestExecutorService.java:41)
	org.junit.platform.engine.support.hierarchical.NodeTestTask.lambda$executeRecursively$6(NodeTestTask.java:155)
	org.junit.platform.engine.support.hierarchical.ThrowableCollector.execute(ThrowableCollector.java:73)
	org.junit.platform.engine.support.hierarchical.NodeTestTask.lambda$executeRecursively$8(NodeTestTask.java:141)
	org.junit.platform.engine.support.hierarchical.Node.around(Node.java:137)
	org.junit.platform.engine.support.hierarchical.NodeTestTask.lambda$executeRecursively$9(NodeTestTask.java:139)
	org.junit.platform.engine.support.hierarchical.ThrowableCollector.execute(ThrowableCollector.java:73)
	org.junit.platform.engine.support.hierarchical.NodeTestTask.executeRecursively(NodeTestTask.java:138)
	org.junit.platform.engine.support.hierarchical.NodeTestTask.execute(NodeTestTask.java:95)
	org.junit.platform.engine.support.hierarchical.SameThreadHierarchicalTestExecutorService.submit(SameThreadHierarchicalTestExecutorService.java:35)
	org.junit.platform.engine.support.hierarchical.HierarchicalTestExecutor.execute(HierarchicalTestExecutor.java:57)
	org.junit.platform.engine.support.hierarchical.HierarchicalTestEngine.execute(HierarchicalTestEngine.java:54)
	org.junit.platform.launcher.core.EngineExecutionOrchestrator.execute(EngineExecutionOrchestrator.java:198)
	org.junit.platform.launcher.core.EngineExecutionOrchestrator.execute(EngineExecutionOrchestrator.java:169)
	org.junit.platform.launcher.core.EngineExecutionOrchestrator.execute(EngineExecutionOrchestrator.java:93)
	org.junit.platform.launcher.core.EngineExecutionOrchestrator.lambda$execute$0(EngineExecutionOrchestrator.java:58)
	org.junit.platform.launcher.core.EngineExecutionOrchestrator.withInterceptedStreams(EngineExecutionOrchestrator.java:141)
	org.junit.platform.launcher.core.EngineExecutionOrchestrator.execute(EngineExecutionOrchestrator.java:57)
	org.junit.platform.launcher.core.DefaultLauncher.execute(DefaultLauncher.java:103)
	org.junit.platform.launcher.core.DefaultLauncher.execute(DefaultLauncher.java:85)
	org.junit.platform.launcher.core.DelegatingLauncher.execute(DelegatingLauncher.java:47)
	org.apache.maven.surefire.junitplatform.LazyLauncher.execute(LazyLauncher.java:56)
	org.apache.maven.surefire.junitplatform.JUnitPlatformProvider.execute(JUnitPlatformProvider.java:184)
	org.apache.maven.surefire.junitplatform.JUnitPlatformProvider.invokeAllTests(JUnitPlatformProvider.java:148)
	org.apache.maven.surefire.junitplatform.JUnitPlatformProvider.invoke(JUnitPlatformProvider.java:122)
	org.apache.maven.surefire.booter.ForkedBooter.runSuitesInProcess(ForkedBooter.java:385)
	org.apache.maven.surefire.booter.ForkedBooter.execute(ForkedBooter.java:162)
	org.apache.maven.surefire.booter.ForkedBooter.run(ForkedBooter.java:507)
	org.apache.maven.surefire.booter.ForkedBooter.main(ForkedBooter.java:495)

[ERROR] Tests run: 1, Failures: 0, Errors: 1, Skipped: 0, Time elapsed: 0.250 s <<< FAILURE! -- in com.pos.system.controllers.TransactionDetailsControllerTest
[ERROR] com.pos.system.controllers.TransactionDetailsControllerTest.testTransactionDetailsLoaded(FxRobot) -- Time elapsed: 0.247 s <<< ERROR!
java.lang.RuntimeException: java.util.concurrent.ExecutionException: java.lang.reflect.InvocationTargetException
	at org.testfx.util.WaitForAsyncUtils.waitFor(WaitForAsyncUtils.java:301)
	at org.testfx.api.FxToolkit.waitForSetup(FxToolkit.java:277)
	at org.testfx.api.FxToolkit.setupApplication(FxToolkit.java:164)
	at org.testfx.framework.junit5.ApplicationExtension.beforeEach(ApplicationExtension.java:82)
	at java.base/java.util.ArrayList.forEach(ArrayList.java:1604)
	at java.base/java.util.ArrayList.forEach(ArrayList.java:1604)
Caused by: java.util.concurrent.ExecutionException: java.lang.reflect.InvocationTargetException
	at java.base/java.util.concurrent.FutureTask.report(FutureTask.java:124)
	at java.base/java.util.concurrent.FutureTask.get(FutureTask.java:193)
	at org.testfx.util.WaitForAsyncUtils$ASyncFXCallable.get(WaitForAsyncUtils.java:698)
	at org.testfx.toolkit.impl.ToolkitServiceImpl.lambda$setupApplication$6(ToolkitServiceImpl.java:131)
	at java.base/java.util.concurrent.FutureTask.run(FutureTask.java:328)
	at java.base/java.util.concurrent.Executors$RunnableAdapter.call(Executors.java:545)
	at java.base/java.util.concurrent.FutureTask.run(FutureTask.java:328)
	at java.base/java.util.concurrent.ThreadPoolExecutor.runWorker(ThreadPoolExecutor.java:1095)
	at java.base/java.util.concurrent.ThreadPoolExecutor$Worker.run(ThreadPoolExecutor.java:619)
	at java.base/java.lang.Thread.run(Thread.java:1447)
Caused by: java.lang.reflect.InvocationTargetException
	at java.base/java.lang.reflect.Method.invoke(Method.java:565)
	at org.testfx.framework.junit5.ApplicationExtension$AnnotationBasedApplicationFixture.start(ApplicationExtension.java:151)
	at org.testfx.framework.junit5.ApplicationAdapter.start(ApplicationAdapter.java:37)
	at org.testfx.toolkit.impl.ApplicationServiceImpl.lambda$start$0(ApplicationServiceImpl.java:49)
	at java.base/java.util.concurrent.FutureTask.run(FutureTask.java:328)
	at com.sun.javafx.application.PlatformImpl.lambda$runLater$10(PlatformImpl.java:456)
	at java.base/java.security.AccessController.doPrivileged(AccessController.java:138)
	at com.sun.javafx.application.PlatformImpl.lambda$runLater$11(PlatformImpl.java:455)
	at com.sun.glass.ui.InvokeLaterDispatcher$Future.run(InvokeLaterDispatcher.java:95)
	at com.sun.glass.ui.win.WinApplication._runLoop(Native Method)
	at com.sun.glass.ui.win.WinApplication.lambda$runLoop$3(WinApplication.java:185)
	... 1 more
Caused by: org.mockito.exceptions.base.MockitoException: 
For com.pos.system.dao.SaleDAO, static mocking is already registered in the current thread

To create a new mock, the existing static mock registration must be deregistered
	at com.pos.system.controllers.TransactionDetailsControllerTest.start(TransactionDetailsControllerTest.java:47)
	... 12 more

[INFO] Running com.pos.system.controllers.UsersControllerTest
09:42:28.908 [POS-HikariPool housekeeper] DEBUG com.zaxxer.hikari.pool.HikariPool -- POS-HikariPool - Before cleanup stats (total=3, active=2, idle=1, waiting=0)
09:42:28.910 [POS-HikariPool housekeeper] DEBUG com.zaxxer.hikari.pool.HikariPool -- POS-HikariPool - After cleanup  stats (total=3, active=2, idle=1, waiting=0)
09:42:28.912 [POS-HikariPool connection adder] DEBUG com.zaxxer.hikari.pool.HikariPool -- POS-HikariPool - Added connection org.sqlite.jdbc4.JDBC4Connection@6901da87
09:42:28.944 [POS-HikariPool connection adder] DEBUG com.zaxxer.hikari.pool.HikariPool -- POS-HikariPool - After adding stats (total=4, active=2, idle=2, waiting=0)
[INFO] Tests run: 2, Failures: 0, Errors: 0, Skipped: 0, Time elapsed: 6.237 s -- in com.pos.system.controllers.UsersControllerTest
[INFO] Running com.pos.system.dao.AuditLogDAOTest
09:42:29.355 [main] WARN com.pos.system.dao.AuditLogDAOTest -- Statement failed (expected for ALTER TABLE on new schema): -- Migration for existing databases
ALTER TABLE users
ADD COLUMN force_password_change BOOLEAN DEFAULT 0 - [SQLITE_ERROR] SQL error or missing database (duplicate column name: force_password_change)
09:42:29.355 [main] WARN com.pos.system.dao.AuditLogDAOTest -- Statement failed (expected for ALTER TABLE on new schema): -- Migration: Add image_path if missing (for existing databases)
ALTER TABLE products
ADD COLUMN image_path TEXT - [SQLITE_ERROR] SQL error or missing database (duplicate column name: image_path)
09:42:29.355 [main] WARN com.pos.system.dao.AuditLogDAOTest -- Statement failed (expected for ALTER TABLE on new schema): ALTER TABLE products
ADD COLUMN image_blob BLOB - [SQLITE_ERROR] SQL error or missing database (duplicate column name: image_blob)
09:42:29.358 [main] WARN com.pos.system.dao.AuditLogDAOTest -- Statement failed (expected for ALTER TABLE on new schema): -- Migrations for existing databases
ALTER TABLE sales
ADD COLUMN shift_id INTEGER - [SQLITE_ERROR] SQL error or missing database (duplicate column name: shift_id)
09:42:29.358 [main] WARN com.pos.system.dao.AuditLogDAOTest -- Statement failed (expected for ALTER TABLE on new schema): ALTER TABLE sales
ADD COLUMN subtotal REAL DEFAULT 0.0 - [SQLITE_ERROR] SQL error or missing database (duplicate column name: subtotal)
09:42:29.358 [main] WARN com.pos.system.dao.AuditLogDAOTest -- Statement failed (expected for ALTER TABLE on new schema): ALTER TABLE sales
ADD COLUMN tax_amount REAL DEFAULT 0.0 - [SQLITE_ERROR] SQL error or missing database (duplicate column name: tax_amount)
09:42:29.358 [main] WARN com.pos.system.dao.AuditLogDAOTest -- Statement failed (expected for ALTER TABLE on new schema): ALTER TABLE sales
ADD COLUMN discount_amount REAL DEFAULT 0.0 - [SQLITE_ERROR] SQL error or missing database (duplicate column name: discount_amount)
09:42:29.359 [main] WARN com.pos.system.dao.AuditLogDAOTest -- Statement failed (expected for ALTER TABLE on new schema): -- Migrations for existing databases
ALTER TABLE sale_items
ADD COLUMN discount_amount REAL DEFAULT 0.0 - [SQLITE_ERROR] SQL error or missing database (duplicate column name: discount_amount)
09:42:29.359 [main] WARN com.pos.system.dao.AuditLogDAOTest -- Statement failed (expected for ALTER TABLE on new schema): ALTER TABLE sale_items
ADD COLUMN tax_amount REAL DEFAULT 0.0 - [SQLITE_ERROR] SQL error or missing database (duplicate column name: tax_amount)
09:42:29.359 [main] INFO com.pos.system.dao.AuditLogDAOTest -- In-memory database schema initialized.
[INFO] Tests run: 1, Failures: 0, Errors: 0, Skipped: 0, Time elapsed: 0.015 s -- in com.pos.system.dao.AuditLogDAOTest
[INFO] Running com.pos.system.dao.BatchDAOTest
09:42:29.373 [main] WARN com.pos.system.dao.BatchDAOTest -- Statement failed (expected for ALTER TABLE on new schema): -- Migration for existing databases
ALTER TABLE users
ADD COLUMN force_password_change BOOLEAN DEFAULT 0 - [SQLITE_ERROR] SQL error or missing database (duplicate column name: force_password_change)
09:42:29.374 [main] WARN com.pos.system.dao.BatchDAOTest -- Statement failed (expected for ALTER TABLE on new schema): -- Migration: Add image_path if missing (for existing databases)
ALTER TABLE products
ADD COLUMN image_path TEXT - [SQLITE_ERROR] SQL error or missing database (duplicate column name: image_path)
09:42:29.374 [main] WARN com.pos.system.dao.BatchDAOTest -- Statement failed (expected for ALTER TABLE on new schema): ALTER TABLE products
ADD COLUMN image_blob BLOB - [SQLITE_ERROR] SQL error or missing database (duplicate column name: image_blob)
09:42:29.374 [main] WARN com.pos.system.dao.BatchDAOTest -- Statement failed (expected for ALTER TABLE on new schema): -- Migrations for existing databases
ALTER TABLE sales
ADD COLUMN shift_id INTEGER - [SQLITE_ERROR] SQL error or missing database (duplicate column name: shift_id)
09:42:29.374 [main] WARN com.pos.system.dao.BatchDAOTest -- Statement failed (expected for ALTER TABLE on new schema): ALTER TABLE sales
ADD COLUMN subtotal REAL DEFAULT 0.0 - [SQLITE_ERROR] SQL error or missing database (duplicate column name: subtotal)
09:42:29.376 [main] WARN com.pos.system.dao.BatchDAOTest -- Statement failed (expected for ALTER TABLE on new schema): ALTER TABLE sales
ADD COLUMN tax_amount REAL DEFAULT 0.0 - [SQLITE_ERROR] SQL error or missing database (duplicate column name: tax_amount)
09:42:29.376 [main] WARN com.pos.system.dao.BatchDAOTest -- Statement failed (expected for ALTER TABLE on new schema): ALTER TABLE sales
ADD COLUMN discount_amount REAL DEFAULT 0.0 - [SQLITE_ERROR] SQL error or missing database (duplicate column name: discount_amount)
09:42:29.376 [main] WARN com.pos.system.dao.BatchDAOTest -- Statement failed (expected for ALTER TABLE on new schema): -- Migrations for existing databases
ALTER TABLE sale_items
ADD COLUMN discount_amount REAL DEFAULT 0.0 - [SQLITE_ERROR] SQL error or missing database (duplicate column name: discount_amount)
09:42:29.376 [main] WARN com.pos.system.dao.BatchDAOTest -- Statement failed (expected for ALTER TABLE on new schema): ALTER TABLE sale_items
ADD COLUMN tax_amount REAL DEFAULT 0.0 - [SQLITE_ERROR] SQL error or missing database (duplicate column name: tax_amount)
09:42:29.379 [main] INFO com.pos.system.dao.BatchDAOTest -- In-memory database schema initialized.
09:42:29.391 [main] WARN com.pos.system.dao.BatchDAOTest -- Statement failed (expected for ALTER TABLE on new schema): -- Migration for existing databases
ALTER TABLE users
ADD COLUMN force_password_change BOOLEAN DEFAULT 0 - [SQLITE_ERROR] SQL error or missing database (duplicate column name: force_password_change)
09:42:29.392 [main] WARN com.pos.system.dao.BatchDAOTest -- Statement failed (expected for ALTER TABLE on new schema): -- Migration: Add image_path if missing (for existing databases)
ALTER TABLE products
ADD COLUMN image_path TEXT - [SQLITE_ERROR] SQL error or missing database (duplicate column name: image_path)
09:42:29.392 [main] WARN com.pos.system.dao.BatchDAOTest -- Statement failed (expected for ALTER TABLE on new schema): ALTER TABLE products
ADD COLUMN image_blob BLOB - [SQLITE_ERROR] SQL error or missing database (duplicate column name: image_blob)
09:42:29.393 [main] WARN com.pos.system.dao.BatchDAOTest -- Statement failed (expected for ALTER TABLE on new schema): -- Migrations for existing databases
ALTER TABLE sales
ADD COLUMN shift_id INTEGER - [SQLITE_ERROR] SQL error or missing database (duplicate column name: shift_id)
09:42:29.394 [main] WARN com.pos.system.dao.BatchDAOTest -- Statement failed (expected for ALTER TABLE on new schema): ALTER TABLE sales
ADD COLUMN subtotal REAL DEFAULT 0.0 - [SQLITE_ERROR] SQL error or missing database (duplicate column name: subtotal)
09:42:29.395 [main] WARN com.pos.system.dao.BatchDAOTest -- Statement failed (expected for ALTER TABLE on new schema): ALTER TABLE sales
ADD COLUMN tax_amount REAL DEFAULT 0.0 - [SQLITE_ERROR] SQL error or missing database (duplicate column name: tax_amount)
09:42:29.395 [main] WARN com.pos.system.dao.BatchDAOTest -- Statement failed (expected for ALTER TABLE on new schema): ALTER TABLE sales
ADD COLUMN discount_amount REAL DEFAULT 0.0 - [SQLITE_ERROR] SQL error or missing database (duplicate column name: discount_amount)
09:42:29.395 [main] WARN com.pos.system.dao.BatchDAOTest -- Statement failed (expected for ALTER TABLE on new schema): -- Migrations for existing databases
ALTER TABLE sale_items
ADD COLUMN discount_amount REAL DEFAULT 0.0 - [SQLITE_ERROR] SQL error or missing database (duplicate column name: discount_amount)
09:42:29.396 [main] WARN com.pos.system.dao.BatchDAOTest -- Statement failed (expected for ALTER TABLE on new schema): ALTER TABLE sale_items
ADD COLUMN tax_amount REAL DEFAULT 0.0 - [SQLITE_ERROR] SQL error or missing database (duplicate column name: tax_amount)
09:42:29.396 [main] INFO com.pos.system.dao.BatchDAOTest -- In-memory database schema initialized.
09:42:29.402 [main] WARN com.pos.system.dao.BatchDAOTest -- Statement failed (expected for ALTER TABLE on new schema): -- Migration for existing databases
ALTER TABLE users
ADD COLUMN force_password_change BOOLEAN DEFAULT 0 - [SQLITE_ERROR] SQL error or missing database (duplicate column name: force_password_change)
09:42:29.403 [main] WARN com.pos.system.dao.BatchDAOTest -- Statement failed (expected for ALTER TABLE on new schema): -- Migration: Add image_path if missing (for existing databases)
ALTER TABLE products
ADD COLUMN image_path TEXT - [SQLITE_ERROR] SQL error or missing database (duplicate column name: image_path)
09:42:29.404 [main] WARN com.pos.system.dao.BatchDAOTest -- Statement failed (expected for ALTER TABLE on new schema): ALTER TABLE products
ADD COLUMN image_blob BLOB - [SQLITE_ERROR] SQL error or missing database (duplicate column name: image_blob)
09:42:29.405 [main] WARN com.pos.system.dao.BatchDAOTest -- Statement failed (expected for ALTER TABLE on new schema): -- Migrations for existing databases
ALTER TABLE sales
ADD COLUMN shift_id INTEGER - [SQLITE_ERROR] SQL error or missing database (duplicate column name: shift_id)
09:42:29.406 [main] WARN com.pos.system.dao.BatchDAOTest -- Statement failed (expected for ALTER TABLE on new schema): ALTER TABLE sales
ADD COLUMN subtotal REAL DEFAULT 0.0 - [SQLITE_ERROR] SQL error or missing database (duplicate column name: subtotal)
09:42:29.406 [main] WARN com.pos.system.dao.BatchDAOTest -- Statement failed (expected for ALTER TABLE on new schema): ALTER TABLE sales
ADD COLUMN tax_amount REAL DEFAULT 0.0 - [SQLITE_ERROR] SQL error or missing database (duplicate column name: tax_amount)
09:42:29.406 [main] WARN com.pos.system.dao.BatchDAOTest -- Statement failed (expected for ALTER TABLE on new schema): ALTER TABLE sales
ADD COLUMN discount_amount REAL DEFAULT 0.0 - [SQLITE_ERROR] SQL error or missing database (duplicate column name: discount_amount)
09:42:29.406 [main] WARN com.pos.system.dao.BatchDAOTest -- Statement failed (expected for ALTER TABLE on new schema): -- Migrations for existing databases
ALTER TABLE sale_items
ADD COLUMN discount_amount REAL DEFAULT 0.0 - [SQLITE_ERROR] SQL error or missing database (duplicate column name: discount_amount)
09:42:29.406 [main] WARN com.pos.system.dao.BatchDAOTest -- Statement failed (expected for ALTER TABLE on new schema): ALTER TABLE sale_items
ADD COLUMN tax_amount REAL DEFAULT 0.0 - [SQLITE_ERROR] SQL error or missing database (duplicate column name: tax_amount)
09:42:29.407 [main] INFO com.pos.system.dao.BatchDAOTest -- In-memory database schema initialized.
09:42:29.413 [main] WARN com.pos.system.dao.BatchDAOTest -- Statement failed (expected for ALTER TABLE on new schema): -- Migration for existing databases
ALTER TABLE users
ADD COLUMN force_password_change BOOLEAN DEFAULT 0 - [SQLITE_ERROR] SQL error or missing database (duplicate column name: force_password_change)
09:42:29.413 [main] WARN com.pos.system.dao.BatchDAOTest -- Statement failed (expected for ALTER TABLE on new schema): -- Migration: Add image_path if missing (for existing databases)
ALTER TABLE products
ADD COLUMN image_path TEXT - [SQLITE_ERROR] SQL error or missing database (duplicate column name: image_path)
09:42:29.413 [main] WARN com.pos.system.dao.BatchDAOTest -- Statement failed (expected for ALTER TABLE on new schema): ALTER TABLE products
ADD COLUMN image_blob BLOB - [SQLITE_ERROR] SQL error or missing database (duplicate column name: image_blob)
09:42:29.414 [main] WARN com.pos.system.dao.BatchDAOTest -- Statement failed (expected for ALTER TABLE on new schema): -- Migrations for existing databases
ALTER TABLE sales
ADD COLUMN shift_id INTEGER - [SQLITE_ERROR] SQL error or missing database (duplicate column name: shift_id)
09:42:29.414 [main] WARN com.pos.system.dao.BatchDAOTest -- Statement failed (expected for ALTER TABLE on new schema): ALTER TABLE sales
ADD COLUMN subtotal REAL DEFAULT 0.0 - [SQLITE_ERROR] SQL error or missing database (duplicate column name: subtotal)
09:42:29.415 [main] WARN com.pos.system.dao.BatchDAOTest -- Statement failed (expected for ALTER TABLE on new schema): ALTER TABLE sales
ADD COLUMN tax_amount REAL DEFAULT 0.0 - [SQLITE_ERROR] SQL error or missing database (duplicate column name: tax_amount)
09:42:29.415 [main] WARN com.pos.system.dao.BatchDAOTest -- Statement failed (expected for ALTER TABLE on new schema): ALTER TABLE sales
ADD COLUMN discount_amount REAL DEFAULT 0.0 - [SQLITE_ERROR] SQL error or missing database (duplicate column name: discount_amount)
09:42:29.415 [main] WARN com.pos.system.dao.BatchDAOTest -- Statement failed (expected for ALTER TABLE on new schema): -- Migrations for existing databases
ALTER TABLE sale_items
ADD COLUMN discount_amount REAL DEFAULT 0.0 - [SQLITE_ERROR] SQL error or missing database (duplicate column name: discount_amount)
09:42:29.415 [main] WARN com.pos.system.dao.BatchDAOTest -- Statement failed (expected for ALTER TABLE on new schema): ALTER TABLE sale_items
ADD COLUMN tax_amount REAL DEFAULT 0.0 - [SQLITE_ERROR] SQL error or missing database (duplicate column name: tax_amount)
09:42:29.415 [main] INFO com.pos.system.dao.BatchDAOTest -- In-memory database schema initialized.
[INFO] Tests run: 4, Failures: 0, Errors: 0, Skipped: 0, Time elapsed: 0.050 s -- in com.pos.system.dao.BatchDAOTest
[INFO] Running com.pos.system.dao.CashDrawerTransactionDAOTest
09:42:29.422 [main] WARN com.pos.system.dao.CashDrawerTransactionDAOTest -- Statement failed (expected for ALTER TABLE on new schema): -- Migration for existing databases
ALTER TABLE users
ADD COLUMN force_password_change BOOLEAN DEFAULT 0 - [SQLITE_ERROR] SQL error or missing database (duplicate column name: force_password_change)
09:42:29.424 [main] WARN com.pos.system.dao.CashDrawerTransactionDAOTest -- Statement failed (expected for ALTER TABLE on new schema): -- Migration: Add image_path if missing (for existing databases)
ALTER TABLE products
ADD COLUMN image_path TEXT - [SQLITE_ERROR] SQL error or missing database (duplicate column name: image_path)
09:42:29.424 [main] WARN com.pos.system.dao.CashDrawerTransactionDAOTest -- Statement failed (expected for ALTER TABLE on new schema): ALTER TABLE products
ADD COLUMN image_blob BLOB - [SQLITE_ERROR] SQL error or missing database (duplicate column name: image_blob)
09:42:29.424 [main] WARN com.pos.system.dao.CashDrawerTransactionDAOTest -- Statement failed (expected for ALTER TABLE on new schema): -- Migrations for existing databases
ALTER TABLE sales
ADD COLUMN shift_id INTEGER - [SQLITE_ERROR] SQL error or missing database (duplicate column name: shift_id)
09:42:29.424 [main] WARN com.pos.system.dao.CashDrawerTransactionDAOTest -- Statement failed (expected for ALTER TABLE on new schema): ALTER TABLE sales
ADD COLUMN subtotal REAL DEFAULT 0.0 - [SQLITE_ERROR] SQL error or missing database (duplicate column name: subtotal)
09:42:29.424 [main] WARN com.pos.system.dao.CashDrawerTransactionDAOTest -- Statement failed (expected for ALTER TABLE on new schema): ALTER TABLE sales
ADD COLUMN tax_amount REAL DEFAULT 0.0 - [SQLITE_ERROR] SQL error or missing database (duplicate column name: tax_amount)
09:42:29.424 [main] WARN com.pos.system.dao.CashDrawerTransactionDAOTest -- Statement failed (expected for ALTER TABLE on new schema): ALTER TABLE sales
ADD COLUMN discount_amount REAL DEFAULT 0.0 - [SQLITE_ERROR] SQL error or missing database (duplicate column name: discount_amount)
09:42:29.425 [main] WARN com.pos.system.dao.CashDrawerTransactionDAOTest -- Statement failed (expected for ALTER TABLE on new schema): -- Migrations for existing databases
ALTER TABLE sale_items
ADD COLUMN discount_amount REAL DEFAULT 0.0 - [SQLITE_ERROR] SQL error or missing database (duplicate column name: discount_amount)
09:42:29.425 [main] WARN com.pos.system.dao.CashDrawerTransactionDAOTest -- Statement failed (expected for ALTER TABLE on new schema): ALTER TABLE sale_items
ADD COLUMN tax_amount REAL DEFAULT 0.0 - [SQLITE_ERROR] SQL error or missing database (duplicate column name: tax_amount)
09:42:29.426 [main] INFO com.pos.system.dao.CashDrawerTransactionDAOTest -- In-memory database schema initialized.
[INFO] Tests run: 1, Failures: 0, Errors: 0, Skipped: 0, Time elapsed: 0.009 s -- in com.pos.system.dao.CashDrawerTransactionDAOTest
[INFO] Running com.pos.system.dao.CategoryDAOTest
09:42:29.432 [main] WARN com.pos.system.dao.CategoryDAOTest -- Statement failed (expected for ALTER TABLE on new schema): -- Migration for existing databases
ALTER TABLE users
ADD COLUMN force_password_change BOOLEAN DEFAULT 0 - [SQLITE_ERROR] SQL error or missing database (duplicate column name: force_password_change)
09:42:29.433 [main] WARN com.pos.system.dao.CategoryDAOTest -- Statement failed (expected for ALTER TABLE on new schema): -- Migration: Add image_path if missing (for existing databases)
ALTER TABLE products
ADD COLUMN image_path TEXT - [SQLITE_ERROR] SQL error or missing database (duplicate column name: image_path)
09:42:29.433 [main] WARN com.pos.system.dao.CategoryDAOTest -- Statement failed (expected for ALTER TABLE on new schema): ALTER TABLE products
ADD COLUMN image_blob BLOB - [SQLITE_ERROR] SQL error or missing database (duplicate column name: image_blob)
09:42:29.433 [main] WARN com.pos.system.dao.CategoryDAOTest -- Statement failed (expected for ALTER TABLE on new schema): -- Migrations for existing databases
ALTER TABLE sales
ADD COLUMN shift_id INTEGER - [SQLITE_ERROR] SQL error or missing database (duplicate column name: shift_id)
09:42:29.433 [main] WARN com.pos.system.dao.CategoryDAOTest -- Statement failed (expected for ALTER TABLE on new schema): ALTER TABLE sales
ADD COLUMN subtotal REAL DEFAULT 0.0 - [SQLITE_ERROR] SQL error or missing database (duplicate column name: subtotal)
09:42:29.433 [main] WARN com.pos.system.dao.CategoryDAOTest -- Statement failed (expected for ALTER TABLE on new schema): ALTER TABLE sales
ADD COLUMN tax_amount REAL DEFAULT 0.0 - [SQLITE_ERROR] SQL error or missing database (duplicate column name: tax_amount)
09:42:29.433 [main] WARN com.pos.system.dao.CategoryDAOTest -- Statement failed (expected for ALTER TABLE on new schema): ALTER TABLE sales
ADD COLUMN discount_amount REAL DEFAULT 0.0 - [SQLITE_ERROR] SQL error or missing database (duplicate column name: discount_amount)
09:42:29.434 [main] WARN com.pos.system.dao.CategoryDAOTest -- Statement failed (expected for ALTER TABLE on new schema): -- Migrations for existing databases
ALTER TABLE sale_items
ADD COLUMN discount_amount REAL DEFAULT 0.0 - [SQLITE_ERROR] SQL error or missing database (duplicate column name: discount_amount)
09:42:29.434 [main] WARN com.pos.system.dao.CategoryDAOTest -- Statement failed (expected for ALTER TABLE on new schema): ALTER TABLE sale_items
ADD COLUMN tax_amount REAL DEFAULT 0.0 - [SQLITE_ERROR] SQL error or missing database (duplicate column name: tax_amount)
09:42:29.434 [main] INFO com.pos.system.dao.CategoryDAOTest -- In-memory database schema initialized.
09:42:29.438 [main] WARN com.pos.system.dao.CategoryDAOTest -- Statement failed (expected for ALTER TABLE on new schema): -- Migration for existing databases
ALTER TABLE users
ADD COLUMN force_password_change BOOLEAN DEFAULT 0 - [SQLITE_ERROR] SQL error or missing database (duplicate column name: force_password_change)
09:42:29.439 [main] WARN com.pos.system.dao.CategoryDAOTest -- Statement failed (expected for ALTER TABLE on new schema): -- Migration: Add image_path if missing (for existing databases)
ALTER TABLE products
ADD COLUMN image_path TEXT - [SQLITE_ERROR] SQL error or missing database (duplicate column name: image_path)
09:42:29.439 [main] WARN com.pos.system.dao.CategoryDAOTest -- Statement failed (expected for ALTER TABLE on new schema): ALTER TABLE products
ADD COLUMN image_blob BLOB - [SQLITE_ERROR] SQL error or missing database (duplicate column name: image_blob)
09:42:29.439 [main] WARN com.pos.system.dao.CategoryDAOTest -- Statement failed (expected for ALTER TABLE on new schema): -- Migrations for existing databases
ALTER TABLE sales
ADD COLUMN shift_id INTEGER - [SQLITE_ERROR] SQL error or missing database (duplicate column name: shift_id)
09:42:29.439 [main] WARN com.pos.system.dao.CategoryDAOTest -- Statement failed (expected for ALTER TABLE on new schema): ALTER TABLE sales
ADD COLUMN subtotal REAL DEFAULT 0.0 - [SQLITE_ERROR] SQL error or missing database (duplicate column name: subtotal)
09:42:29.439 [main] WARN com.pos.system.dao.CategoryDAOTest -- Statement failed (expected for ALTER TABLE on new schema): ALTER TABLE sales
ADD COLUMN tax_amount REAL DEFAULT 0.0 - [SQLITE_ERROR] SQL error or missing database (duplicate column name: tax_amount)
09:42:29.440 [main] WARN com.pos.system.dao.CategoryDAOTest -- Statement failed (expected for ALTER TABLE on new schema): ALTER TABLE sales
ADD COLUMN discount_amount REAL DEFAULT 0.0 - [SQLITE_ERROR] SQL error or missing database (duplicate column name: discount_amount)
09:42:29.440 [main] WARN com.pos.system.dao.CategoryDAOTest -- Statement failed (expected for ALTER TABLE on new schema): -- Migrations for existing databases
ALTER TABLE sale_items
ADD COLUMN discount_amount REAL DEFAULT 0.0 - [SQLITE_ERROR] SQL error or missing database (duplicate column name: discount_amount)
09:42:29.441 [main] WARN com.pos.system.dao.CategoryDAOTest -- Statement failed (expected for ALTER TABLE on new schema): ALTER TABLE sale_items
ADD COLUMN tax_amount REAL DEFAULT 0.0 - [SQLITE_ERROR] SQL error or missing database (duplicate column name: tax_amount)
09:42:29.441 [main] INFO com.pos.system.dao.CategoryDAOTest -- In-memory database schema initialized.
09:42:29.444 [main] WARN com.pos.system.dao.CategoryDAOTest -- Statement failed (expected for ALTER TABLE on new schema): -- Migration for existing databases
ALTER TABLE users
ADD COLUMN force_password_change BOOLEAN DEFAULT 0 - [SQLITE_ERROR] SQL error or missing database (duplicate column name: force_password_change)
09:42:29.445 [main] WARN com.pos.system.dao.CategoryDAOTest -- Statement failed (expected for ALTER TABLE on new schema): -- Migration: Add image_path if missing (for existing databases)
ALTER TABLE products
ADD COLUMN image_path TEXT - [SQLITE_ERROR] SQL error or missing database (duplicate column name: image_path)
09:42:29.445 [main] WARN com.pos.system.dao.CategoryDAOTest -- Statement failed (expected for ALTER TABLE on new schema): ALTER TABLE products
ADD COLUMN image_blob BLOB - [SQLITE_ERROR] SQL error or missing database (duplicate column name: image_blob)
09:42:29.446 [main] WARN com.pos.system.dao.CategoryDAOTest -- Statement failed (expected for ALTER TABLE on new schema): -- Migrations for existing databases
ALTER TABLE sales
ADD COLUMN shift_id INTEGER - [SQLITE_ERROR] SQL error or missing database (duplicate column name: shift_id)
09:42:29.446 [main] WARN com.pos.system.dao.CategoryDAOTest -- Statement failed (expected for ALTER TABLE on new schema): ALTER TABLE sales
ADD COLUMN subtotal REAL DEFAULT 0.0 - [SQLITE_ERROR] SQL error or missing database (duplicate column name: subtotal)
09:42:29.446 [main] WARN com.pos.system.dao.CategoryDAOTest -- Statement failed (expected for ALTER TABLE on new schema): ALTER TABLE sales
ADD COLUMN tax_amount REAL DEFAULT 0.0 - [SQLITE_ERROR] SQL error or missing database (duplicate column name: tax_amount)
09:42:29.446 [main] WARN com.pos.system.dao.CategoryDAOTest -- Statement failed (expected for ALTER TABLE on new schema): ALTER TABLE sales
ADD COLUMN discount_amount REAL DEFAULT 0.0 - [SQLITE_ERROR] SQL error or missing database (duplicate column name: discount_amount)
09:42:29.446 [main] WARN com.pos.system.dao.CategoryDAOTest -- Statement failed (expected for ALTER TABLE on new schema): -- Migrations for existing databases
ALTER TABLE sale_items
ADD COLUMN discount_amount REAL DEFAULT 0.0 - [SQLITE_ERROR] SQL error or missing database (duplicate column name: discount_amount)
09:42:29.446 [main] WARN com.pos.system.dao.CategoryDAOTest -- Statement failed (expected for ALTER TABLE on new schema): ALTER TABLE sale_items
ADD COLUMN tax_amount REAL DEFAULT 0.0 - [SQLITE_ERROR] SQL error or missing database (duplicate column name: tax_amount)
09:42:29.448 [main] INFO com.pos.system.dao.CategoryDAOTest -- In-memory database schema initialized.
[INFO] Tests run: 3, Failures: 0, Errors: 0, Skipped: 0, Time elapsed: 0.020 s -- in com.pos.system.dao.CategoryDAOTest
[INFO] Running com.pos.system.dao.ExpenseDAOTest
09:42:29.452 [main] WARN com.pos.system.dao.ExpenseDAOTest -- Statement failed (expected for ALTER TABLE on new schema): -- Migration for existing databases
ALTER TABLE users
ADD COLUMN force_password_change BOOLEAN DEFAULT 0 - [SQLITE_ERROR] SQL error or missing database (duplicate column name: force_password_change)
09:42:29.454 [main] WARN com.pos.system.dao.ExpenseDAOTest -- Statement failed (expected for ALTER TABLE on new schema): -- Migration: Add image_path if missing (for existing databases)
ALTER TABLE products
ADD COLUMN image_path TEXT - [SQLITE_ERROR] SQL error or missing database (duplicate column name: image_path)
09:42:29.454 [main] WARN com.pos.system.dao.ExpenseDAOTest -- Statement failed (expected for ALTER TABLE on new schema): ALTER TABLE products
ADD COLUMN image_blob BLOB - [SQLITE_ERROR] SQL error or missing database (duplicate column name: image_blob)
09:42:29.454 [main] WARN com.pos.system.dao.ExpenseDAOTest -- Statement failed (expected for ALTER TABLE on new schema): -- Migrations for existing databases
ALTER TABLE sales
ADD COLUMN shift_id INTEGER - [SQLITE_ERROR] SQL error or missing database (duplicate column name: shift_id)
09:42:29.454 [main] WARN com.pos.system.dao.ExpenseDAOTest -- Statement failed (expected for ALTER TABLE on new schema): ALTER TABLE sales
ADD COLUMN subtotal REAL DEFAULT 0.0 - [SQLITE_ERROR] SQL error or missing database (duplicate column name: subtotal)
09:42:29.454 [main] WARN com.pos.system.dao.ExpenseDAOTest -- Statement failed (expected for ALTER TABLE on new schema): ALTER TABLE sales
ADD COLUMN tax_amount REAL DEFAULT 0.0 - [SQLITE_ERROR] SQL error or missing database (duplicate column name: tax_amount)
09:42:29.454 [main] WARN com.pos.system.dao.ExpenseDAOTest -- Statement failed (expected for ALTER TABLE on new schema): ALTER TABLE sales
ADD COLUMN discount_amount REAL DEFAULT 0.0 - [SQLITE_ERROR] SQL error or missing database (duplicate column name: discount_amount)
09:42:29.455 [main] WARN com.pos.system.dao.ExpenseDAOTest -- Statement failed (expected for ALTER TABLE on new schema): -- Migrations for existing databases
ALTER TABLE sale_items
ADD COLUMN discount_amount REAL DEFAULT 0.0 - [SQLITE_ERROR] SQL error or missing database (duplicate column name: discount_amount)
09:42:29.455 [main] WARN com.pos.system.dao.ExpenseDAOTest -- Statement failed (expected for ALTER TABLE on new schema): ALTER TABLE sale_items
ADD COLUMN tax_amount REAL DEFAULT 0.0 - [SQLITE_ERROR] SQL error or missing database (duplicate column name: tax_amount)
09:42:29.456 [main] INFO com.pos.system.dao.ExpenseDAOTest -- In-memory database schema initialized.
[INFO] Tests run: 1, Failures: 0, Errors: 0, Skipped: 0, Time elapsed: 0.008 s -- in com.pos.system.dao.ExpenseDAOTest
[INFO] Running com.pos.system.dao.InventoryTransactionDAOTest
09:42:29.461 [main] WARN com.pos.system.dao.InventoryTransactionDAOTest -- Statement failed (expected for ALTER TABLE on new schema): -- Migration for existing databases
ALTER TABLE users
ADD COLUMN force_password_change BOOLEAN DEFAULT 0 - [SQLITE_ERROR] SQL error or missing database (duplicate column name: force_password_change)
09:42:29.461 [main] WARN com.pos.system.dao.InventoryTransactionDAOTest -- Statement failed (expected for ALTER TABLE on new schema): -- Migration: Add image_path if missing (for existing databases)
ALTER TABLE products
ADD COLUMN image_path TEXT - [SQLITE_ERROR] SQL error or missing database (duplicate column name: image_path)
09:42:29.462 [main] WARN com.pos.system.dao.InventoryTransactionDAOTest -- Statement failed (expected for ALTER TABLE on new schema): ALTER TABLE products
ADD COLUMN image_blob BLOB - [SQLITE_ERROR] SQL error or missing database (duplicate column name: image_blob)
09:42:29.462 [main] WARN com.pos.system.dao.InventoryTransactionDAOTest -- Statement failed (expected for ALTER TABLE on new schema): -- Migrations for existing databases
ALTER TABLE sales
ADD COLUMN shift_id INTEGER - [SQLITE_ERROR] SQL error or missing database (duplicate column name: shift_id)
09:42:29.462 [main] WARN com.pos.system.dao.InventoryTransactionDAOTest -- Statement failed (expected for ALTER TABLE on new schema): ALTER TABLE sales
ADD COLUMN subtotal REAL DEFAULT 0.0 - [SQLITE_ERROR] SQL error or missing database (duplicate column name: subtotal)
09:42:29.462 [main] WARN com.pos.system.dao.InventoryTransactionDAOTest -- Statement failed (expected for ALTER TABLE on new schema): ALTER TABLE sales
ADD COLUMN tax_amount REAL DEFAULT 0.0 - [SQLITE_ERROR] SQL error or missing database (duplicate column name: tax_amount)
09:42:29.462 [main] WARN com.pos.system.dao.InventoryTransactionDAOTest -- Statement failed (expected for ALTER TABLE on new schema): ALTER TABLE sales
ADD COLUMN discount_amount REAL DEFAULT 0.0 - [SQLITE_ERROR] SQL error or missing database (duplicate column name: discount_amount)
09:42:29.463 [main] WARN com.pos.system.dao.InventoryTransactionDAOTest -- Statement failed (expected for ALTER TABLE on new schema): -- Migrations for existing databases
ALTER TABLE sale_items
ADD COLUMN discount_amount REAL DEFAULT 0.0 - [SQLITE_ERROR] SQL error or missing database (duplicate column name: discount_amount)
09:42:29.463 [main] WARN com.pos.system.dao.InventoryTransactionDAOTest -- Statement failed (expected for ALTER TABLE on new schema): ALTER TABLE sale_items
ADD COLUMN tax_amount REAL DEFAULT 0.0 - [SQLITE_ERROR] SQL error or missing database (duplicate column name: tax_amount)
09:42:29.463 [main] INFO com.pos.system.dao.InventoryTransactionDAOTest -- In-memory database schema initialized.
09:42:29.469 [main] WARN com.pos.system.dao.InventoryTransactionDAOTest -- Statement failed (expected for ALTER TABLE on new schema): -- Migration for existing databases
ALTER TABLE users
ADD COLUMN force_password_change BOOLEAN DEFAULT 0 - [SQLITE_ERROR] SQL error or missing database (duplicate column name: force_password_change)
09:42:29.470 [main] WARN com.pos.system.dao.InventoryTransactionDAOTest -- Statement failed (expected for ALTER TABLE on new schema): -- Migration: Add image_path if missing (for existing databases)
ALTER TABLE products
ADD COLUMN image_path TEXT - [SQLITE_ERROR] SQL error or missing database (duplicate column name: image_path)
09:42:29.470 [main] WARN com.pos.system.dao.InventoryTransactionDAOTest -- Statement failed (expected for ALTER TABLE on new schema): ALTER TABLE products
ADD COLUMN image_blob BLOB - [SQLITE_ERROR] SQL error or missing database (duplicate column name: image_blob)
09:42:29.471 [main] WARN com.pos.system.dao.InventoryTransactionDAOTest -- Statement failed (expected for ALTER TABLE on new schema): -- Migrations for existing databases
ALTER TABLE sales
ADD COLUMN shift_id INTEGER - [SQLITE_ERROR] SQL error or missing database (duplicate column name: shift_id)
09:42:29.471 [main] WARN com.pos.system.dao.InventoryTransactionDAOTest -- Statement failed (expected for ALTER TABLE on new schema): ALTER TABLE sales
ADD COLUMN subtotal REAL DEFAULT 0.0 - [SQLITE_ERROR] SQL error or missing database (duplicate column name: subtotal)
09:42:29.471 [main] WARN com.pos.system.dao.InventoryTransactionDAOTest -- Statement failed (expected for ALTER TABLE on new schema): ALTER TABLE sales
ADD COLUMN tax_amount REAL DEFAULT 0.0 - [SQLITE_ERROR] SQL error or missing database (duplicate column name: tax_amount)
09:42:29.471 [main] WARN com.pos.system.dao.InventoryTransactionDAOTest -- Statement failed (expected for ALTER TABLE on new schema): ALTER TABLE sales
ADD COLUMN discount_amount REAL DEFAULT 0.0 - [SQLITE_ERROR] SQL error or missing database (duplicate column name: discount_amount)
09:42:29.471 [main] WARN com.pos.system.dao.InventoryTransactionDAOTest -- Statement failed (expected for ALTER TABLE on new schema): -- Migrations for existing databases
ALTER TABLE sale_items
ADD COLUMN discount_amount REAL DEFAULT 0.0 - [SQLITE_ERROR] SQL error or missing database (duplicate column name: discount_amount)
09:42:29.471 [main] WARN com.pos.system.dao.InventoryTransactionDAOTest -- Statement failed (expected for ALTER TABLE on new schema): ALTER TABLE sale_items
ADD COLUMN tax_amount REAL DEFAULT 0.0 - [SQLITE_ERROR] SQL error or missing database (duplicate column name: tax_amount)
09:42:29.472 [main] INFO com.pos.system.dao.InventoryTransactionDAOTest -- In-memory database schema initialized.
09:42:29.475 [main] WARN com.pos.system.dao.InventoryTransactionDAOTest -- Statement failed (expected for ALTER TABLE on new schema): -- Migration for existing databases
ALTER TABLE users
ADD COLUMN force_password_change BOOLEAN DEFAULT 0 - [SQLITE_ERROR] SQL error or missing database (duplicate column name: force_password_change)
09:42:29.476 [main] WARN com.pos.system.dao.InventoryTransactionDAOTest -- Statement failed (expected for ALTER TABLE on new schema): -- Migration: Add image_path if missing (for existing databases)
ALTER TABLE products
ADD COLUMN image_path TEXT - [SQLITE_ERROR] SQL error or missing database (duplicate column name: image_path)
09:42:29.476 [main] WARN com.pos.system.dao.InventoryTransactionDAOTest -- Statement failed (expected for ALTER TABLE on new schema): ALTER TABLE products
ADD COLUMN image_blob BLOB - [SQLITE_ERROR] SQL error or missing database (duplicate column name: image_blob)
09:42:29.476 [main] WARN com.pos.system.dao.InventoryTransactionDAOTest -- Statement failed (expected for ALTER TABLE on new schema): -- Migrations for existing databases
ALTER TABLE sales
ADD COLUMN shift_id INTEGER - [SQLITE_ERROR] SQL error or missing database (duplicate column name: shift_id)
09:42:29.476 [main] WARN com.pos.system.dao.InventoryTransactionDAOTest -- Statement failed (expected for ALTER TABLE on new schema): ALTER TABLE sales
ADD COLUMN subtotal REAL DEFAULT 0.0 - [SQLITE_ERROR] SQL error or missing database (duplicate column name: subtotal)
09:42:29.476 [main] WARN com.pos.system.dao.InventoryTransactionDAOTest -- Statement failed (expected for ALTER TABLE on new schema): ALTER TABLE sales
ADD COLUMN tax_amount REAL DEFAULT 0.0 - [SQLITE_ERROR] SQL error or missing database (duplicate column name: tax_amount)
09:42:29.476 [main] WARN com.pos.system.dao.InventoryTransactionDAOTest -- Statement failed (expected for ALTER TABLE on new schema): ALTER TABLE sales
ADD COLUMN discount_amount REAL DEFAULT 0.0 - [SQLITE_ERROR] SQL error or missing database (duplicate column name: discount_amount)
09:42:29.476 [main] WARN com.pos.system.dao.InventoryTransactionDAOTest -- Statement failed (expected for ALTER TABLE on new schema): -- Migrations for existing databases
ALTER TABLE sale_items
ADD COLUMN discount_amount REAL DEFAULT 0.0 - [SQLITE_ERROR] SQL error or missing database (duplicate column name: discount_amount)
09:42:29.476 [main] WARN com.pos.system.dao.InventoryTransactionDAOTest -- Statement failed (expected for ALTER TABLE on new schema): ALTER TABLE sale_items
ADD COLUMN tax_amount REAL DEFAULT 0.0 - [SQLITE_ERROR] SQL error or missing database (duplicate column name: tax_amount)
09:42:29.478 [main] INFO com.pos.system.dao.InventoryTransactionDAOTest -- In-memory database schema initialized.
[INFO] Tests run: 3, Failures: 0, Errors: 0, Skipped: 0, Time elapsed: 0.020 s -- in com.pos.system.dao.InventoryTransactionDAOTest
[INFO] Running com.pos.system.dao.ProductDAOTest
09:42:29.483 [main] WARN com.pos.system.dao.ProductDAOTest -- Statement failed (expected for ALTER TABLE on new schema): -- Migration for existing databases
ALTER TABLE users
ADD COLUMN force_password_change BOOLEAN DEFAULT 0 - [SQLITE_ERROR] SQL error or missing database (duplicate column name: force_password_change)
09:42:29.483 [main] WARN com.pos.system.dao.ProductDAOTest -- Statement failed (expected for ALTER TABLE on new schema): -- Migration: Add image_path if missing (for existing databases)
ALTER TABLE products
ADD COLUMN image_path TEXT - [SQLITE_ERROR] SQL error or missing database (duplicate column name: image_path)
09:42:29.483 [main] WARN com.pos.system.dao.ProductDAOTest -- Statement failed (expected for ALTER TABLE on new schema): ALTER TABLE products
ADD COLUMN image_blob BLOB - [SQLITE_ERROR] SQL error or missing database (duplicate column name: image_blob)
09:42:29.484 [main] WARN com.pos.system.dao.ProductDAOTest -- Statement failed (expected for ALTER TABLE on new schema): -- Migrations for existing databases
ALTER TABLE sales
ADD COLUMN shift_id INTEGER - [SQLITE_ERROR] SQL error or missing database (duplicate column name: shift_id)
09:42:29.484 [main] WARN com.pos.system.dao.ProductDAOTest -- Statement failed (expected for ALTER TABLE on new schema): ALTER TABLE sales
ADD COLUMN subtotal REAL DEFAULT 0.0 - [SQLITE_ERROR] SQL error or missing database (duplicate column name: subtotal)
09:42:29.484 [main] WARN com.pos.system.dao.ProductDAOTest -- Statement failed (expected for ALTER TABLE on new schema): ALTER TABLE sales
ADD COLUMN tax_amount REAL DEFAULT 0.0 - [SQLITE_ERROR] SQL error or missing database (duplicate column name: tax_amount)
09:42:29.484 [main] WARN com.pos.system.dao.ProductDAOTest -- Statement failed (expected for ALTER TABLE on new schema): ALTER TABLE sales
ADD COLUMN discount_amount REAL DEFAULT 0.0 - [SQLITE_ERROR] SQL error or missing database (duplicate column name: discount_amount)
09:42:29.484 [main] WARN com.pos.system.dao.ProductDAOTest -- Statement failed (expected for ALTER TABLE on new schema): -- Migrations for existing databases
ALTER TABLE sale_items
ADD COLUMN discount_amount REAL DEFAULT 0.0 - [SQLITE_ERROR] SQL error or missing database (duplicate column name: discount_amount)
09:42:29.484 [main] WARN com.pos.system.dao.ProductDAOTest -- Statement failed (expected for ALTER TABLE on new schema): ALTER TABLE sale_items
ADD COLUMN tax_amount REAL DEFAULT 0.0 - [SQLITE_ERROR] SQL error or missing database (duplicate column name: tax_amount)
09:42:29.485 [main] INFO com.pos.system.dao.ProductDAOTest -- In-memory database schema initialized.
09:42:29.488 [main] WARN com.pos.system.dao.ProductDAOTest -- Statement failed (expected for ALTER TABLE on new schema): -- Migration for existing databases
ALTER TABLE users
ADD COLUMN force_password_change BOOLEAN DEFAULT 0 - [SQLITE_ERROR] SQL error or missing database (duplicate column name: force_password_change)
09:42:29.489 [main] WARN com.pos.system.dao.ProductDAOTest -- Statement failed (expected for ALTER TABLE on new schema): -- Migration: Add image_path if missing (for existing databases)
ALTER TABLE products
ADD COLUMN image_path TEXT - [SQLITE_ERROR] SQL error or missing database (duplicate column name: image_path)
09:42:29.489 [main] WARN com.pos.system.dao.ProductDAOTest -- Statement failed (expected for ALTER TABLE on new schema): ALTER TABLE products
ADD COLUMN image_blob BLOB - [SQLITE_ERROR] SQL error or missing database (duplicate column name: image_blob)
09:42:29.489 [main] WARN com.pos.system.dao.ProductDAOTest -- Statement failed (expected for ALTER TABLE on new schema): -- Migrations for existing databases
ALTER TABLE sales
ADD COLUMN shift_id INTEGER - [SQLITE_ERROR] SQL error or missing database (duplicate column name: shift_id)
09:42:29.489 [main] WARN com.pos.system.dao.ProductDAOTest -- Statement failed (expected for ALTER TABLE on new schema): ALTER TABLE sales
ADD COLUMN subtotal REAL DEFAULT 0.0 - [SQLITE_ERROR] SQL error or missing database (duplicate column name: subtotal)
09:42:29.489 [main] WARN com.pos.system.dao.ProductDAOTest -- Statement failed (expected for ALTER TABLE on new schema): ALTER TABLE sales
ADD COLUMN tax_amount REAL DEFAULT 0.0 - [SQLITE_ERROR] SQL error or missing database (duplicate column name: tax_amount)
09:42:29.489 [main] WARN com.pos.system.dao.ProductDAOTest -- Statement failed (expected for ALTER TABLE on new schema): ALTER TABLE sales
ADD COLUMN discount_amount REAL DEFAULT 0.0 - [SQLITE_ERROR] SQL error or missing database (duplicate column name: discount_amount)
09:42:29.489 [main] WARN com.pos.system.dao.ProductDAOTest -- Statement failed (expected for ALTER TABLE on new schema): -- Migrations for existing databases
ALTER TABLE sale_items
ADD COLUMN discount_amount REAL DEFAULT 0.0 - [SQLITE_ERROR] SQL error or missing database (duplicate column name: discount_amount)
09:42:29.489 [main] WARN com.pos.system.dao.ProductDAOTest -- Statement failed (expected for ALTER TABLE on new schema): ALTER TABLE sale_items
ADD COLUMN tax_amount REAL DEFAULT 0.0 - [SQLITE_ERROR] SQL error or missing database (duplicate column name: tax_amount)
09:42:29.489 [main] INFO com.pos.system.dao.ProductDAOTest -- In-memory database schema initialized.
09:42:29.493 [main] WARN com.pos.system.dao.ProductDAOTest -- Statement failed (expected for ALTER TABLE on new schema): -- Migration for existing databases
ALTER TABLE users
ADD COLUMN force_password_change BOOLEAN DEFAULT 0 - [SQLITE_ERROR] SQL error or missing database (duplicate column name: force_password_change)
09:42:29.493 [main] WARN com.pos.system.dao.ProductDAOTest -- Statement failed (expected for ALTER TABLE on new schema): -- Migration: Add image_path if missing (for existing databases)
ALTER TABLE products
ADD COLUMN image_path TEXT - [SQLITE_ERROR] SQL error or missing database (duplicate column name: image_path)
09:42:29.493 [main] WARN com.pos.system.dao.ProductDAOTest -- Statement failed (expected for ALTER TABLE on new schema): ALTER TABLE products
ADD COLUMN image_blob BLOB - [SQLITE_ERROR] SQL error or missing database (duplicate column name: image_blob)
09:42:29.494 [main] WARN com.pos.system.dao.ProductDAOTest -- Statement failed (expected for ALTER TABLE on new schema): -- Migrations for existing databases
ALTER TABLE sales
ADD COLUMN shift_id INTEGER - [SQLITE_ERROR] SQL error or missing database (duplicate column name: shift_id)
09:42:29.494 [main] WARN com.pos.system.dao.ProductDAOTest -- Statement failed (expected for ALTER TABLE on new schema): ALTER TABLE sales
ADD COLUMN subtotal REAL DEFAULT 0.0 - [SQLITE_ERROR] SQL error or missing database (duplicate column name: subtotal)
09:42:29.494 [main] WARN com.pos.system.dao.ProductDAOTest -- Statement failed (expected for ALTER TABLE on new schema): ALTER TABLE sales
ADD COLUMN tax_amount REAL DEFAULT 0.0 - [SQLITE_ERROR] SQL error or missing database (duplicate column name: tax_amount)
09:42:29.494 [main] WARN com.pos.system.dao.ProductDAOTest -- Statement failed (expected for ALTER TABLE on new schema): ALTER TABLE sales
ADD COLUMN discount_amount REAL DEFAULT 0.0 - [SQLITE_ERROR] SQL error or missing database (duplicate column name: discount_amount)
09:42:29.495 [main] WARN com.pos.system.dao.ProductDAOTest -- Statement failed (expected for ALTER TABLE on new schema): -- Migrations for existing databases
ALTER TABLE sale_items
ADD COLUMN discount_amount REAL DEFAULT 0.0 - [SQLITE_ERROR] SQL error or missing database (duplicate column name: discount_amount)
09:42:29.495 [main] WARN com.pos.system.dao.ProductDAOTest -- Statement failed (expected for ALTER TABLE on new schema): ALTER TABLE sale_items
ADD COLUMN tax_amount REAL DEFAULT 0.0 - [SQLITE_ERROR] SQL error or missing database (duplicate column name: tax_amount)
09:42:29.496 [main] INFO com.pos.system.dao.ProductDAOTest -- In-memory database schema initialized.
09:42:29.510 [main] WARN com.pos.system.dao.ProductDAOTest -- Statement failed (expected for ALTER TABLE on new schema): -- Migration for existing databases
ALTER TABLE users
ADD COLUMN force_password_change BOOLEAN DEFAULT 0 - [SQLITE_ERROR] SQL error or missing database (duplicate column name: force_password_change)
09:42:29.511 [main] WARN com.pos.system.dao.ProductDAOTest -- Statement failed (expected for ALTER TABLE on new schema): -- Migration: Add image_path if missing (for existing databases)
ALTER TABLE products
ADD COLUMN image_path TEXT - [SQLITE_ERROR] SQL error or missing database (duplicate column name: image_path)
09:42:29.511 [main] WARN com.pos.system.dao.ProductDAOTest -- Statement failed (expected for ALTER TABLE on new schema): ALTER TABLE products
ADD COLUMN image_blob BLOB - [SQLITE_ERROR] SQL error or missing database (duplicate column name: image_blob)
09:42:29.511 [main] WARN com.pos.system.dao.ProductDAOTest -- Statement failed (expected for ALTER TABLE on new schema): -- Migrations for existing databases
ALTER TABLE sales
ADD COLUMN shift_id INTEGER - [SQLITE_ERROR] SQL error or missing database (duplicate column name: shift_id)
09:42:29.511 [main] WARN com.pos.system.dao.ProductDAOTest -- Statement failed (expected for ALTER TABLE on new schema): ALTER TABLE sales
ADD COLUMN subtotal REAL DEFAULT 0.0 - [SQLITE_ERROR] SQL error or missing database (duplicate column name: subtotal)
09:42:29.511 [main] WARN com.pos.system.dao.ProductDAOTest -- Statement failed (expected for ALTER TABLE on new schema): ALTER TABLE sales
ADD COLUMN tax_amount REAL DEFAULT 0.0 - [SQLITE_ERROR] SQL error or missing database (duplicate column name: tax_amount)
09:42:29.511 [main] WARN com.pos.system.dao.ProductDAOTest -- Statement failed (expected for ALTER TABLE on new schema): ALTER TABLE sales
ADD COLUMN discount_amount REAL DEFAULT 0.0 - [SQLITE_ERROR] SQL error or missing database (duplicate column name: discount_amount)
09:42:29.512 [main] WARN com.pos.system.dao.ProductDAOTest -- Statement failed (expected for ALTER TABLE on new schema): -- Migrations for existing databases
ALTER TABLE sale_items
ADD COLUMN discount_amount REAL DEFAULT 0.0 - [SQLITE_ERROR] SQL error or missing database (duplicate column name: discount_amount)
09:42:29.512 [main] WARN com.pos.system.dao.ProductDAOTest -- Statement failed (expected for ALTER TABLE on new schema): ALTER TABLE sale_items
ADD COLUMN tax_amount REAL DEFAULT 0.0 - [SQLITE_ERROR] SQL error or missing database (duplicate column name: tax_amount)
09:42:29.512 [main] INFO com.pos.system.dao.ProductDAOTest -- In-memory database schema initialized.
09:42:29.514 [main] WARN com.pos.system.dao.ProductDAOTest -- Statement failed (expected for ALTER TABLE on new schema): -- Migration for existing databases
ALTER TABLE users
ADD COLUMN force_password_change BOOLEAN DEFAULT 0 - [SQLITE_ERROR] SQL error or missing database (duplicate column name: force_password_change)
09:42:29.514 [main] WARN com.pos.system.dao.ProductDAOTest -- Statement failed (expected for ALTER TABLE on new schema): -- Migration: Add image_path if missing (for existing databases)
ALTER TABLE products
ADD COLUMN image_path TEXT - [SQLITE_ERROR] SQL error or missing database (duplicate column name: image_path)
09:42:29.514 [main] WARN com.pos.system.dao.ProductDAOTest -- Statement failed (expected for ALTER TABLE on new schema): ALTER TABLE products
ADD COLUMN image_blob BLOB - [SQLITE_ERROR] SQL error or missing database (duplicate column name: image_blob)
09:42:29.516 [main] WARN com.pos.system.dao.ProductDAOTest -- Statement failed (expected for ALTER TABLE on new schema): -- Migrations for existing databases
ALTER TABLE sales
ADD COLUMN shift_id INTEGER - [SQLITE_ERROR] SQL error or missing database (duplicate column name: shift_id)
09:42:29.516 [main] WARN com.pos.system.dao.ProductDAOTest -- Statement failed (expected for ALTER TABLE on new schema): ALTER TABLE sales
ADD COLUMN subtotal REAL DEFAULT 0.0 - [SQLITE_ERROR] SQL error or missing database (duplicate column name: subtotal)
09:42:29.516 [main] WARN com.pos.system.dao.ProductDAOTest -- Statement failed (expected for ALTER TABLE on new schema): ALTER TABLE sales
ADD COLUMN tax_amount REAL DEFAULT 0.0 - [SQLITE_ERROR] SQL error or missing database (duplicate column name: tax_amount)
09:42:29.516 [main] WARN com.pos.system.dao.ProductDAOTest -- Statement failed (expected for ALTER TABLE on new schema): ALTER TABLE sales
ADD COLUMN discount_amount REAL DEFAULT 0.0 - [SQLITE_ERROR] SQL error or missing database (duplicate column name: discount_amount)
09:42:29.516 [main] WARN com.pos.system.dao.ProductDAOTest -- Statement failed (expected for ALTER TABLE on new schema): -- Migrations for existing databases
ALTER TABLE sale_items
ADD COLUMN discount_amount REAL DEFAULT 0.0 - [SQLITE_ERROR] SQL error or missing database (duplicate column name: discount_amount)
09:42:29.516 [main] WARN com.pos.system.dao.ProductDAOTest -- Statement failed (expected for ALTER TABLE on new schema): ALTER TABLE sale_items
ADD COLUMN tax_amount REAL DEFAULT 0.0 - [SQLITE_ERROR] SQL error or missing database (duplicate column name: tax_amount)
09:42:29.516 [main] INFO com.pos.system.dao.ProductDAOTest -- In-memory database schema initialized.
[INFO] Tests run: 5, Failures: 0, Errors: 0, Skipped: 0, Time elapsed: 0.038 s -- in com.pos.system.dao.ProductDAOTest
[INFO] Running com.pos.system.dao.SaleDAOTest
09:42:29.522 [main] WARN com.pos.system.dao.SaleDAOTest -- Statement failed (expected for ALTER TABLE on new schema): -- Migration for existing databases
ALTER TABLE users
ADD COLUMN force_password_change BOOLEAN DEFAULT 0 - [SQLITE_ERROR] SQL error or missing database (duplicate column name: force_password_change)
09:42:29.522 [main] WARN com.pos.system.dao.SaleDAOTest -- Statement failed (expected for ALTER TABLE on new schema): -- Migration: Add image_path if missing (for existing databases)
ALTER TABLE products
ADD COLUMN image_path TEXT - [SQLITE_ERROR] SQL error or missing database (duplicate column name: image_path)
09:42:29.522 [main] WARN com.pos.system.dao.SaleDAOTest -- Statement failed (expected for ALTER TABLE on new schema): ALTER TABLE products
ADD COLUMN image_blob BLOB - [SQLITE_ERROR] SQL error or missing database (duplicate column name: image_blob)
09:42:29.523 [main] WARN com.pos.system.dao.SaleDAOTest -- Statement failed (expected for ALTER TABLE on new schema): -- Migrations for existing databases
ALTER TABLE sales
ADD COLUMN shift_id INTEGER - [SQLITE_ERROR] SQL error or missing database (duplicate column name: shift_id)
09:42:29.523 [main] WARN com.pos.system.dao.SaleDAOTest -- Statement failed (expected for ALTER TABLE on new schema): ALTER TABLE sales
ADD COLUMN subtotal REAL DEFAULT 0.0 - [SQLITE_ERROR] SQL error or missing database (duplicate column name: subtotal)
09:42:29.523 [main] WARN com.pos.system.dao.SaleDAOTest -- Statement failed (expected for ALTER TABLE on new schema): ALTER TABLE sales
ADD COLUMN tax_amount REAL DEFAULT 0.0 - [SQLITE_ERROR] SQL error or missing database (duplicate column name: tax_amount)
09:42:29.523 [main] WARN com.pos.system.dao.SaleDAOTest -- Statement failed (expected for ALTER TABLE on new schema): ALTER TABLE sales
ADD COLUMN discount_amount REAL DEFAULT 0.0 - [SQLITE_ERROR] SQL error or missing database (duplicate column name: discount_amount)
09:42:29.523 [main] WARN com.pos.system.dao.SaleDAOTest -- Statement failed (expected for ALTER TABLE on new schema): -- Migrations for existing databases
ALTER TABLE sale_items
ADD COLUMN discount_amount REAL DEFAULT 0.0 - [SQLITE_ERROR] SQL error or missing database (duplicate column name: discount_amount)
09:42:29.523 [main] WARN com.pos.system.dao.SaleDAOTest -- Statement failed (expected for ALTER TABLE on new schema): ALTER TABLE sale_items
ADD COLUMN tax_amount REAL DEFAULT 0.0 - [SQLITE_ERROR] SQL error or missing database (duplicate column name: tax_amount)
09:42:29.524 [main] INFO com.pos.system.dao.SaleDAOTest -- In-memory database schema initialized.
09:42:29.535 [main] WARN com.pos.system.dao.SaleDAOTest -- Statement failed (expected for ALTER TABLE on new schema): -- Migration for existing databases
ALTER TABLE users
ADD COLUMN force_password_change BOOLEAN DEFAULT 0 - [SQLITE_ERROR] SQL error or missing database (duplicate column name: force_password_change)
09:42:29.536 [main] WARN com.pos.system.dao.SaleDAOTest -- Statement failed (expected for ALTER TABLE on new schema): -- Migration: Add image_path if missing (for existing databases)
ALTER TABLE products
ADD COLUMN image_path TEXT - [SQLITE_ERROR] SQL error or missing database (duplicate column name: image_path)
09:42:29.536 [main] WARN com.pos.system.dao.SaleDAOTest -- Statement failed (expected for ALTER TABLE on new schema): ALTER TABLE products
ADD COLUMN image_blob BLOB - [SQLITE_ERROR] SQL error or missing database (duplicate column name: image_blob)
09:42:29.536 [main] WARN com.pos.system.dao.SaleDAOTest -- Statement failed (expected for ALTER TABLE on new schema): -- Migrations for existing databases
ALTER TABLE sales
ADD COLUMN shift_id INTEGER - [SQLITE_ERROR] SQL error or missing database (duplicate column name: shift_id)
09:42:29.536 [main] WARN com.pos.system.dao.SaleDAOTest -- Statement failed (expected for ALTER TABLE on new schema): ALTER TABLE sales
ADD COLUMN subtotal REAL DEFAULT 0.0 - [SQLITE_ERROR] SQL error or missing database (duplicate column name: subtotal)
09:42:29.536 [main] WARN com.pos.system.dao.SaleDAOTest -- Statement failed (expected for ALTER TABLE on new schema): ALTER TABLE sales
ADD COLUMN tax_amount REAL DEFAULT 0.0 - [SQLITE_ERROR] SQL error or missing database (duplicate column name: tax_amount)
09:42:29.536 [main] WARN com.pos.system.dao.SaleDAOTest -- Statement failed (expected for ALTER TABLE on new schema): ALTER TABLE sales
ADD COLUMN discount_amount REAL DEFAULT 0.0 - [SQLITE_ERROR] SQL error or missing database (duplicate column name: discount_amount)
09:42:29.537 [main] WARN com.pos.system.dao.SaleDAOTest -- Statement failed (expected for ALTER TABLE on new schema): -- Migrations for existing databases
ALTER TABLE sale_items
ADD COLUMN discount_amount REAL DEFAULT 0.0 - [SQLITE_ERROR] SQL error or missing database (duplicate column name: discount_amount)
09:42:29.537 [main] WARN com.pos.system.dao.SaleDAOTest -- Statement failed (expected for ALTER TABLE on new schema): ALTER TABLE sale_items
ADD COLUMN tax_amount REAL DEFAULT 0.0 - [SQLITE_ERROR] SQL error or missing database (duplicate column name: tax_amount)
09:42:29.537 [main] INFO com.pos.system.dao.SaleDAOTest -- In-memory database schema initialized.
09:42:29.540 [main] WARN com.pos.system.dao.SaleDAOTest -- Statement failed (expected for ALTER TABLE on new schema): -- Migration for existing databases
ALTER TABLE users
ADD COLUMN force_password_change BOOLEAN DEFAULT 0 - [SQLITE_ERROR] SQL error or missing database (duplicate column name: force_password_change)
09:42:29.541 [main] WARN com.pos.system.dao.SaleDAOTest -- Statement failed (expected for ALTER TABLE on new schema): -- Migration: Add image_path if missing (for existing databases)
ALTER TABLE products
ADD COLUMN image_path TEXT - [SQLITE_ERROR] SQL error or missing database (duplicate column name: image_path)
09:42:29.541 [main] WARN com.pos.system.dao.SaleDAOTest -- Statement failed (expected for ALTER TABLE on new schema): ALTER TABLE products
ADD COLUMN image_blob BLOB - [SQLITE_ERROR] SQL error or missing database (duplicate column name: image_blob)
09:42:29.541 [main] WARN com.pos.system.dao.SaleDAOTest -- Statement failed (expected for ALTER TABLE on new schema): -- Migrations for existing databases
ALTER TABLE sales
ADD COLUMN shift_id INTEGER - [SQLITE_ERROR] SQL error or missing database (duplicate column name: shift_id)
09:42:29.542 [main] WARN com.pos.system.dao.SaleDAOTest -- Statement failed (expected for ALTER TABLE on new schema): ALTER TABLE sales
ADD COLUMN subtotal REAL DEFAULT 0.0 - [SQLITE_ERROR] SQL error or missing database (duplicate column name: subtotal)
09:42:29.542 [main] WARN com.pos.system.dao.SaleDAOTest -- Statement failed (expected for ALTER TABLE on new schema): ALTER TABLE sales
ADD COLUMN tax_amount REAL DEFAULT 0.0 - [SQLITE_ERROR] SQL error or missing database (duplicate column name: tax_amount)
09:42:29.542 [main] WARN com.pos.system.dao.SaleDAOTest -- Statement failed (expected for ALTER TABLE on new schema): ALTER TABLE sales
ADD COLUMN discount_amount REAL DEFAULT 0.0 - [SQLITE_ERROR] SQL error or missing database (duplicate column name: discount_amount)
09:42:29.542 [main] WARN com.pos.system.dao.SaleDAOTest -- Statement failed (expected for ALTER TABLE on new schema): -- Migrations for existing databases
ALTER TABLE sale_items
ADD COLUMN discount_amount REAL DEFAULT 0.0 - [SQLITE_ERROR] SQL error or missing database (duplicate column name: discount_amount)
09:42:29.542 [main] WARN com.pos.system.dao.SaleDAOTest -- Statement failed (expected for ALTER TABLE on new schema): ALTER TABLE sale_items
ADD COLUMN tax_amount REAL DEFAULT 0.0 - [SQLITE_ERROR] SQL error or missing database (duplicate column name: tax_amount)
09:42:29.542 [main] INFO com.pos.system.dao.SaleDAOTest -- In-memory database schema initialized.
[INFO] Tests run: 3, Failures: 0, Errors: 0, Skipped: 0, Time elapsed: 0.026 s -- in com.pos.system.dao.SaleDAOTest
[INFO] Running com.pos.system.dao.SalePaymentDAOTest
09:42:29.547 [main] WARN com.pos.system.dao.SalePaymentDAOTest -- Statement failed (expected for ALTER TABLE on new schema): -- Migration for existing databases
ALTER TABLE users
ADD COLUMN force_password_change BOOLEAN DEFAULT 0 - [SQLITE_ERROR] SQL error or missing database (duplicate column name: force_password_change)
09:42:29.548 [main] WARN com.pos.system.dao.SalePaymentDAOTest -- Statement failed (expected for ALTER TABLE on new schema): -- Migration: Add image_path if missing (for existing databases)
ALTER TABLE products
ADD COLUMN image_path TEXT - [SQLITE_ERROR] SQL error or missing database (duplicate column name: image_path)
09:42:29.548 [main] WARN com.pos.system.dao.SalePaymentDAOTest -- Statement failed (expected for ALTER TABLE on new schema): ALTER TABLE products
ADD COLUMN image_blob BLOB - [SQLITE_ERROR] SQL error or missing database (duplicate column name: image_blob)
09:42:29.549 [main] WARN com.pos.system.dao.SalePaymentDAOTest -- Statement failed (expected for ALTER TABLE on new schema): -- Migrations for existing databases
ALTER TABLE sales
ADD COLUMN shift_id INTEGER - [SQLITE_ERROR] SQL error or missing database (duplicate column name: shift_id)
09:42:29.549 [main] WARN com.pos.system.dao.SalePaymentDAOTest -- Statement failed (expected for ALTER TABLE on new schema): ALTER TABLE sales
ADD COLUMN subtotal REAL DEFAULT 0.0 - [SQLITE_ERROR] SQL error or missing database (duplicate column name: subtotal)
09:42:29.549 [main] WARN com.pos.system.dao.SalePaymentDAOTest -- Statement failed (expected for ALTER TABLE on new schema): ALTER TABLE sales
ADD COLUMN tax_amount REAL DEFAULT 0.0 - [SQLITE_ERROR] SQL error or missing database (duplicate column name: tax_amount)
09:42:29.549 [main] WARN com.pos.system.dao.SalePaymentDAOTest -- Statement failed (expected for ALTER TABLE on new schema): ALTER TABLE sales
ADD COLUMN discount_amount REAL DEFAULT 0.0 - [SQLITE_ERROR] SQL error or missing database (duplicate column name: discount_amount)
09:42:29.549 [main] WARN com.pos.system.dao.SalePaymentDAOTest -- Statement failed (expected for ALTER TABLE on new schema): -- Migrations for existing databases
ALTER TABLE sale_items
ADD COLUMN discount_amount REAL DEFAULT 0.0 - [SQLITE_ERROR] SQL error or missing database (duplicate column name: discount_amount)
09:42:29.549 [main] WARN com.pos.system.dao.SalePaymentDAOTest -- Statement failed (expected for ALTER TABLE on new schema): ALTER TABLE sale_items
ADD COLUMN tax_amount REAL DEFAULT 0.0 - [SQLITE_ERROR] SQL error or missing database (duplicate column name: tax_amount)
09:42:29.549 [main] INFO com.pos.system.dao.SalePaymentDAOTest -- In-memory database schema initialized.
[INFO] Tests run: 1, Failures: 0, Errors: 0, Skipped: 0, Time elapsed: 0.007 s -- in com.pos.system.dao.SalePaymentDAOTest
[INFO] Running com.pos.system.dao.SettingsDAOTest
09:42:29.557 [main] WARN com.pos.system.dao.SettingsDAOTest -- Statement failed (expected for ALTER TABLE on new schema): -- Migration for existing databases
ALTER TABLE users
ADD COLUMN force_password_change BOOLEAN DEFAULT 0 - [SQLITE_ERROR] SQL error or missing database (duplicate column name: force_password_change)
09:42:29.557 [main] WARN com.pos.system.dao.SettingsDAOTest -- Statement failed (expected for ALTER TABLE on new schema): -- Migration: Add image_path if missing (for existing databases)
ALTER TABLE products
ADD COLUMN image_path TEXT - [SQLITE_ERROR] SQL error or missing database (duplicate column name: image_path)
09:42:29.557 [main] WARN com.pos.system.dao.SettingsDAOTest -- Statement failed (expected for ALTER TABLE on new schema): ALTER TABLE products
ADD COLUMN image_blob BLOB - [SQLITE_ERROR] SQL error or missing database (duplicate column name: image_blob)
09:42:29.559 [main] WARN com.pos.system.dao.SettingsDAOTest -- Statement failed (expected for ALTER TABLE on new schema): -- Migrations for existing databases
ALTER TABLE sales
ADD COLUMN shift_id INTEGER - [SQLITE_ERROR] SQL error or missing database (duplicate column name: shift_id)
09:42:29.559 [main] WARN com.pos.system.dao.SettingsDAOTest -- Statement failed (expected for ALTER TABLE on new schema): ALTER TABLE sales
ADD COLUMN subtotal REAL DEFAULT 0.0 - [SQLITE_ERROR] SQL error or missing database (duplicate column name: subtotal)
09:42:29.559 [main] WARN com.pos.system.dao.SettingsDAOTest -- Statement failed (expected for ALTER TABLE on new schema): ALTER TABLE sales
ADD COLUMN tax_amount REAL DEFAULT 0.0 - [SQLITE_ERROR] SQL error or missing database (duplicate column name: tax_amount)
09:42:29.559 [main] WARN com.pos.system.dao.SettingsDAOTest -- Statement failed (expected for ALTER TABLE on new schema): ALTER TABLE sales
ADD COLUMN discount_amount REAL DEFAULT 0.0 - [SQLITE_ERROR] SQL error or missing database (duplicate column name: discount_amount)
09:42:29.559 [main] WARN com.pos.system.dao.SettingsDAOTest -- Statement failed (expected for ALTER TABLE on new schema): -- Migrations for existing databases
ALTER TABLE sale_items
ADD COLUMN discount_amount REAL DEFAULT 0.0 - [SQLITE_ERROR] SQL error or missing database (duplicate column name: discount_amount)
09:42:29.559 [main] WARN com.pos.system.dao.SettingsDAOTest -- Statement failed (expected for ALTER TABLE on new schema): ALTER TABLE sale_items
ADD COLUMN tax_amount REAL DEFAULT 0.0 - [SQLITE_ERROR] SQL error or missing database (duplicate column name: tax_amount)
09:42:29.560 [main] INFO com.pos.system.dao.SettingsDAOTest -- In-memory database schema initialized.
09:42:29.563 [main] WARN com.pos.system.dao.SettingsDAOTest -- Statement failed (expected for ALTER TABLE on new schema): -- Migration for existing databases
ALTER TABLE users
ADD COLUMN force_password_change BOOLEAN DEFAULT 0 - [SQLITE_ERROR] SQL error or missing database (duplicate column name: force_password_change)
09:42:29.563 [main] WARN com.pos.system.dao.SettingsDAOTest -- Statement failed (expected for ALTER TABLE on new schema): -- Migration: Add image_path if missing (for existing databases)
ALTER TABLE products
ADD COLUMN image_path TEXT - [SQLITE_ERROR] SQL error or missing database (duplicate column name: image_path)
09:42:29.563 [main] WARN com.pos.system.dao.SettingsDAOTest -- Statement failed (expected for ALTER TABLE on new schema): ALTER TABLE products
ADD COLUMN image_blob BLOB - [SQLITE_ERROR] SQL error or missing database (duplicate column name: image_blob)
09:42:29.563 [main] WARN com.pos.system.dao.SettingsDAOTest -- Statement failed (expected for ALTER TABLE on new schema): -- Migrations for existing databases
ALTER TABLE sales
ADD COLUMN shift_id INTEGER - [SQLITE_ERROR] SQL error or missing database (duplicate column name: shift_id)
09:42:29.564 [main] WARN com.pos.system.dao.SettingsDAOTest -- Statement failed (expected for ALTER TABLE on new schema): ALTER TABLE sales
ADD COLUMN subtotal REAL DEFAULT 0.0 - [SQLITE_ERROR] SQL error or missing database (duplicate column name: subtotal)
09:42:29.564 [main] WARN com.pos.system.dao.SettingsDAOTest -- Statement failed (expected for ALTER TABLE on new schema): ALTER TABLE sales
ADD COLUMN tax_amount REAL DEFAULT 0.0 - [SQLITE_ERROR] SQL error or missing database (duplicate column name: tax_amount)
09:42:29.564 [main] WARN com.pos.system.dao.SettingsDAOTest -- Statement failed (expected for ALTER TABLE on new schema): ALTER TABLE sales
ADD COLUMN discount_amount REAL DEFAULT 0.0 - [SQLITE_ERROR] SQL error or missing database (duplicate column name: discount_amount)
09:42:29.564 [main] WARN com.pos.system.dao.SettingsDAOTest -- Statement failed (expected for ALTER TABLE on new schema): -- Migrations for existing databases
ALTER TABLE sale_items
ADD COLUMN discount_amount REAL DEFAULT 0.0 - [SQLITE_ERROR] SQL error or missing database (duplicate column name: discount_amount)
09:42:29.564 [main] WARN com.pos.system.dao.SettingsDAOTest -- Statement failed (expected for ALTER TABLE on new schema): ALTER TABLE sale_items
ADD COLUMN tax_amount REAL DEFAULT 0.0 - [SQLITE_ERROR] SQL error or missing database (duplicate column name: tax_amount)
09:42:29.565 [main] INFO com.pos.system.dao.SettingsDAOTest -- In-memory database schema initialized.
09:42:29.569 [main] WARN com.pos.system.dao.SettingsDAOTest -- Statement failed (expected for ALTER TABLE on new schema): -- Migration for existing databases
ALTER TABLE users
ADD COLUMN force_password_change BOOLEAN DEFAULT 0 - [SQLITE_ERROR] SQL error or missing database (duplicate column name: force_password_change)
09:42:29.570 [main] WARN com.pos.system.dao.SettingsDAOTest -- Statement failed (expected for ALTER TABLE on new schema): -- Migration: Add image_path if missing (for existing databases)
ALTER TABLE products
ADD COLUMN image_path TEXT - [SQLITE_ERROR] SQL error or missing database (duplicate column name: image_path)
09:42:29.570 [main] WARN com.pos.system.dao.SettingsDAOTest -- Statement failed (expected for ALTER TABLE on new schema): ALTER TABLE products
ADD COLUMN image_blob BLOB - [SQLITE_ERROR] SQL error or missing database (duplicate column name: image_blob)
09:42:29.570 [main] WARN com.pos.system.dao.SettingsDAOTest -- Statement failed (expected for ALTER TABLE on new schema): -- Migrations for existing databases
ALTER TABLE sales
ADD COLUMN shift_id INTEGER - [SQLITE_ERROR] SQL error or missing database (duplicate column name: shift_id)
09:42:29.571 [main] WARN com.pos.system.dao.SettingsDAOTest -- Statement failed (expected for ALTER TABLE on new schema): ALTER TABLE sales
ADD COLUMN subtotal REAL DEFAULT 0.0 - [SQLITE_ERROR] SQL error or missing database (duplicate column name: subtotal)
09:42:29.571 [main] WARN com.pos.system.dao.SettingsDAOTest -- Statement failed (expected for ALTER TABLE on new schema): ALTER TABLE sales
ADD COLUMN tax_amount REAL DEFAULT 0.0 - [SQLITE_ERROR] SQL error or missing database (duplicate column name: tax_amount)
09:42:29.571 [main] WARN com.pos.system.dao.SettingsDAOTest -- Statement failed (expected for ALTER TABLE on new schema): ALTER TABLE sales
ADD COLUMN discount_amount REAL DEFAULT 0.0 - [SQLITE_ERROR] SQL error or missing database (duplicate column name: discount_amount)
09:42:29.571 [main] WARN com.pos.system.dao.SettingsDAOTest -- Statement failed (expected for ALTER TABLE on new schema): -- Migrations for existing databases
ALTER TABLE sale_items
ADD COLUMN discount_amount REAL DEFAULT 0.0 - [SQLITE_ERROR] SQL error or missing database (duplicate column name: discount_amount)
09:42:29.571 [main] WARN com.pos.system.dao.SettingsDAOTest -- Statement failed (expected for ALTER TABLE on new schema): ALTER TABLE sale_items
ADD COLUMN tax_amount REAL DEFAULT 0.0 - [SQLITE_ERROR] SQL error or missing database (duplicate column name: tax_amount)
09:42:29.571 [main] INFO com.pos.system.dao.SettingsDAOTest -- In-memory database schema initialized.
09:42:29.575 [main] WARN com.pos.system.dao.SettingsDAOTest -- Statement failed (expected for ALTER TABLE on new schema): -- Migration for existing databases
ALTER TABLE users
ADD COLUMN force_password_change BOOLEAN DEFAULT 0 - [SQLITE_ERROR] SQL error or missing database (duplicate column name: force_password_change)
09:42:29.575 [main] WARN com.pos.system.dao.SettingsDAOTest -- Statement failed (expected for ALTER TABLE on new schema): -- Migration: Add image_path if missing (for existing databases)
ALTER TABLE products
ADD COLUMN image_path TEXT - [SQLITE_ERROR] SQL error or missing database (duplicate column name: image_path)
09:42:29.575 [main] WARN com.pos.system.dao.SettingsDAOTest -- Statement failed (expected for ALTER TABLE on new schema): ALTER TABLE products
ADD COLUMN image_blob BLOB - [SQLITE_ERROR] SQL error or missing database (duplicate column name: image_blob)
09:42:29.575 [main] WARN com.pos.system.dao.SettingsDAOTest -- Statement failed (expected for ALTER TABLE on new schema): -- Migrations for existing databases
ALTER TABLE sales
ADD COLUMN shift_id INTEGER - [SQLITE_ERROR] SQL error or missing database (duplicate column name: shift_id)
09:42:29.576 [main] WARN com.pos.system.dao.SettingsDAOTest -- Statement failed (expected for ALTER TABLE on new schema): ALTER TABLE sales
ADD COLUMN subtotal REAL DEFAULT 0.0 - [SQLITE_ERROR] SQL error or missing database (duplicate column name: subtotal)
09:42:29.576 [main] WARN com.pos.system.dao.SettingsDAOTest -- Statement failed (expected for ALTER TABLE on new schema): ALTER TABLE sales
ADD COLUMN tax_amount REAL DEFAULT 0.0 - [SQLITE_ERROR] SQL error or missing database (duplicate column name: tax_amount)
09:42:29.576 [main] WARN com.pos.system.dao.SettingsDAOTest -- Statement failed (expected for ALTER TABLE on new schema): ALTER TABLE sales
ADD COLUMN discount_amount REAL DEFAULT 0.0 - [SQLITE_ERROR] SQL error or missing database (duplicate column name: discount_amount)
09:42:29.576 [main] WARN com.pos.system.dao.SettingsDAOTest -- Statement failed (expected for ALTER TABLE on new schema): -- Migrations for existing databases
ALTER TABLE sale_items
ADD COLUMN discount_amount REAL DEFAULT 0.0 - [SQLITE_ERROR] SQL error or missing database (duplicate column name: discount_amount)
09:42:29.576 [main] WARN com.pos.system.dao.SettingsDAOTest -- Statement failed (expected for ALTER TABLE on new schema): ALTER TABLE sale_items
ADD COLUMN tax_amount REAL DEFAULT 0.0 - [SQLITE_ERROR] SQL error or missing database (duplicate column name: tax_amount)
09:42:29.576 [main] INFO com.pos.system.dao.SettingsDAOTest -- In-memory database schema initialized.
[INFO] Tests run: 4, Failures: 0, Errors: 0, Skipped: 0, Time elapsed: 0.022 s -- in com.pos.system.dao.SettingsDAOTest
[INFO] Running com.pos.system.dao.ShiftDAOTest
09:42:29.581 [main] WARN com.pos.system.dao.ShiftDAOTest -- Statement failed (expected for ALTER TABLE on new schema): -- Migration for existing databases
ALTER TABLE users
ADD COLUMN force_password_change BOOLEAN DEFAULT 0 - [SQLITE_ERROR] SQL error or missing database (duplicate column name: force_password_change)
09:42:29.582 [main] WARN com.pos.system.dao.ShiftDAOTest -- Statement failed (expected for ALTER TABLE on new schema): -- Migration: Add image_path if missing (for existing databases)
ALTER TABLE products
ADD COLUMN image_path TEXT - [SQLITE_ERROR] SQL error or missing database (duplicate column name: image_path)
09:42:29.582 [main] WARN com.pos.system.dao.ShiftDAOTest -- Statement failed (expected for ALTER TABLE on new schema): ALTER TABLE products
ADD COLUMN image_blob BLOB - [SQLITE_ERROR] SQL error or missing database (duplicate column name: image_blob)
09:42:29.582 [main] WARN com.pos.system.dao.ShiftDAOTest -- Statement failed (expected for ALTER TABLE on new schema): -- Migrations for existing databases
ALTER TABLE sales
ADD COLUMN shift_id INTEGER - [SQLITE_ERROR] SQL error or missing database (duplicate column name: shift_id)
09:42:29.582 [main] WARN com.pos.system.dao.ShiftDAOTest -- Statement failed (expected for ALTER TABLE on new schema): ALTER TABLE sales
ADD COLUMN subtotal REAL DEFAULT 0.0 - [SQLITE_ERROR] SQL error or missing database (duplicate column name: subtotal)
09:42:29.582 [main] WARN com.pos.system.dao.ShiftDAOTest -- Statement failed (expected for ALTER TABLE on new schema): ALTER TABLE sales
ADD COLUMN tax_amount REAL DEFAULT 0.0 - [SQLITE_ERROR] SQL error or missing database (duplicate column name: tax_amount)
09:42:29.582 [main] WARN com.pos.system.dao.ShiftDAOTest -- Statement failed (expected for ALTER TABLE on new schema): ALTER TABLE sales
ADD COLUMN discount_amount REAL DEFAULT 0.0 - [SQLITE_ERROR] SQL error or missing database (duplicate column name: discount_amount)
09:42:29.583 [main] WARN com.pos.system.dao.ShiftDAOTest -- Statement failed (expected for ALTER TABLE on new schema): -- Migrations for existing databases
ALTER TABLE sale_items
ADD COLUMN discount_amount REAL DEFAULT 0.0 - [SQLITE_ERROR] SQL error or missing database (duplicate column name: discount_amount)
09:42:29.583 [main] WARN com.pos.system.dao.ShiftDAOTest -- Statement failed (expected for ALTER TABLE on new schema): ALTER TABLE sale_items
ADD COLUMN tax_amount REAL DEFAULT 0.0 - [SQLITE_ERROR] SQL error or missing database (duplicate column name: tax_amount)
09:42:29.584 [main] INFO com.pos.system.dao.ShiftDAOTest -- In-memory database schema initialized.
09:42:29.588 [main] WARN com.pos.system.dao.ShiftDAOTest -- Statement failed (expected for ALTER TABLE on new schema): -- Migration for existing databases
ALTER TABLE users
ADD COLUMN force_password_change BOOLEAN DEFAULT 0 - [SQLITE_ERROR] SQL error or missing database (duplicate column name: force_password_change)
09:42:29.588 [main] WARN com.pos.system.dao.ShiftDAOTest -- Statement failed (expected for ALTER TABLE on new schema): -- Migration: Add image_path if missing (for existing databases)
ALTER TABLE products
ADD COLUMN image_path TEXT - [SQLITE_ERROR] SQL error or missing database (duplicate column name: image_path)
09:42:29.588 [main] WARN com.pos.system.dao.ShiftDAOTest -- Statement failed (expected for ALTER TABLE on new schema): ALTER TABLE products
ADD COLUMN image_blob BLOB - [SQLITE_ERROR] SQL error or missing database (duplicate column name: image_blob)
09:42:29.590 [main] WARN com.pos.system.dao.ShiftDAOTest -- Statement failed (expected for ALTER TABLE on new schema): -- Migrations for existing databases
ALTER TABLE sales
ADD COLUMN shift_id INTEGER - [SQLITE_ERROR] SQL error or missing database (duplicate column name: shift_id)
09:42:29.590 [main] WARN com.pos.system.dao.ShiftDAOTest -- Statement failed (expected for ALTER TABLE on new schema): ALTER TABLE sales
ADD COLUMN subtotal REAL DEFAULT 0.0 - [SQLITE_ERROR] SQL error or missing database (duplicate column name: subtotal)
09:42:29.590 [main] WARN com.pos.system.dao.ShiftDAOTest -- Statement failed (expected for ALTER TABLE on new schema): ALTER TABLE sales
ADD COLUMN tax_amount REAL DEFAULT 0.0 - [SQLITE_ERROR] SQL error or missing database (duplicate column name: tax_amount)
09:42:29.590 [main] WARN com.pos.system.dao.ShiftDAOTest -- Statement failed (expected for ALTER TABLE on new schema): ALTER TABLE sales
ADD COLUMN discount_amount REAL DEFAULT 0.0 - [SQLITE_ERROR] SQL error or missing database (duplicate column name: discount_amount)
09:42:29.590 [main] WARN com.pos.system.dao.ShiftDAOTest -- Statement failed (expected for ALTER TABLE on new schema): -- Migrations for existing databases
ALTER TABLE sale_items
ADD COLUMN discount_amount REAL DEFAULT 0.0 - [SQLITE_ERROR] SQL error or missing database (duplicate column name: discount_amount)
09:42:29.590 [main] WARN com.pos.system.dao.ShiftDAOTest -- Statement failed (expected for ALTER TABLE on new schema): ALTER TABLE sale_items
ADD COLUMN tax_amount REAL DEFAULT 0.0 - [SQLITE_ERROR] SQL error or missing database (duplicate column name: tax_amount)
09:42:29.591 [main] INFO com.pos.system.dao.ShiftDAOTest -- In-memory database schema initialized.
09:42:29.593 [main] WARN com.pos.system.dao.ShiftDAOTest -- Statement failed (expected for ALTER TABLE on new schema): -- Migration for existing databases
ALTER TABLE users
ADD COLUMN force_password_change BOOLEAN DEFAULT 0 - [SQLITE_ERROR] SQL error or missing database (duplicate column name: force_password_change)
09:42:29.593 [main] WARN com.pos.system.dao.ShiftDAOTest -- Statement failed (expected for ALTER TABLE on new schema): -- Migration: Add image_path if missing (for existing databases)
ALTER TABLE products
ADD COLUMN image_path TEXT - [SQLITE_ERROR] SQL error or missing database (duplicate column name: image_path)
09:42:29.593 [main] WARN com.pos.system.dao.ShiftDAOTest -- Statement failed (expected for ALTER TABLE on new schema): ALTER TABLE products
ADD COLUMN image_blob BLOB - [SQLITE_ERROR] SQL error or missing database (duplicate column name: image_blob)
09:42:29.594 [main] WARN com.pos.system.dao.ShiftDAOTest -- Statement failed (expected for ALTER TABLE on new schema): -- Migrations for existing databases
ALTER TABLE sales
ADD COLUMN shift_id INTEGER - [SQLITE_ERROR] SQL error or missing database (duplicate column name: shift_id)
09:42:29.594 [main] WARN com.pos.system.dao.ShiftDAOTest -- Statement failed (expected for ALTER TABLE on new schema): ALTER TABLE sales
ADD COLUMN subtotal REAL DEFAULT 0.0 - [SQLITE_ERROR] SQL error or missing database (duplicate column name: subtotal)
09:42:29.594 [main] WARN com.pos.system.dao.ShiftDAOTest -- Statement failed (expected for ALTER TABLE on new schema): ALTER TABLE sales
ADD COLUMN tax_amount REAL DEFAULT 0.0 - [SQLITE_ERROR] SQL error or missing database (duplicate column name: tax_amount)
09:42:29.594 [main] WARN com.pos.system.dao.ShiftDAOTest -- Statement failed (expected for ALTER TABLE on new schema): ALTER TABLE sales
ADD COLUMN discount_amount REAL DEFAULT 0.0 - [SQLITE_ERROR] SQL error or missing database (duplicate column name: discount_amount)
09:42:29.595 [main] WARN com.pos.system.dao.ShiftDAOTest -- Statement failed (expected for ALTER TABLE on new schema): -- Migrations for existing databases
ALTER TABLE sale_items
ADD COLUMN discount_amount REAL DEFAULT 0.0 - [SQLITE_ERROR] SQL error or missing database (duplicate column name: discount_amount)
09:42:29.595 [main] WARN com.pos.system.dao.ShiftDAOTest -- Statement failed (expected for ALTER TABLE on new schema): ALTER TABLE sale_items
ADD COLUMN tax_amount REAL DEFAULT 0.0 - [SQLITE_ERROR] SQL error or missing database (duplicate column name: tax_amount)
09:42:29.595 [main] INFO com.pos.system.dao.ShiftDAOTest -- In-memory database schema initialized.
09:42:29.597 [main] WARN com.pos.system.dao.ShiftDAOTest -- Statement failed (expected for ALTER TABLE on new schema): -- Migration for existing databases
ALTER TABLE users
ADD COLUMN force_password_change BOOLEAN DEFAULT 0 - [SQLITE_ERROR] SQL error or missing database (duplicate column name: force_password_change)
09:42:29.597 [main] WARN com.pos.system.dao.ShiftDAOTest -- Statement failed (expected for ALTER TABLE on new schema): -- Migration: Add image_path if missing (for existing databases)
ALTER TABLE products
ADD COLUMN image_path TEXT - [SQLITE_ERROR] SQL error or missing database (duplicate column name: image_path)
09:42:29.597 [main] WARN com.pos.system.dao.ShiftDAOTest -- Statement failed (expected for ALTER TABLE on new schema): ALTER TABLE products
ADD COLUMN image_blob BLOB - [SQLITE_ERROR] SQL error or missing database (duplicate column name: image_blob)
09:42:29.598 [main] WARN com.pos.system.dao.ShiftDAOTest -- Statement failed (expected for ALTER TABLE on new schema): -- Migrations for existing databases
ALTER TABLE sales
ADD COLUMN shift_id INTEGER - [SQLITE_ERROR] SQL error or missing database (duplicate column name: shift_id)
09:42:29.598 [main] WARN com.pos.system.dao.ShiftDAOTest -- Statement failed (expected for ALTER TABLE on new schema): ALTER TABLE sales
ADD COLUMN subtotal REAL DEFAULT 0.0 - [SQLITE_ERROR] SQL error or missing database (duplicate column name: subtotal)
09:42:29.598 [main] WARN com.pos.system.dao.ShiftDAOTest -- Statement failed (expected for ALTER TABLE on new schema): ALTER TABLE sales
ADD COLUMN tax_amount REAL DEFAULT 0.0 - [SQLITE_ERROR] SQL error or missing database (duplicate column name: tax_amount)
09:42:29.598 [main] WARN com.pos.system.dao.ShiftDAOTest -- Statement failed (expected for ALTER TABLE on new schema): ALTER TABLE sales
ADD COLUMN discount_amount REAL DEFAULT 0.0 - [SQLITE_ERROR] SQL error or missing database (duplicate column name: discount_amount)
09:42:29.598 [main] WARN com.pos.system.dao.ShiftDAOTest -- Statement failed (expected for ALTER TABLE on new schema): -- Migrations for existing databases
ALTER TABLE sale_items
ADD COLUMN discount_amount REAL DEFAULT 0.0 - [SQLITE_ERROR] SQL error or missing database (duplicate column name: discount_amount)
09:42:29.598 [main] WARN com.pos.system.dao.ShiftDAOTest -- Statement failed (expected for ALTER TABLE on new schema): ALTER TABLE sale_items
ADD COLUMN tax_amount REAL DEFAULT 0.0 - [SQLITE_ERROR] SQL error or missing database (duplicate column name: tax_amount)
09:42:29.598 [main] INFO com.pos.system.dao.ShiftDAOTest -- In-memory database schema initialized.
[INFO] Tests run: 4, Failures: 0, Errors: 0, Skipped: 0, Time elapsed: 0.021 s -- in com.pos.system.dao.ShiftDAOTest
[INFO] Running com.pos.system.dao.UserDAOTest
09:42:29.604 [main] WARN com.pos.system.dao.UserDAOTest -- Statement failed (expected for ALTER TABLE on new schema): -- Migration for existing databases
ALTER TABLE users
ADD COLUMN force_password_change BOOLEAN DEFAULT 0 - [SQLITE_ERROR] SQL error or missing database (duplicate column name: force_password_change)
09:42:29.605 [main] WARN com.pos.system.dao.UserDAOTest -- Statement failed (expected for ALTER TABLE on new schema): -- Migration: Add image_path if missing (for existing databases)
ALTER TABLE products
ADD COLUMN image_path TEXT - [SQLITE_ERROR] SQL error or missing database (duplicate column name: image_path)
09:42:29.606 [main] WARN com.pos.system.dao.UserDAOTest -- Statement failed (expected for ALTER TABLE on new schema): ALTER TABLE products
ADD COLUMN image_blob BLOB - [SQLITE_ERROR] SQL error or missing database (duplicate column name: image_blob)
09:42:29.606 [main] WARN com.pos.system.dao.UserDAOTest -- Statement failed (expected for ALTER TABLE on new schema): -- Migrations for existing databases
ALTER TABLE sales
ADD COLUMN shift_id INTEGER - [SQLITE_ERROR] SQL error or missing database (duplicate column name: shift_id)
09:42:29.606 [main] WARN com.pos.system.dao.UserDAOTest -- Statement failed (expected for ALTER TABLE on new schema): ALTER TABLE sales
ADD COLUMN subtotal REAL DEFAULT 0.0 - [SQLITE_ERROR] SQL error or missing database (duplicate column name: subtotal)
09:42:29.606 [main] WARN com.pos.system.dao.UserDAOTest -- Statement failed (expected for ALTER TABLE on new schema): ALTER TABLE sales
ADD COLUMN tax_amount REAL DEFAULT 0.0 - [SQLITE_ERROR] SQL error or missing database (duplicate column name: tax_amount)
09:42:29.606 [main] WARN com.pos.system.dao.UserDAOTest -- Statement failed (expected for ALTER TABLE on new schema): ALTER TABLE sales
ADD COLUMN discount_amount REAL DEFAULT 0.0 - [SQLITE_ERROR] SQL error or missing database (duplicate column name: discount_amount)
09:42:29.606 [main] WARN com.pos.system.dao.UserDAOTest -- Statement failed (expected for ALTER TABLE on new schema): -- Migrations for existing databases
ALTER TABLE sale_items
ADD COLUMN discount_amount REAL DEFAULT 0.0 - [SQLITE_ERROR] SQL error or missing database (duplicate column name: discount_amount)
09:42:29.606 [main] WARN com.pos.system.dao.UserDAOTest -- Statement failed (expected for ALTER TABLE on new schema): ALTER TABLE sale_items
ADD COLUMN tax_amount REAL DEFAULT 0.0 - [SQLITE_ERROR] SQL error or missing database (duplicate column name: tax_amount)
09:42:29.606 [main] INFO com.pos.system.dao.UserDAOTest -- In-memory database schema initialized.
09:42:29.609 [main] WARN com.pos.system.dao.UserDAOTest -- Statement failed (expected for ALTER TABLE on new schema): -- Migration for existing databases
ALTER TABLE users
ADD COLUMN force_password_change BOOLEAN DEFAULT 0 - [SQLITE_ERROR] SQL error or missing database (duplicate column name: force_password_change)
09:42:29.610 [main] WARN com.pos.system.dao.UserDAOTest -- Statement failed (expected for ALTER TABLE on new schema): -- Migration: Add image_path if missing (for existing databases)
ALTER TABLE products
ADD COLUMN image_path TEXT - [SQLITE_ERROR] SQL error or missing database (duplicate column name: image_path)
09:42:29.610 [main] WARN com.pos.system.dao.UserDAOTest -- Statement failed (expected for ALTER TABLE on new schema): ALTER TABLE products
ADD COLUMN image_blob BLOB - [SQLITE_ERROR] SQL error or missing database (duplicate column name: image_blob)
09:42:29.610 [main] WARN com.pos.system.dao.UserDAOTest -- Statement failed (expected for ALTER TABLE on new schema): -- Migrations for existing databases
ALTER TABLE sales
ADD COLUMN shift_id INTEGER - [SQLITE_ERROR] SQL error or missing database (duplicate column name: shift_id)
09:42:29.610 [main] WARN com.pos.system.dao.UserDAOTest -- Statement failed (expected for ALTER TABLE on new schema): ALTER TABLE sales
ADD COLUMN subtotal REAL DEFAULT 0.0 - [SQLITE_ERROR] SQL error or missing database (duplicate column name: subtotal)
09:42:29.610 [main] WARN com.pos.system.dao.UserDAOTest -- Statement failed (expected for ALTER TABLE on new schema): ALTER TABLE sales
ADD COLUMN tax_amount REAL DEFAULT 0.0 - [SQLITE_ERROR] SQL error or missing database (duplicate column name: tax_amount)
09:42:29.610 [main] WARN com.pos.system.dao.UserDAOTest -- Statement failed (expected for ALTER TABLE on new schema): ALTER TABLE sales
ADD COLUMN discount_amount REAL DEFAULT 0.0 - [SQLITE_ERROR] SQL error or missing database (duplicate column name: discount_amount)
09:42:29.610 [main] WARN com.pos.system.dao.UserDAOTest -- Statement failed (expected for ALTER TABLE on new schema): -- Migrations for existing databases
ALTER TABLE sale_items
ADD COLUMN discount_amount REAL DEFAULT 0.0 - [SQLITE_ERROR] SQL error or missing database (duplicate column name: discount_amount)
09:42:29.610 [main] WARN com.pos.system.dao.UserDAOTest -- Statement failed (expected for ALTER TABLE on new schema): ALTER TABLE sale_items
ADD COLUMN tax_amount REAL DEFAULT 0.0 - [SQLITE_ERROR] SQL error or missing database (duplicate column name: tax_amount)
09:42:29.610 [main] INFO com.pos.system.dao.UserDAOTest -- In-memory database schema initialized.
09:42:29.614 [main] WARN com.pos.system.dao.UserDAOTest -- Statement failed (expected for ALTER TABLE on new schema): -- Migration for existing databases
ALTER TABLE users
ADD COLUMN force_password_change BOOLEAN DEFAULT 0 - [SQLITE_ERROR] SQL error or missing database (duplicate column name: force_password_change)
09:42:29.616 [main] WARN com.pos.system.dao.UserDAOTest -- Statement failed (expected for ALTER TABLE on new schema): -- Migration: Add image_path if missing (for existing databases)
ALTER TABLE products
ADD COLUMN image_path TEXT - [SQLITE_ERROR] SQL error or missing database (duplicate column name: image_path)
09:42:29.616 [main] WARN com.pos.system.dao.UserDAOTest -- Statement failed (expected for ALTER TABLE on new schema): ALTER TABLE products
ADD COLUMN image_blob BLOB - [SQLITE_ERROR] SQL error or missing database (duplicate column name: image_blob)
09:42:29.616 [main] WARN com.pos.system.dao.UserDAOTest -- Statement failed (expected for ALTER TABLE on new schema): -- Migrations for existing databases
ALTER TABLE sales
ADD COLUMN shift_id INTEGER - [SQLITE_ERROR] SQL error or missing database (duplicate column name: shift_id)
09:42:29.616 [main] WARN com.pos.system.dao.UserDAOTest -- Statement failed (expected for ALTER TABLE on new schema): ALTER TABLE sales
ADD COLUMN subtotal REAL DEFAULT 0.0 - [SQLITE_ERROR] SQL error or missing database (duplicate column name: subtotal)
09:42:29.616 [main] WARN com.pos.system.dao.UserDAOTest -- Statement failed (expected for ALTER TABLE on new schema): ALTER TABLE sales
ADD COLUMN tax_amount REAL DEFAULT 0.0 - [SQLITE_ERROR] SQL error or missing database (duplicate column name: tax_amount)
09:42:29.616 [main] WARN com.pos.system.dao.UserDAOTest -- Statement failed (expected for ALTER TABLE on new schema): ALTER TABLE sales
ADD COLUMN discount_amount REAL DEFAULT 0.0 - [SQLITE_ERROR] SQL error or missing database (duplicate column name: discount_amount)
09:42:29.616 [main] WARN com.pos.system.dao.UserDAOTest -- Statement failed (expected for ALTER TABLE on new schema): -- Migrations for existing databases
ALTER TABLE sale_items
ADD COLUMN discount_amount REAL DEFAULT 0.0 - [SQLITE_ERROR] SQL error or missing database (duplicate column name: discount_amount)
09:42:29.616 [main] WARN com.pos.system.dao.UserDAOTest -- Statement failed (expected for ALTER TABLE on new schema): ALTER TABLE sale_items
ADD COLUMN tax_amount REAL DEFAULT 0.0 - [SQLITE_ERROR] SQL error or missing database (duplicate column name: tax_amount)
09:42:29.616 [main] INFO com.pos.system.dao.UserDAOTest -- In-memory database schema initialized.
09:42:29.619 [main] WARN com.pos.system.dao.UserDAOTest -- Statement failed (expected for ALTER TABLE on new schema): -- Migration for existing databases
ALTER TABLE users
ADD COLUMN force_password_change BOOLEAN DEFAULT 0 - [SQLITE_ERROR] SQL error or missing database (duplicate column name: force_password_change)
09:42:29.620 [main] WARN com.pos.system.dao.UserDAOTest -- Statement failed (expected for ALTER TABLE on new schema): -- Migration: Add image_path if missing (for existing databases)
ALTER TABLE products
ADD COLUMN image_path TEXT - [SQLITE_ERROR] SQL error or missing database (duplicate column name: image_path)
09:42:29.620 [main] WARN com.pos.system.dao.UserDAOTest -- Statement failed (expected for ALTER TABLE on new schema): ALTER TABLE products
ADD COLUMN image_blob BLOB - [SQLITE_ERROR] SQL error or missing database (duplicate column name: image_blob)
09:42:29.620 [main] WARN com.pos.system.dao.UserDAOTest -- Statement failed (expected for ALTER TABLE on new schema): -- Migrations for existing databases
ALTER TABLE sales
ADD COLUMN shift_id INTEGER - [SQLITE_ERROR] SQL error or missing database (duplicate column name: shift_id)
09:42:29.620 [main] WARN com.pos.system.dao.UserDAOTest -- Statement failed (expected for ALTER TABLE on new schema): ALTER TABLE sales
ADD COLUMN subtotal REAL DEFAULT 0.0 - [SQLITE_ERROR] SQL error or missing database (duplicate column name: subtotal)
09:42:29.620 [main] WARN com.pos.system.dao.UserDAOTest -- Statement failed (expected for ALTER TABLE on new schema): ALTER TABLE sales
ADD COLUMN tax_amount REAL DEFAULT 0.0 - [SQLITE_ERROR] SQL error or missing database (duplicate column name: tax_amount)
09:42:29.620 [main] WARN com.pos.system.dao.UserDAOTest -- Statement failed (expected for ALTER TABLE on new schema): ALTER TABLE sales
ADD COLUMN discount_amount REAL DEFAULT 0.0 - [SQLITE_ERROR] SQL error or missing database (duplicate column name: discount_amount)
09:42:29.620 [main] WARN com.pos.system.dao.UserDAOTest -- Statement failed (expected for ALTER TABLE on new schema): -- Migrations for existing databases
ALTER TABLE sale_items
ADD COLUMN discount_amount REAL DEFAULT 0.0 - [SQLITE_ERROR] SQL error or missing database (duplicate column name: discount_amount)
09:42:29.620 [main] WARN com.pos.system.dao.UserDAOTest -- Statement failed (expected for ALTER TABLE on new schema): ALTER TABLE sale_items
ADD COLUMN tax_amount REAL DEFAULT 0.0 - [SQLITE_ERROR] SQL error or missing database (duplicate column name: tax_amount)
09:42:29.621 [main] INFO com.pos.system.dao.UserDAOTest -- In-memory database schema initialized.
09:42:29.623 [main] WARN com.pos.system.dao.UserDAOTest -- Statement failed (expected for ALTER TABLE on new schema): -- Migration for existing databases
ALTER TABLE users
ADD COLUMN force_password_change BOOLEAN DEFAULT 0 - [SQLITE_ERROR] SQL error or missing database (duplicate column name: force_password_change)
09:42:29.623 [main] WARN com.pos.system.dao.UserDAOTest -- Statement failed (expected for ALTER TABLE on new schema): -- Migration: Add image_path if missing (for existing databases)
ALTER TABLE products
ADD COLUMN image_path TEXT - [SQLITE_ERROR] SQL error or missing database (duplicate column name: image_path)
09:42:29.623 [main] WARN com.pos.system.dao.UserDAOTest -- Statement failed (expected for ALTER TABLE on new schema): ALTER TABLE products
ADD COLUMN image_blob BLOB - [SQLITE_ERROR] SQL error or missing database (duplicate column name: image_blob)
09:42:29.623 [main] WARN com.pos.system.dao.UserDAOTest -- Statement failed (expected for ALTER TABLE on new schema): -- Migrations for existing databases
ALTER TABLE sales
ADD COLUMN shift_id INTEGER - [SQLITE_ERROR] SQL error or missing database (duplicate column name: shift_id)
09:42:29.623 [main] WARN com.pos.system.dao.UserDAOTest -- Statement failed (expected for ALTER TABLE on new schema): ALTER TABLE sales
ADD COLUMN subtotal REAL DEFAULT 0.0 - [SQLITE_ERROR] SQL error or missing database (duplicate column name: subtotal)
09:42:29.623 [main] WARN com.pos.system.dao.UserDAOTest -- Statement failed (expected for ALTER TABLE on new schema): ALTER TABLE sales
ADD COLUMN tax_amount REAL DEFAULT 0.0 - [SQLITE_ERROR] SQL error or missing database (duplicate column name: tax_amount)
09:42:29.623 [main] WARN com.pos.system.dao.UserDAOTest -- Statement failed (expected for ALTER TABLE on new schema): ALTER TABLE sales
ADD COLUMN discount_amount REAL DEFAULT 0.0 - [SQLITE_ERROR] SQL error or missing database (duplicate column name: discount_amount)
09:42:29.623 [main] WARN com.pos.system.dao.UserDAOTest -- Statement failed (expected for ALTER TABLE on new schema): -- Migrations for existing databases
ALTER TABLE sale_items
ADD COLUMN discount_amount REAL DEFAULT 0.0 - [SQLITE_ERROR] SQL error or missing database (duplicate column name: discount_amount)
09:42:29.623 [main] WARN com.pos.system.dao.UserDAOTest -- Statement failed (expected for ALTER TABLE on new schema): ALTER TABLE sale_items
ADD COLUMN tax_amount REAL DEFAULT 0.0 - [SQLITE_ERROR] SQL error or missing database (duplicate column name: tax_amount)
09:42:29.623 [main] INFO com.pos.system.dao.UserDAOTest -- In-memory database schema initialized.
09:42:29.626 [main] WARN com.pos.system.dao.UserDAOTest -- Statement failed (expected for ALTER TABLE on new schema): -- Migration for existing databases
ALTER TABLE users
ADD COLUMN force_password_change BOOLEAN DEFAULT 0 - [SQLITE_ERROR] SQL error or missing database (duplicate column name: force_password_change)
09:42:29.626 [main] WARN com.pos.system.dao.UserDAOTest -- Statement failed (expected for ALTER TABLE on new schema): -- Migration: Add image_path if missing (for existing databases)
ALTER TABLE products
ADD COLUMN image_path TEXT - [SQLITE_ERROR] SQL error or missing database (duplicate column name: image_path)
09:42:29.626 [main] WARN com.pos.system.dao.UserDAOTest -- Statement failed (expected for ALTER TABLE on new schema): ALTER TABLE products
ADD COLUMN image_blob BLOB - [SQLITE_ERROR] SQL error or missing database (duplicate column name: image_blob)
09:42:29.628 [main] WARN com.pos.system.dao.UserDAOTest -- Statement failed (expected for ALTER TABLE on new schema): -- Migrations for existing databases
ALTER TABLE sales
ADD COLUMN shift_id INTEGER - [SQLITE_ERROR] SQL error or missing database (duplicate column name: shift_id)
09:42:29.628 [main] WARN com.pos.system.dao.UserDAOTest -- Statement failed (expected for ALTER TABLE on new schema): ALTER TABLE sales
ADD COLUMN subtotal REAL DEFAULT 0.0 - [SQLITE_ERROR] SQL error or missing database (duplicate column name: subtotal)
09:42:29.628 [main] WARN com.pos.system.dao.UserDAOTest -- Statement failed (expected for ALTER TABLE on new schema): ALTER TABLE sales
ADD COLUMN tax_amount REAL DEFAULT 0.0 - [SQLITE_ERROR] SQL error or missing database (duplicate column name: tax_amount)
09:42:29.628 [main] WARN com.pos.system.dao.UserDAOTest -- Statement failed (expected for ALTER TABLE on new schema): ALTER TABLE sales
ADD COLUMN discount_amount REAL DEFAULT 0.0 - [SQLITE_ERROR] SQL error or missing database (duplicate column name: discount_amount)
09:42:29.628 [main] WARN com.pos.system.dao.UserDAOTest -- Statement failed (expected for ALTER TABLE on new schema): -- Migrations for existing databases
ALTER TABLE sale_items
ADD COLUMN discount_amount REAL DEFAULT 0.0 - [SQLITE_ERROR] SQL error or missing database (duplicate column name: discount_amount)
09:42:29.628 [main] WARN com.pos.system.dao.UserDAOTest -- Statement failed (expected for ALTER TABLE on new schema): ALTER TABLE sale_items
ADD COLUMN tax_amount REAL DEFAULT 0.0 - [SQLITE_ERROR] SQL error or missing database (duplicate column name: tax_amount)
09:42:29.629 [main] INFO com.pos.system.dao.UserDAOTest -- In-memory database schema initialized.
09:42:29.632 [main] WARN com.pos.system.dao.UserDAOTest -- Statement failed (expected for ALTER TABLE on new schema): -- Migration for existing databases
ALTER TABLE users
ADD COLUMN force_password_change BOOLEAN DEFAULT 0 - [SQLITE_ERROR] SQL error or missing database (duplicate column name: force_password_change)
09:42:29.632 [main] WARN com.pos.system.dao.UserDAOTest -- Statement failed (expected for ALTER TABLE on new schema): -- Migration: Add image_path if missing (for existing databases)
ALTER TABLE products
ADD COLUMN image_path TEXT - [SQLITE_ERROR] SQL error or missing database (duplicate column name: image_path)
09:42:29.632 [main] WARN com.pos.system.dao.UserDAOTest -- Statement failed (expected for ALTER TABLE on new schema): ALTER TABLE products
ADD COLUMN image_blob BLOB - [SQLITE_ERROR] SQL error or missing database (duplicate column name: image_blob)
09:42:29.632 [main] WARN com.pos.system.dao.UserDAOTest -- Statement failed (expected for ALTER TABLE on new schema): -- Migrations for existing databases
ALTER TABLE sales
ADD COLUMN shift_id INTEGER - [SQLITE_ERROR] SQL error or missing database (duplicate column name: shift_id)
09:42:29.632 [main] WARN com.pos.system.dao.UserDAOTest -- Statement failed (expected for ALTER TABLE on new schema): ALTER TABLE sales
ADD COLUMN subtotal REAL DEFAULT 0.0 - [SQLITE_ERROR] SQL error or missing database (duplicate column name: subtotal)
09:42:29.632 [main] WARN com.pos.system.dao.UserDAOTest -- Statement failed (expected for ALTER TABLE on new schema): ALTER TABLE sales
ADD COLUMN tax_amount REAL DEFAULT 0.0 - [SQLITE_ERROR] SQL error or missing database (duplicate column name: tax_amount)
09:42:29.632 [main] WARN com.pos.system.dao.UserDAOTest -- Statement failed (expected for ALTER TABLE on new schema): ALTER TABLE sales
ADD COLUMN discount_amount REAL DEFAULT 0.0 - [SQLITE_ERROR] SQL error or missing database (duplicate column name: discount_amount)
09:42:29.633 [main] WARN com.pos.system.dao.UserDAOTest -- Statement failed (expected for ALTER TABLE on new schema): -- Migrations for existing databases
ALTER TABLE sale_items
ADD COLUMN discount_amount REAL DEFAULT 0.0 - [SQLITE_ERROR] SQL error or missing database (duplicate column name: discount_amount)
09:42:29.633 [main] WARN com.pos.system.dao.UserDAOTest -- Statement failed (expected for ALTER TABLE on new schema): ALTER TABLE sale_items
ADD COLUMN tax_amount REAL DEFAULT 0.0 - [SQLITE_ERROR] SQL error or missing database (duplicate column name: tax_amount)
09:42:29.633 [main] INFO com.pos.system.dao.UserDAOTest -- In-memory database schema initialized.
[INFO] Tests run: 7, Failures: 0, Errors: 0, Skipped: 0, Time elapsed: 0.033 s -- in com.pos.system.dao.UserDAOTest
[INFO] Running com.pos.system.services.CategoryServiceTest
[INFO] Tests run: 4, Failures: 0, Errors: 0, Skipped: 0, Time elapsed: 0.025 s -- in com.pos.system.services.CategoryServiceTest
[INFO] Running com.pos.system.services.CheckoutServiceTest
09:42:29.722 [main] INFO com.pos.system.services.CheckoutService -- Sale header created with ID: 500
09:42:29.722 [main] INFO com.pos.system.services.CheckoutService -- Sale items inserted for Sale ID: 500
09:42:29.723 [main] INFO com.pos.system.services.CheckoutService -- Inventory updated for 1 items.
09:42:29.723 [main] INFO com.pos.system.services.CheckoutService -- Checkout transaction committed successfully.
09:42:29.734 [main] ERROR com.pos.system.services.CheckoutService -- Checkout failed, rolling back transaction.
java.sql.SQLException: Database error
	at com.pos.system.dao.SaleDAO.insertSale(SaleDAO.java:108)
	at com.pos.system.services.CheckoutService.processCheckout(CheckoutService.java:58)
	at com.pos.system.services.CheckoutServiceTest.lambda$testProcessCheckout_RollbackOnException$0(CheckoutServiceTest.java:119)
	at org.junit.jupiter.api.AssertThrows.assertThrows(AssertThrows.java:53)
	at org.junit.jupiter.api.AssertThrows.assertThrows(AssertThrows.java:35)
	at org.junit.jupiter.api.Assertions.assertThrows(Assertions.java:3115)
	at com.pos.system.services.CheckoutServiceTest.testProcessCheckout_RollbackOnException(CheckoutServiceTest.java:118)
	at java.base/jdk.internal.reflect.DirectMethodHandleAccessor.invoke(DirectMethodHandleAccessor.java:104)
	at java.base/java.lang.reflect.Method.invoke(Method.java:565)
	at org.junit.platform.commons.util.ReflectionUtils.invokeMethod(ReflectionUtils.java:728)
	at org.junit.jupiter.engine.execution.MethodInvocation.proceed(MethodInvocation.java:60)
	at org.junit.jupiter.engine.execution.InvocationInterceptorChain$ValidatingInvocation.proceed(InvocationInterceptorChain.java:131)
	at org.junit.jupiter.engine.extension.TimeoutExtension.intercept(TimeoutExtension.java:156)
	at org.junit.jupiter.engine.extension.TimeoutExtension.interceptTestableMethod(TimeoutExtension.java:147)
	at org.junit.jupiter.engine.extension.TimeoutExtension.interceptTestMethod(TimeoutExtension.java:86)
	at org.junit.jupiter.engine.execution.InterceptingExecutableInvoker$ReflectiveInterceptorCall.lambda$ofVoidMethod$0(InterceptingExecutableInvoker.java:103)
	at org.junit.jupiter.engine.execution.InterceptingExecutableInvoker.lambda$invoke$0(InterceptingExecutableInvoker.java:93)
	at org.junit.jupiter.engine.execution.InvocationInterceptorChain$InterceptedInvocation.proceed(InvocationInterceptorChain.java:106)
	at org.junit.jupiter.engine.execution.InvocationInterceptorChain.proceed(InvocationInterceptorChain.java:64)
	at org.junit.jupiter.engine.execution.InvocationInterceptorChain.chainAndInvoke(InvocationInterceptorChain.java:45)
	at org.junit.jupiter.engine.execution.InvocationInterceptorChain.invoke(InvocationInterceptorChain.java:37)
	at org.junit.jupiter.engine.execution.InterceptingExecutableInvoker.invoke(InterceptingExecutableInvoker.java:92)
	at org.junit.jupiter.engine.execution.InterceptingExecutableInvoker.invoke(InterceptingExecutableInvoker.java:86)
	at org.junit.jupiter.engine.descriptor.TestMethodTestDescriptor.lambda$invokeTestMethod$7(TestMethodTestDescriptor.java:218)
	at org.junit.platform.engine.support.hierarchical.ThrowableCollector.execute(ThrowableCollector.java:73)
	at org.junit.jupiter.engine.descriptor.TestMethodTestDescriptor.invokeTestMethod(TestMethodTestDescriptor.java:214)
	at org.junit.jupiter.engine.descriptor.TestMethodTestDescriptor.execute(TestMethodTestDescriptor.java:139)
	at org.junit.jupiter.engine.descriptor.TestMethodTestDescriptor.execute(TestMethodTestDescriptor.java:69)
	at org.junit.platform.engine.support.hierarchical.NodeTestTask.lambda$executeRecursively$6(NodeTestTask.java:151)
	at org.junit.platform.engine.support.hierarchical.ThrowableCollector.execute(ThrowableCollector.java:73)
	at org.junit.platform.engine.support.hierarchical.NodeTestTask.lambda$executeRecursively$8(NodeTestTask.java:141)
	at org.junit.platform.engine.support.hierarchical.Node.around(Node.java:137)
	at org.junit.platform.engine.support.hierarchical.NodeTestTask.lambda$executeRecursively$9(NodeTestTask.java:139)
	at org.junit.platform.engine.support.hierarchical.ThrowableCollector.execute(ThrowableCollector.java:73)
	at org.junit.platform.engine.support.hierarchical.NodeTestTask.executeRecursively(NodeTestTask.java:138)
	at org.junit.platform.engine.support.hierarchical.NodeTestTask.execute(NodeTestTask.java:95)
	at java.base/java.util.ArrayList.forEach(ArrayList.java:1604)
	at org.junit.platform.engine.support.hierarchical.SameThreadHierarchicalTestExecutorService.invokeAll(SameThreadHierarchicalTestExecutorService.java:41)
	at org.junit.platform.engine.support.hierarchical.NodeTestTask.lambda$executeRecursively$6(NodeTestTask.java:155)
	at org.junit.platform.engine.support.hierarchical.ThrowableCollector.execute(ThrowableCollector.java:73)
	at org.junit.platform.engine.support.hierarchical.NodeTestTask.lambda$executeRecursively$8(NodeTestTask.java:141)
	at org.junit.platform.engine.support.hierarchical.Node.around(Node.java:137)
	at org.junit.platform.engine.support.hierarchical.NodeTestTask.lambda$executeRecursively$9(NodeTestTask.java:139)
	at org.junit.platform.engine.support.hierarchical.ThrowableCollector.execute(ThrowableCollector.java:73)
	at org.junit.platform.engine.support.hierarchical.NodeTestTask.executeRecursively(NodeTestTask.java:138)
	at org.junit.platform.engine.support.hierarchical.NodeTestTask.execute(NodeTestTask.java:95)
	at java.base/java.util.ArrayList.forEach(ArrayList.java:1604)
	at org.junit.platform.engine.support.hierarchical.SameThreadHierarchicalTestExecutorService.invokeAll(SameThreadHierarchicalTestExecutorService.java:41)
	at org.junit.platform.engine.support.hierarchical.NodeTestTask.lambda$executeRecursively$6(NodeTestTask.java:155)
	at org.junit.platform.engine.support.hierarchical.ThrowableCollector.execute(ThrowableCollector.java:73)
	at org.junit.platform.engine.support.hierarchical.NodeTestTask.lambda$executeRecursively$8(NodeTestTask.java:141)
	at org.junit.platform.engine.support.hierarchical.Node.around(Node.java:137)
	at org.junit.platform.engine.support.hierarchical.NodeTestTask.lambda$executeRecursively$9(NodeTestTask.java:139)
	at org.junit.platform.engine.support.hierarchical.ThrowableCollector.execute(ThrowableCollector.java:73)
	at org.junit.platform.engine.support.hierarchical.NodeTestTask.executeRecursively(NodeTestTask.java:138)
	at org.junit.platform.engine.support.hierarchical.NodeTestTask.execute(NodeTestTask.java:95)
	at org.junit.platform.engine.support.hierarchical.SameThreadHierarchicalTestExecutorService.submit(SameThreadHierarchicalTestExecutorService.java:35)
	at org.junit.platform.engine.support.hierarchical.HierarchicalTestExecutor.execute(HierarchicalTestExecutor.java:57)
	at org.junit.platform.engine.support.hierarchical.HierarchicalTestEngine.execute(HierarchicalTestEngine.java:54)
	at org.junit.platform.launcher.core.EngineExecutionOrchestrator.execute(EngineExecutionOrchestrator.java:198)
	at org.junit.platform.launcher.core.EngineExecutionOrchestrator.execute(EngineExecutionOrchestrator.java:169)
	at org.junit.platform.launcher.core.EngineExecutionOrchestrator.execute(EngineExecutionOrchestrator.java:93)
	at org.junit.platform.launcher.core.EngineExecutionOrchestrator.lambda$execute$0(EngineExecutionOrchestrator.java:58)
	at org.junit.platform.launcher.core.EngineExecutionOrchestrator.withInterceptedStreams(EngineExecutionOrchestrator.java:141)
	at org.junit.platform.launcher.core.EngineExecutionOrchestrator.execute(EngineExecutionOrchestrator.java:57)
	at org.junit.platform.launcher.core.DefaultLauncher.execute(DefaultLauncher.java:103)
	at org.junit.platform.launcher.core.DefaultLauncher.execute(DefaultLauncher.java:85)
	at org.junit.platform.launcher.core.DelegatingLauncher.execute(DelegatingLauncher.java:47)
	at org.apache.maven.surefire.junitplatform.LazyLauncher.execute(LazyLauncher.java:56)
	at org.apache.maven.surefire.junitplatform.JUnitPlatformProvider.execute(JUnitPlatformProvider.java:184)
	at org.apache.maven.surefire.junitplatform.JUnitPlatformProvider.invokeAllTests(JUnitPlatformProvider.java:148)
	at org.apache.maven.surefire.junitplatform.JUnitPlatformProvider.invoke(JUnitPlatformProvider.java:122)
	at org.apache.maven.surefire.booter.ForkedBooter.runSuitesInProcess(ForkedBooter.java:385)
	at org.apache.maven.surefire.booter.ForkedBooter.execute(ForkedBooter.java:162)
	at org.apache.maven.surefire.booter.ForkedBooter.run(ForkedBooter.java:507)
	at org.apache.maven.surefire.booter.ForkedBooter.main(ForkedBooter.java:495)
[INFO] Tests run: 2, Failures: 0, Errors: 0, Skipped: 0, Time elapsed: 0.071 s -- in com.pos.system.services.CheckoutServiceTest
[INFO] Running com.pos.system.services.InventoryServiceTest
[INFO] Tests run: 3, Failures: 0, Errors: 0, Skipped: 0, Time elapsed: 0.299 s -- in com.pos.system.services.InventoryServiceTest
[INFO] Running com.pos.system.services.PrinterServiceTest
No default printer found. Printing to console instead.
[INFO] Tests run: 2, Failures: 0, Errors: 0, Skipped: 0, Time elapsed: 0.057 s -- in com.pos.system.services.PrinterServiceTest
[INFO] Running com.pos.system.services.ReportingServiceTest
[INFO] Tests run: 1, Failures: 0, Errors: 0, Skipped: 0, Time elapsed: 0.009 s -- in com.pos.system.services.ReportingServiceTest
[INFO] Running com.pos.system.services.SecurityServiceTest
[INFO] Tests run: 5, Failures: 0, Errors: 0, Skipped: 0, Time elapsed: 0.548 s -- in com.pos.system.services.SecurityServiceTest
[INFO] Running com.pos.system.services.ShiftAnalyticsTest
[INFO] Tests run: 1, Failures: 0, Errors: 0, Skipped: 0, Time elapsed: 0.015 s -- in com.pos.system.services.ShiftAnalyticsTest
[INFO] Running com.pos.system.services.StockAdjustmentServiceTest
[INFO] Tests run: 1, Failures: 0, Errors: 0, Skipped: 0, Time elapsed: 0.006 s -- in com.pos.system.services.StockAdjustmentServiceTest
[INFO] Running com.pos.system.services.StoreEventsTest
[INFO] Tests run: 1, Failures: 0, Errors: 0, Skipped: 0, Time elapsed: 0.007 s -- in com.pos.system.services.StoreEventsTest
[INFO] Running com.pos.system.services.StoreMonitorServiceTest
[INFO] Tests run: 1, Failures: 0, Errors: 0, Skipped: 0, Time elapsed: 0.187 s -- in com.pos.system.services.StoreMonitorServiceTest
[INFO] 
[INFO] Results:
[INFO] 
[ERROR] Failures: 
[ERROR]   ShiftControllerTest.testOpenShift:125 
Wanted but not invoked:
shiftDAO.create(
    <any com.pos.system.models.Shift>
);
-> at com.pos.system.dao.ShiftDAO.create(ShiftDAO.java:21)
Actually, there were zero interactions with this mock.

[ERROR] Errors: 
[ERROR]   CashDrawerControllerTest.testTransactionsLoaded(FxRobot)  Runtime java.util.concurrent.ExecutionException: java.lang.reflect.InvocationTargetException
[ERROR]   CheckoutControllerTest.testCheckoutFlow(FxRobot)  Runtime java.util.concurrent.ExecutionException: java.lang.reflect.InvocationTargetException
[ERROR]   DashboardControllerTest.testCashierUserOptionsHidden(FxRobot)  Runtime java.util.concurrent.ExecutionException: java.lang.reflect.InvocationTargetException
[ERROR]   ReportsControllerTest.testReportsLoaded(FxRobot)  Runtime java.util.concurrent.ExecutionException: java.lang.reflect.InvocationTargetException
[ERROR]   TransactionDetailsControllerTest.testTransactionDetailsLoaded(FxRobot)  Runtime java.util.concurrent.ExecutionException: java.lang.reflect.InvocationTargetException
[INFO] 
[ERROR] Tests run: 84, Failures: 1, Errors: 5, Skipped: 0
[INFO] 
[INFO] ------------------------------------------------------------------------
[INFO] BUILD FAILURE
[INFO] ------------------------------------------------------------------------
[INFO] Total time:  01:08 min
[INFO] Finished at: 2026-02-22T09:42:31+06:30
[INFO] ------------------------------------------------------------------------
[ERROR] Failed to execute goal org.apache.maven.plugins:maven-surefire-plugin:3.1.2:test (default-test) on project store-manager: There are test failures.
[ERROR] 
[ERROR] Please refer to C:\POS\target\surefire-reports for the individual test results.
[ERROR] Please refer to dump files (if any exist) [date].dump, [date]-jvmRun[N].dump and [date].dumpstream.
[ERROR] -> [Help 1]
[ERROR] 
[ERROR] To see the full stack trace of the errors, re-run Maven with the -e switch.
[ERROR] Re-run Maven using the -X switch to enable full debug logging.
[ERROR] 
[ERROR] For more information about the errors and possible solutions, please read the following articles:
[ERROR] [Help 1] http://cwiki.apache.org/confluence/display/MAVEN/MojoFailureException
