[INFO] Scanning for projects...
[INFO] 
[INFO] -----------------------< com.pos:store-manager >------------------------
[INFO] Building store-manager 1.0-SNAPSHOT
[INFO]   from pom.xml
[INFO] --------------------------------[ jar ]---------------------------------
[WARNING] 6 problems were encountered while building the effective model for org.openjfx:javafx-controls:jar:21 during dependency collection step for project (use -X to see details)
[WARNING] 6 problems were encountered while building the effective model for org.openjfx:javafx-controls:jar:20 during dependency collection step for project (use -X to see details)
[INFO] 
[INFO] --- resources:3.3.1:resources (default-resources) @ store-manager ---
[INFO] Copying 22 resources from src\main\resources to target\classes
[INFO] 
[INFO] --- compiler:3.11.0:compile (default-compile) @ store-manager ---
[INFO] Nothing to compile - all classes are up to date
[INFO] 
[INFO] --- resources:3.3.1:testResources (default-testResources) @ store-manager ---
[INFO] skip non existing resourceDirectory C:\POS\src\test\resources
[INFO] 
[INFO] --- compiler:3.11.0:testCompile (default-testCompile) @ store-manager ---
[INFO] Nothing to compile - all classes are up to date
[INFO] 
[INFO] --- surefire:3.1.2:test (default-test) @ store-manager ---
[INFO] Using auto detected provider org.apache.maven.surefire.junitplatform.JUnitPlatformProvider
[INFO] 
[INFO] -------------------------------------------------------
[INFO]  T E S T S
[INFO] -------------------------------------------------------
WARNING: Unknown module: javafx.graphics specified to --add-exports
[INFO] Running com.pos.system.controllers.CheckoutControllerTest
WARNING: A restricted method in java.lang.System has been called
WARNING: java.lang.System::load has been called by com.sun.glass.utils.NativeLibLoader in an unnamed module (file:/C:/Users/User/.m2/repository/org/openjfx/javafx-graphics/21/javafx-graphics-21-win.jar)
WARNING: Use --enable-native-access=ALL-UNNAMED to avoid a warning for callers in this module
WARNING: Restricted methods will be blocked in a future release unless native access is enabled

Feb 22, 2026 8:57:31 AM com.sun.javafx.application.PlatformImpl startup
WARNING: Unsupported JavaFX configuration: classes were loaded from 'unnamed module @7b69c6ba'
OpenJDK 64-Bit Server VM warning: Sharing is only supported for boot loader classes because bootstrap classpath has been appended
WARNING: A terminally deprecated method in sun.misc.Unsafe has been called
WARNING: sun.misc.Unsafe::objectFieldOffset has been called by net.bytebuddy.dynamic.loading.ClassInjector$UsingUnsafe$Dispatcher$CreationAction (file:/C:/Users/User/.m2/repository/net/bytebuddy/byte-buddy/1.14.12/byte-buddy-1.14.12.jar)
WARNING: Please consider reporting this to the maintainers of class net.bytebuddy.dynamic.loading.ClassInjector$UsingUnsafe$Dispatcher$CreationAction
WARNING: sun.misc.Unsafe::objectFieldOffset will be removed in a future release
[ERROR] Tests run: 1, Failures: 0, Errors: 1, Skipped: 0, Time elapsed: 3.750 s <<< FAILURE! -- in com.pos.system.controllers.CheckoutControllerTest
[ERROR] com.pos.system.controllers.CheckoutControllerTest.testCheckoutFlow(FxRobot) -- Time elapsed: 3.731 s <<< ERROR!
java.lang.RuntimeException: org.testfx.service.locator.BoundsLocatorException: bounds are not visible in Scene
	at org.testfx.service.query.impl.CallableBoundsPointQuery.fetchCallableBounds(CallableBoundsPointQuery.java:52)
	at org.testfx.service.query.impl.CallableBoundsPointQuery.query(CallableBoundsPointQuery.java:40)
	at org.testfx.robot.impl.MoveRobotImpl.moveTo(MoveRobotImpl.java:72)
	at org.testfx.robot.impl.ClickRobotImpl.clickOn(ClickRobotImpl.java:54)
	at org.testfx.api.FxRobot.clickOn(FxRobot.java:582)
	at org.testfx.api.FxRobot.clickOn(FxRobot.java:615)
	at org.testfx.api.FxRobot.clickOn(FxRobot.java:59)
	at org.testfx.api.FxRobotInterface.clickOn(FxRobotInterface.java:597)
	at com.pos.system.controllers.CheckoutControllerTest.testCheckoutFlow(CheckoutControllerTest.java:121)
	at java.base/java.lang.reflect.Method.invoke(Method.java:565)
	at java.base/java.util.ArrayList.forEach(ArrayList.java:1604)
	at java.base/java.util.ArrayList.forEach(ArrayList.java:1604)
Caused by: org.testfx.service.locator.BoundsLocatorException: bounds are not visible in Scene
	at org.testfx.service.locator.impl.BoundsLocatorImpl.limitToVisibleBounds(BoundsLocatorImpl.java:80)
	at org.testfx.service.locator.impl.BoundsLocatorImpl.boundsInSceneFor(BoundsLocatorImpl.java:33)
	at org.testfx.service.locator.impl.BoundsLocatorImpl.boundsOnScreenFor(BoundsLocatorImpl.java:50)
	at org.testfx.service.locator.impl.PointLocatorImpl.lambda$point$0(PointLocatorImpl.java:52)
	at org.testfx.service.query.impl.CallableBoundsPointQuery.fetchCallableBounds(CallableBoundsPointQuery.java:49)
	... 11 more

[INFO] 
[INFO] Results:
[INFO] 
[ERROR] Errors: 
[ERROR]   CheckoutControllerTest.testCheckoutFlow:121 Â» Runtime org.testfx.service.locator.BoundsLocatorException: bounds are not visible in Scene
[INFO] 
[ERROR] Tests run: 1, Failures: 0, Errors: 1, Skipped: 0
[INFO] 
[INFO] ------------------------------------------------------------------------
[INFO] BUILD FAILURE
[INFO] ------------------------------------------------------------------------
[INFO] Total time:  5.851 s
[INFO] Finished at: 2026-02-22T08:57:35+06:30
[INFO] ------------------------------------------------------------------------
[ERROR] Failed to execute goal org.apache.maven.plugins:maven-surefire-plugin:3.1.2:test (default-test) on project store-manager: 
[ERROR] 
[ERROR] Please refer to C:\POS\target\surefire-reports for the individual test results.
[ERROR] Please refer to dump files (if any exist) [date].dump, [date]-jvmRun[N].dump and [date].dumpstream.
[ERROR] -> [Help 1]
[ERROR] 
[ERROR] To see the full stack trace of the errors, re-run Maven with the -e switch.
[ERROR] Re-run Maven using the -X switch to enable full debug logging.
[ERROR] 
[ERROR] For more information about the errors and possible solutions, please read the following articles:
[ERROR] [Help 1] http://cwiki.apache.org/confluence/display/MAVEN/MojoFailureException
