[INFO] Scanning for projects...
[INFO] 
[INFO] -----------------------< com.pos:store-manager >------------------------
[INFO] Building store-manager 1.0-SNAPSHOT
[INFO]   from pom.xml
[INFO] --------------------------------[ jar ]---------------------------------
[WARNING] 6 problems were encountered while building the effective model for org.openjfx:javafx-controls:jar:21 during dependency collection step for project (use -X to see details)
[WARNING] 6 problems were encountered while building the effective model for org.openjfx:javafx-controls:jar:20 during dependency collection step for project (use -X to see details)
[INFO] 
[INFO] --- resources:3.3.1:resources (default-resources) @ store-manager ---
[INFO] Copying 22 resources from src\main\resources to target\classes
[INFO] 
[INFO] --- compiler:3.11.0:compile (default-compile) @ store-manager ---
[INFO] Nothing to compile - all classes are up to date
[INFO] 
[INFO] --- resources:3.3.1:testResources (default-testResources) @ store-manager ---
[INFO] skip non existing resourceDirectory C:\POS\src\test\resources
[INFO] 
[INFO] --- compiler:3.11.0:testCompile (default-testCompile) @ store-manager ---
[INFO] Changes detected - recompiling the module! :source
[INFO] Compiling 38 source files with javac [debug target 17] to target\test-classes
[INFO] /C:/POS/src/test/java/com/pos/system/controllers/FinanceControllerTest.java: Some input files use unchecked or unsafe operations.
[INFO] /C:/POS/src/test/java/com/pos/system/controllers/FinanceControllerTest.java: Recompile with -Xlint:unchecked for details.
[INFO] Some messages have been simplified; recompile with -Xdiags:verbose to get full output
[INFO] -------------------------------------------------------------
[WARNING] COMPILATION WARNING : 
[INFO] -------------------------------------------------------------
[WARNING] location of system modules is not set in conjunction with -source 17
  not setting the location of system modules may lead to class files that cannot run on JDK 17
    --release 17 is recommended instead of -source 17 -target 17 because it sets the location of system modules automatically
[INFO] 1 warning
[INFO] -------------------------------------------------------------
[INFO] -------------------------------------------------------------
[ERROR] COMPILATION ERROR : 
[INFO] -------------------------------------------------------------
[ERROR] /C:/POS/src/test/java/com/pos/system/controllers/CashDrawerControllerTest.java:[51,77] incompatible types: java.lang.String cannot be converted to double
[ERROR] /C:/POS/src/test/java/com/pos/system/controllers/ShiftControllerTest.java:[57,29] 'void' type not allowed here
[ERROR] /C:/POS/src/test/java/com/pos/system/controllers/ShiftControllerTest.java:[66,24] no suitable constructor found for User(no arguments)
    constructor com.pos.system.models.User.User(int,java.lang.String,java.lang.String,java.lang.String) is not applicable
      (actual and formal argument lists differ in length)
    constructor com.pos.system.models.User.User(int,java.lang.String,java.lang.String,java.lang.String,boolean) is not applicable
      (actual and formal argument lists differ in length)
[INFO] 3 errors 
[INFO] -------------------------------------------------------------
[INFO] ------------------------------------------------------------------------
[INFO] BUILD FAILURE
[INFO] ------------------------------------------------------------------------
[INFO] Total time:  2.275 s
[INFO] Finished at: 2026-02-22T09:07:52+06:30
[INFO] ------------------------------------------------------------------------
[ERROR] Failed to execute goal org.apache.maven.plugins:maven-compiler-plugin:3.11.0:testCompile (default-testCompile) on project store-manager: Compilation failure: Compilation failure: 
[ERROR] /C:/POS/src/test/java/com/pos/system/controllers/CashDrawerControllerTest.java:[51,77] incompatible types: java.lang.String cannot be converted to double
[ERROR] /C:/POS/src/test/java/com/pos/system/controllers/ShiftControllerTest.java:[57,29] 'void' type not allowed here
[ERROR] /C:/POS/src/test/java/com/pos/system/controllers/ShiftControllerTest.java:[66,24] no suitable constructor found for User(no arguments)
[ERROR]     constructor com.pos.system.models.User.User(int,java.lang.String,java.lang.String,java.lang.String) is not applicable
[ERROR]       (actual and formal argument lists differ in length)
[ERROR]     constructor com.pos.system.models.User.User(int,java.lang.String,java.lang.String,java.lang.String,boolean) is not applicable
[ERROR]       (actual and formal argument lists differ in length)
[ERROR] -> [Help 1]
[ERROR] 
[ERROR] To see the full stack trace of the errors, re-run Maven with the -e switch.
[ERROR] Re-run Maven using the -X switch to enable full debug logging.
[ERROR] 
[ERROR] For more information about the errors and possible solutions, please read the following articles:
[ERROR] [Help 1] http://cwiki.apache.org/confluence/display/MAVEN/MojoFailureException
