-------------------------------------------------------------------------------
Test set: com.pos.system.controllers.DashboardControllerTest
-------------------------------------------------------------------------------
Tests run: 1, Failures: 0, Errors: 1, Skipped: 0, Time elapsed: 0.007 s <<< FAILURE! -- in com.pos.system.controllers.DashboardControllerTest
com.pos.system.controllers.DashboardControllerTest.testCashierUserOptionsHidden(FxRobot) -- Time elapsed: 0.003 s <<< ERROR!
java.lang.RuntimeException: java.lang.UnsupportedOperationException: Unable to open DISPLAY
	at org.testfx.util.WaitForAsyncUtils.waitFor(WaitForAsyncUtils.java:301)
	at org.testfx.api.FxToolkit.registerPrimaryStage(FxToolkit.java:113)
	at org.testfx.framework.junit5.ApplicationExtension.beforeEach(ApplicationExtension.java:81)
	at java.base/java.util.ArrayList.forEach(ArrayList.java:1596)
	at java.base/java.util.ArrayList.forEach(ArrayList.java:1596)
	Suppressed: java.util.concurrent.TimeoutException: FX Application Thread not running
		at org.testfx.api.FxToolkit.cleanupApplication(FxToolkit.java:180)
		at org.testfx.api.FxToolkit.cleanupAfterTest(FxToolkit.java:186)
		at org.testfx.framework.junit5.ApplicationExtension.afterEach(ApplicationExtension.java:87)
		... 2 more
Caused by: java.lang.UnsupportedOperationException: Unable to open DISPLAY
	at com.sun.glass.ui.gtk.GtkApplication.lambda$new$5(GtkApplication.java:164)
	at java.base/java.security.AccessController.doPrivileged(AccessController.java:319)
	at com.sun.glass.ui.gtk.GtkApplication.<init>(GtkApplication.java:162)
	at com.sun.glass.ui.gtk.GtkPlatformFactory.createApplication(GtkPlatformFactory.java:40)
	at com.sun.glass.ui.Application.run(Application.java:146)
	at com.sun.javafx.tk.quantum.QuantumToolkit.startup(QuantumToolkit.java:290)
	at com.sun.javafx.application.PlatformImpl.startup(PlatformImpl.java:292)
	at com.sun.javafx.application.PlatformImpl.startup(PlatformImpl.java:162)
	at com.sun.javafx.application.LauncherImpl.startToolkit(LauncherImpl.java:651)
	at com.sun.javafx.application.LauncherImpl.launchApplication1(LauncherImpl.java:671)
	at com.sun.javafx.application.LauncherImpl.lambda$launchApplication$2(LauncherImpl.java:196)
	at java.base/java.lang.Thread.run(Thread.java:1583)
