-------------------------------------------------------------------------------
Test set: com.pos.system.database.DatabaseManagerBackupTest
-------------------------------------------------------------------------------
Tests run: 2, Failures: 2, Errors: 0, Skipped: 0, Time elapsed: 0.563 s <<< FAILURE! -- in com.pos.system.database.DatabaseManagerBackupTest
com.pos.system.database.DatabaseManagerBackupTest.testManualBackupSucceedsAndIgnoresPruning -- Time elapsed: 0.493 s <<< FAILURE!
org.opentest4j.AssertionFailedError: One manual backup should exist ==> expected: <1> but was: <0>
	at org.junit.jupiter.api.AssertionFailureBuilder.build(AssertionFailureBuilder.java:151)
	at org.junit.jupiter.api.AssertionFailureBuilder.buildAndThrow(AssertionFailureBuilder.java:132)
	at org.junit.jupiter.api.AssertEquals.failNotEqual(AssertEquals.java:197)
	at org.junit.jupiter.api.AssertEquals.assertEquals(AssertEquals.java:166)
	at org.junit.jupiter.api.Assertions.assertEquals(Assertions.java:664)
	at com.pos.system.database.DatabaseManagerBackupTest.testManualBackupSucceedsAndIgnoresPruning(DatabaseManagerBackupTest.java:66)
	at java.base/java.lang.reflect.Method.invoke(Method.java:580)
	at java.base/java.util.ArrayList.forEach(ArrayList.java:1596)
	at java.base/java.util.ArrayList.forEach(ArrayList.java:1596)

com.pos.system.database.DatabaseManagerBackupTest.testAutoBackupAndPruningLogic -- Time elapsed: 0.032 s <<< FAILURE!
org.opentest4j.AssertionFailedError: Only 30 auto backups should remain after pruning ==> expected: <30> but was: <35>
	at org.junit.jupiter.api.AssertionFailureBuilder.build(AssertionFailureBuilder.java:151)
	at org.junit.jupiter.api.AssertionFailureBuilder.buildAndThrow(AssertionFailureBuilder.java:132)
	at org.junit.jupiter.api.AssertEquals.failNotEqual(AssertEquals.java:197)
	at org.junit.jupiter.api.AssertEquals.assertEquals(AssertEquals.java:166)
	at org.junit.jupiter.api.Assertions.assertEquals(Assertions.java:664)
	at com.pos.system.database.DatabaseManagerBackupTest.testAutoBackupAndPruningLogic(DatabaseManagerBackupTest.java:94)
	at java.base/java.lang.reflect.Method.invoke(Method.java:580)
	at java.base/java.util.ArrayList.forEach(ArrayList.java:1596)
	at java.base/java.util.ArrayList.forEach(ArrayList.java:1596)
