-------------------------------------------------------------------------------
Test set: com.pos.system.services.ReportingServiceTest
-------------------------------------------------------------------------------
Tests run: 1, Failures: 1, Errors: 0, Skipped: 0, Time elapsed: 0.023 s <<< FAILURE! -- in com.pos.system.services.ReportingServiceTest
com.pos.system.services.ReportingServiceTest.testGenerateDailyZReport -- Time elapsed: 0.020 s <<< FAILURE!
org.opentest4j.AssertionFailedError: Unexpected exception thrown: java.lang.NullPointerException: Cannot invoke "java.util.ResourceBundle.getString(String)" because "b" is null
	at org.junit.jupiter.api.AssertionFailureBuilder.build(AssertionFailureBuilder.java:152)
	at org.junit.jupiter.api.AssertDoesNotThrow.createAssertionFailedError(AssertDoesNotThrow.java:84)
	at org.junit.jupiter.api.AssertDoesNotThrow.assertDoesNotThrow(AssertDoesNotThrow.java:75)
	at org.junit.jupiter.api.AssertDoesNotThrow.assertDoesNotThrow(AssertDoesNotThrow.java:58)
	at org.junit.jupiter.api.Assertions.assertDoesNotThrow(Assertions.java:3228)
	at com.pos.system.services.ReportingServiceTest.testGenerateDailyZReport(ReportingServiceTest.java:14)
	at java.base/java.lang.reflect.Method.invoke(Method.java:580)
	at java.base/java.util.ArrayList.forEach(ArrayList.java:1596)
	at java.base/java.util.ArrayList.forEach(ArrayList.java:1596)
Caused by: java.lang.NullPointerException: Cannot invoke "java.util.ResourceBundle.getString(String)" because "b" is null
	at com.pos.system.services.ReportingService.generateRangeReportCSV(ReportingService.java:75)
	at com.pos.system.services.ReportingService.generateDailyZReportCSV(ReportingService.java:53)
	at com.pos.system.services.ReportingServiceTest.lambda$testGenerateDailyZReport$0(ReportingServiceTest.java:14)
	at org.junit.jupiter.api.AssertDoesNotThrow.assertDoesNotThrow(AssertDoesNotThrow.java:71)
	... 6 more
