<?xml version="1.0" encoding="UTF-8"?>
<testsuite xmlns:xsi="http://www.w3.org/2001/XMLSchema-instance" xsi:noNamespaceSchemaLocation="https://maven.apache.org/surefire/maven-surefire-plugin/xsd/surefire-test-report-3.0.xsd" version="3.0" name="com.pos.system.dao.InventoryTransactionDAOTest" time="0.036" tests="3" errors="0" skipped="0" failures="0">
  <properties>
[...]
</properties>
  <testcase name="testInsertAndGetTransactions" classname="com.pos.system.dao.InventoryTransactionDAOTest" time="0.02">
    <system-out><![CDATA[15:41:40.588 [main] WARN com.pos.system.dao.InventoryTransactionDAOTest -- Statement failed (expected for ALTER TABLE on new schema): -- Migration for existing databases
ALTER TABLE users
ADD COLUMN force_password_change BOOLEAN DEFAULT 0 - [SQLITE_ERROR] SQL error or missing database (duplicate column name: force_password_change)
15:41:40.589 [main] WARN com.pos.system.dao.InventoryTransactionDAOTest -- Statement failed (expected for ALTER TABLE on new schema): -- Migration: Add image_path if missing (for existing databases)
ALTER TABLE products
ADD COLUMN image_path TEXT - [SQLITE_ERROR] SQL error or missing database (duplicate column name: image_path)
15:41:40.589 [main] WARN com.pos.system.dao.InventoryTransactionDAOTest -- Statement failed (expected for ALTER TABLE on new schema): ALTER TABLE products
ADD COLUMN image_blob BLOB - [SQLITE_ERROR] SQL error or missing database (duplicate column name: image_blob)
15:41:40.589 [main] WARN com.pos.system.dao.InventoryTransactionDAOTest -- Statement failed (expected for ALTER TABLE on new schema): -- Migrations for existing databases
ALTER TABLE sales
ADD COLUMN subtotal REAL DEFAULT 0.0 - [SQLITE_ERROR] SQL error or missing database (duplicate column name: subtotal)
15:41:40.590 [main] WARN com.pos.system.dao.InventoryTransactionDAOTest -- Statement failed (expected for ALTER TABLE on new schema): ALTER TABLE sales
ADD COLUMN tax_amount REAL DEFAULT 0.0 - [SQLITE_ERROR] SQL error or missing database (duplicate column name: tax_amount)
15:41:40.590 [main] WARN com.pos.system.dao.InventoryTransactionDAOTest -- Statement failed (expected for ALTER TABLE on new schema): ALTER TABLE sales
ADD COLUMN discount_amount REAL DEFAULT 0.0 - [SQLITE_ERROR] SQL error or missing database (duplicate column name: discount_amount)
15:41:40.590 [main] WARN com.pos.system.dao.InventoryTransactionDAOTest -- Statement failed (expected for ALTER TABLE on new schema): -- Migrations for existing databases
ALTER TABLE sale_items
ADD COLUMN discount_amount REAL DEFAULT 0.0 - [SQLITE_ERROR] SQL error or missing database (duplicate column name: discount_amount)
15:41:40.590 [main] WARN com.pos.system.dao.InventoryTransactionDAOTest -- Statement failed (expected for ALTER TABLE on new schema): ALTER TABLE sale_items
ADD COLUMN tax_amount REAL DEFAULT 0.0 - [SQLITE_ERROR] SQL error or missing database (duplicate column name: tax_amount)
15:41:40.591 [main] INFO com.pos.system.dao.InventoryTransactionDAOTest -- In-memory database schema initialized.
]]></system-out>
  </testcase>
  <testcase name="testCalculateStockLevelEmpty" classname="com.pos.system.dao.InventoryTransactionDAOTest" time="0.006">
    <system-out><![CDATA[15:41:40.609 [main] WARN com.pos.system.dao.InventoryTransactionDAOTest -- Statement failed (expected for ALTER TABLE on new schema): -- Migration for existing databases
ALTER TABLE users
ADD COLUMN force_password_change BOOLEAN DEFAULT 0 - [SQLITE_ERROR] SQL error or missing database (duplicate column name: force_password_change)
15:41:40.610 [main] WARN com.pos.system.dao.InventoryTransactionDAOTest -- Statement failed (expected for ALTER TABLE on new schema): -- Migration: Add image_path if missing (for existing databases)
ALTER TABLE products
ADD COLUMN image_path TEXT - [SQLITE_ERROR] SQL error or missing database (duplicate column name: image_path)
15:41:40.610 [main] WARN com.pos.system.dao.InventoryTransactionDAOTest -- Statement failed (expected for ALTER TABLE on new schema): ALTER TABLE products
ADD COLUMN image_blob BLOB - [SQLITE_ERROR] SQL error or missing database (duplicate column name: image_blob)
15:41:40.610 [main] WARN com.pos.system.dao.InventoryTransactionDAOTest -- Statement failed (expected for ALTER TABLE on new schema): -- Migrations for existing databases
ALTER TABLE sales
ADD COLUMN subtotal REAL DEFAULT 0.0 - [SQLITE_ERROR] SQL error or missing database (duplicate column name: subtotal)
15:41:40.610 [main] WARN com.pos.system.dao.InventoryTransactionDAOTest -- Statement failed (expected for ALTER TABLE on new schema): ALTER TABLE sales
ADD COLUMN tax_amount REAL DEFAULT 0.0 - [SQLITE_ERROR] SQL error or missing database (duplicate column name: tax_amount)
15:41:40.611 [main] WARN com.pos.system.dao.InventoryTransactionDAOTest -- Statement failed (expected for ALTER TABLE on new schema): ALTER TABLE sales
ADD COLUMN discount_amount REAL DEFAULT 0.0 - [SQLITE_ERROR] SQL error or missing database (duplicate column name: discount_amount)
15:41:40.611 [main] WARN com.pos.system.dao.InventoryTransactionDAOTest -- Statement failed (expected for ALTER TABLE on new schema): -- Migrations for existing databases
ALTER TABLE sale_items
ADD COLUMN discount_amount REAL DEFAULT 0.0 - [SQLITE_ERROR] SQL error or missing database (duplicate column name: discount_amount)
15:41:40.611 [main] WARN com.pos.system.dao.InventoryTransactionDAOTest -- Statement failed (expected for ALTER TABLE on new schema): ALTER TABLE sale_items
ADD COLUMN tax_amount REAL DEFAULT 0.0 - [SQLITE_ERROR] SQL error or missing database (duplicate column name: tax_amount)
15:41:40.612 [main] INFO com.pos.system.dao.InventoryTransactionDAOTest -- In-memory database schema initialized.
]]></system-out>
  </testcase>
  <testcase name="testCalculateStockLevel" classname="com.pos.system.dao.InventoryTransactionDAOTest" time="0.007">
    <system-out><![CDATA[15:41:40.616 [main] WARN com.pos.system.dao.InventoryTransactionDAOTest -- Statement failed (expected for ALTER TABLE on new schema): -- Migration for existing databases
ALTER TABLE users
ADD COLUMN force_password_change BOOLEAN DEFAULT 0 - [SQLITE_ERROR] SQL error or missing database (duplicate column name: force_password_change)
15:41:40.617 [main] WARN com.pos.system.dao.InventoryTransactionDAOTest -- Statement failed (expected for ALTER TABLE on new schema): -- Migration: Add image_path if missing (for existing databases)
ALTER TABLE products
ADD COLUMN image_path TEXT - [SQLITE_ERROR] SQL error or missing database (duplicate column name: image_path)
15:41:40.617 [main] WARN com.pos.system.dao.InventoryTransactionDAOTest -- Statement failed (expected for ALTER TABLE on new schema): ALTER TABLE products
ADD COLUMN image_blob BLOB - [SQLITE_ERROR] SQL error or missing database (duplicate column name: image_blob)
15:41:40.618 [main] WARN com.pos.system.dao.InventoryTransactionDAOTest -- Statement failed (expected for ALTER TABLE on new schema): -- Migrations for existing databases
ALTER TABLE sales
ADD COLUMN subtotal REAL DEFAULT 0.0 - [SQLITE_ERROR] SQL error or missing database (duplicate column name: subtotal)
15:41:40.618 [main] WARN com.pos.system.dao.InventoryTransactionDAOTest -- Statement failed (expected for ALTER TABLE on new schema): ALTER TABLE sales
ADD COLUMN tax_amount REAL DEFAULT 0.0 - [SQLITE_ERROR] SQL error or missing database (duplicate column name: tax_amount)
15:41:40.618 [main] WARN com.pos.system.dao.InventoryTransactionDAOTest -- Statement failed (expected for ALTER TABLE on new schema): ALTER TABLE sales
ADD COLUMN discount_amount REAL DEFAULT 0.0 - [SQLITE_ERROR] SQL error or missing database (duplicate column name: discount_amount)
15:41:40.618 [main] WARN com.pos.system.dao.InventoryTransactionDAOTest -- Statement failed (expected for ALTER TABLE on new schema): -- Migrations for existing databases
ALTER TABLE sale_items
ADD COLUMN discount_amount REAL DEFAULT 0.0 - [SQLITE_ERROR] SQL error or missing database (duplicate column name: discount_amount)
15:41:40.618 [main] WARN com.pos.system.dao.InventoryTransactionDAOTest -- Statement failed (expected for ALTER TABLE on new schema): ALTER TABLE sale_items
ADD COLUMN tax_amount REAL DEFAULT 0.0 - [SQLITE_ERROR] SQL error or missing database (duplicate column name: tax_amount)
15:41:40.619 [main] INFO com.pos.system.dao.InventoryTransactionDAOTest -- In-memory database schema initialized.
]]></system-out>
  </testcase>
</testsuite>