<?xml version="1.0" encoding="UTF-8"?>
<testsuite xmlns:xsi="http://www.w3.org/2001/XMLSchema-instance" xsi:noNamespaceSchemaLocation="https://maven.apache.org/surefire/maven-surefire-plugin/xsd/surefire-test-report-3.0.xsd" version="3.0" name="com.pos.system.controllers.CategoryControllerTest" time="0.012" tests="2" errors="2" skipped="0" failures="0">
  <properties>
[...]
</properties>
  <testcase name="testCategoriesLoadedInTable(FxRobot)" classname="com.pos.system.controllers.CategoryControllerTest" time="0.003">
    <error message="java.lang.UnsupportedOperationException: Unable to open DISPLAY" type="java.lang.RuntimeException"><![CDATA[java.lang.RuntimeException: java.lang.UnsupportedOperationException: Unable to open DISPLAY
	at org.testfx.util.WaitForAsyncUtils.waitFor(WaitForAsyncUtils.java:301)
	at org.testfx.api.FxToolkit.registerPrimaryStage(FxToolkit.java:113)
	at org.testfx.framework.junit5.ApplicationExtension.beforeEach(ApplicationExtension.java:81)
	at java.base/java.util.ArrayList.forEach(ArrayList.java:1596)
	at java.base/java.util.ArrayList.forEach(ArrayList.java:1596)
	Suppressed: java.util.concurrent.TimeoutException: FX Application Thread not running
		at org.testfx.api.FxToolkit.cleanupApplication(FxToolkit.java:180)
		at org.testfx.api.FxToolkit.cleanupAfterTest(FxToolkit.java:186)
		at org.testfx.framework.junit5.ApplicationExtension.afterEach(ApplicationExtension.java:87)
		... 2 more
Caused by: java.lang.UnsupportedOperationException: Unable to open DISPLAY
	at com.sun.glass.ui.gtk.GtkApplication.lambda$new$5(GtkApplication.java:164)
	at java.base/java.security.AccessController.doPrivileged(AccessController.java:319)
	at com.sun.glass.ui.gtk.GtkApplication.<init>(GtkApplication.java:162)
	at com.sun.glass.ui.gtk.GtkPlatformFactory.createApplication(GtkPlatformFactory.java:40)
	at com.sun.glass.ui.Application.run(Application.java:146)
	at com.sun.javafx.tk.quantum.QuantumToolkit.startup(QuantumToolkit.java:290)
	at com.sun.javafx.application.PlatformImpl.startup(PlatformImpl.java:292)
	at com.sun.javafx.application.PlatformImpl.startup(PlatformImpl.java:162)
	at com.sun.javafx.application.LauncherImpl.startToolkit(LauncherImpl.java:651)
	at com.sun.javafx.application.LauncherImpl.launchApplication1(LauncherImpl.java:671)
	at com.sun.javafx.application.LauncherImpl.lambda$launchApplication$2(LauncherImpl.java:196)
	at java.base/java.lang.Thread.run(Thread.java:1583)
]]></error>
  </testcase>
  <testcase name="testSearchFilter(FxRobot)" classname="com.pos.system.controllers.CategoryControllerTest" time="0.004">
    <error message="java.lang.UnsupportedOperationException: Unable to open DISPLAY" type="java.lang.RuntimeException"><![CDATA[java.lang.RuntimeException: java.lang.UnsupportedOperationException: Unable to open DISPLAY
	at org.testfx.util.WaitForAsyncUtils.waitFor(WaitForAsyncUtils.java:301)
	at org.testfx.api.FxToolkit.registerPrimaryStage(FxToolkit.java:113)
	at org.testfx.framework.junit5.ApplicationExtension.beforeEach(ApplicationExtension.java:81)
	at java.base/java.util.ArrayList.forEach(ArrayList.java:1596)
	at java.base/java.util.ArrayList.forEach(ArrayList.java:1596)
	Suppressed: java.util.concurrent.TimeoutException: FX Application Thread not running
		at org.testfx.api.FxToolkit.cleanupApplication(FxToolkit.java:180)
		at org.testfx.api.FxToolkit.cleanupAfterTest(FxToolkit.java:186)
		at org.testfx.framework.junit5.ApplicationExtension.afterEach(ApplicationExtension.java:87)
		... 2 more
Caused by: java.lang.UnsupportedOperationException: Unable to open DISPLAY
	at com.sun.glass.ui.gtk.GtkApplication.lambda$new$5(GtkApplication.java:164)
	at java.base/java.security.AccessController.doPrivileged(AccessController.java:319)
	at com.sun.glass.ui.gtk.GtkApplication.<init>(GtkApplication.java:162)
	at com.sun.glass.ui.gtk.GtkPlatformFactory.createApplication(GtkPlatformFactory.java:40)
	at com.sun.glass.ui.Application.run(Application.java:146)
	at com.sun.javafx.tk.quantum.QuantumToolkit.startup(QuantumToolkit.java:290)
	at com.sun.javafx.application.PlatformImpl.startup(PlatformImpl.java:292)
	at com.sun.javafx.application.PlatformImpl.startup(PlatformImpl.java:162)
	at com.sun.javafx.application.LauncherImpl.startToolkit(LauncherImpl.java:651)
	at com.sun.javafx.application.LauncherImpl.launchApplication1(LauncherImpl.java:671)
	at com.sun.javafx.application.LauncherImpl.lambda$launchApplication$2(LauncherImpl.java:196)
	at java.base/java.lang.Thread.run(Thread.java:1583)
]]></error>
  </testcase>
</testsuite>