<?xml version="1.0" encoding="UTF-8"?>
<testsuite xmlns:xsi="http://www.w3.org/2001/XMLSchema-instance" xsi:noNamespaceSchemaLocation="https://maven.apache.org/surefire/maven-surefire-plugin/xsd/surefire-test-report-3.0.xsd" version="3.0" name="com.pos.system.database.DatabaseManagerBackupTest" time="0.94" tests="2" errors="0" skipped="0" failures="2">
  <properties>
[...]
</properties>
  <testcase name="testManualBackupSucceedsAndIgnoresPruning" classname="com.pos.system.database.DatabaseManagerBackupTest" time="0.813">
    <failure message="One manual backup should exist ==&gt; expected: &lt;1&gt; but was: &lt;0&gt;" type="org.opentest4j.AssertionFailedError"><![CDATA[org.opentest4j.AssertionFailedError: One manual backup should exist ==> expected: <1> but was: <0>
	at org.junit.jupiter.api.AssertionFailureBuilder.build(AssertionFailureBuilder.java:151)
	at org.junit.jupiter.api.AssertionFailureBuilder.buildAndThrow(AssertionFailureBuilder.java:132)
	at org.junit.jupiter.api.AssertEquals.failNotEqual(AssertEquals.java:197)
	at org.junit.jupiter.api.AssertEquals.assertEquals(AssertEquals.java:166)
	at org.junit.jupiter.api.Assertions.assertEquals(Assertions.java:664)
	at com.pos.system.database.DatabaseManagerBackupTest.testManualBackupSucceedsAndIgnoresPruning(DatabaseManagerBackupTest.java:66)
	at java.base/java.lang.reflect.Method.invoke(Method.java:580)
	at java.base/java.util.ArrayList.forEach(ArrayList.java:1596)
	at java.base/java.util.ArrayList.forEach(ArrayList.java:1596)
]]></failure>
    <system-out><![CDATA[16:23:31.607 [main] DEBUG com.zaxxer.hikari.HikariConfig -- Driver class org.sqlite.JDBC found in Thread context class loader jdk.internal.loader.ClassLoaders$AppClassLoader@c387f44
16:23:31.625 [main] DEBUG com.zaxxer.hikari.HikariConfig -- POS-HikariPool - configuration:
16:23:31.645 [main] DEBUG com.zaxxer.hikari.HikariConfig -- allowPoolSuspension.............false
16:23:31.646 [main] DEBUG com.zaxxer.hikari.HikariConfig -- autoCommit......................true
16:23:31.647 [main] DEBUG com.zaxxer.hikari.HikariConfig -- catalog.........................none
16:23:31.647 [main] DEBUG com.zaxxer.hikari.HikariConfig -- connectionInitSql...............none
16:23:31.648 [main] DEBUG com.zaxxer.hikari.HikariConfig -- connectionTestQuery.............none
16:23:31.651 [main] DEBUG com.zaxxer.hikari.HikariConfig -- connectionTimeout...............5000
16:23:31.652 [main] DEBUG com.zaxxer.hikari.HikariConfig -- dataSource......................none
16:23:31.652 [main] DEBUG com.zaxxer.hikari.HikariConfig -- dataSourceClassName.............none
16:23:31.653 [main] DEBUG com.zaxxer.hikari.HikariConfig -- dataSourceJNDI..................none
16:23:31.654 [main] DEBUG com.zaxxer.hikari.HikariConfig -- dataSourceProperties............{password=<masked>, prepStmtCacheSqlLimit=2048, cachePrepStmts=true, prepStmtCacheSize=250}
16:23:31.655 [main] DEBUG com.zaxxer.hikari.HikariConfig -- driverClassName................."org.sqlite.JDBC"
16:23:31.656 [main] DEBUG com.zaxxer.hikari.HikariConfig -- exceptionOverrideClassName......none
16:23:31.656 [main] DEBUG com.zaxxer.hikari.HikariConfig -- healthCheckProperties...........{}
16:23:31.657 [main] DEBUG com.zaxxer.hikari.HikariConfig -- healthCheckRegistry.............none
16:23:31.657 [main] DEBUG com.zaxxer.hikari.HikariConfig -- idleTimeout.....................600000
16:23:31.657 [main] DEBUG com.zaxxer.hikari.HikariConfig -- initializationFailTimeout.......1
16:23:31.658 [main] DEBUG com.zaxxer.hikari.HikariConfig -- isolateInternalQueries..........false
16:23:31.659 [main] DEBUG com.zaxxer.hikari.HikariConfig -- jdbcUrl.........................jdbc:sqlite:/home/jules/.StoreManager/store.db
16:23:31.659 [main] DEBUG com.zaxxer.hikari.HikariConfig -- keepaliveTime...................0
16:23:31.660 [main] DEBUG com.zaxxer.hikari.HikariConfig -- leakDetectionThreshold..........30000
16:23:31.661 [main] DEBUG com.zaxxer.hikari.HikariConfig -- maxLifetime.....................1800000
16:23:31.661 [main] DEBUG com.zaxxer.hikari.HikariConfig -- maximumPoolSize.................20
16:23:31.661 [main] DEBUG com.zaxxer.hikari.HikariConfig -- metricRegistry..................none
16:23:31.662 [main] DEBUG com.zaxxer.hikari.HikariConfig -- metricsTrackerFactory...........none
16:23:31.662 [main] DEBUG com.zaxxer.hikari.HikariConfig -- minimumIdle.....................2
16:23:31.663 [main] DEBUG com.zaxxer.hikari.HikariConfig -- password........................<masked>
16:23:31.664 [main] DEBUG com.zaxxer.hikari.HikariConfig -- poolName........................"POS-HikariPool"
16:23:31.664 [main] DEBUG com.zaxxer.hikari.HikariConfig -- readOnly........................false
16:23:31.665 [main] DEBUG com.zaxxer.hikari.HikariConfig -- registerMbeans..................false
16:23:31.665 [main] DEBUG com.zaxxer.hikari.HikariConfig -- scheduledExecutor...............none
16:23:31.665 [main] DEBUG com.zaxxer.hikari.HikariConfig -- schema..........................none
16:23:31.666 [main] DEBUG com.zaxxer.hikari.HikariConfig -- threadFactory...................internal
16:23:31.666 [main] DEBUG com.zaxxer.hikari.HikariConfig -- transactionIsolation............default
16:23:31.667 [main] DEBUG com.zaxxer.hikari.HikariConfig -- username........................none
16:23:31.667 [main] DEBUG com.zaxxer.hikari.HikariConfig -- validationTimeout...............5000
16:23:31.695 [main] INFO com.zaxxer.hikari.HikariDataSource -- POS-HikariPool - Starting...
16:23:32.067 [main] INFO com.zaxxer.hikari.pool.HikariPool -- POS-HikariPool - Added connection org.sqlite.jdbc4.JDBC4Connection@2205a05d
16:23:32.071 [main] INFO com.zaxxer.hikari.HikariDataSource -- POS-HikariPool - Start completed.
16:23:32.071 [main] INFO com.pos.system.database.DatabaseManager -- Database connection pool initialized.
16:23:32.112 [main] WARN com.pos.system.database.DatabaseManager -- Statement failed (might be expected for existing tables/columns): -- Migration for existing databases
ALTER TABLE users
ADD COLUMN force_password_change BOOLEAN DEFAULT 0 - [SQLITE_ERROR] SQL error or missing database (duplicate column name: force_password_change)
16:23:32.113 [main] WARN com.pos.system.database.DatabaseManager -- Statement failed (might be expected for existing tables/columns): -- Migration: Add image_path if missing (for existing databases)
ALTER TABLE products
ADD COLUMN image_path TEXT - [SQLITE_ERROR] SQL error or missing database (duplicate column name: image_path)
16:23:32.113 [main] WARN com.pos.system.database.DatabaseManager -- Statement failed (might be expected for existing tables/columns): ALTER TABLE products
ADD COLUMN image_blob BLOB - [SQLITE_ERROR] SQL error or missing database (duplicate column name: image_blob)
16:23:32.114 [main] WARN com.pos.system.database.DatabaseManager -- Statement failed (might be expected for existing tables/columns): -- Migrations for existing databases
ALTER TABLE sales
ADD COLUMN subtotal REAL DEFAULT 0.0 - [SQLITE_ERROR] SQL error or missing database (duplicate column name: subtotal)
16:23:32.115 [main] WARN com.pos.system.database.DatabaseManager -- Statement failed (might be expected for existing tables/columns): ALTER TABLE sales
ADD COLUMN tax_amount REAL DEFAULT 0.0 - [SQLITE_ERROR] SQL error or missing database (duplicate column name: tax_amount)
16:23:32.115 [main] WARN com.pos.system.database.DatabaseManager -- Statement failed (might be expected for existing tables/columns): ALTER TABLE sales
ADD COLUMN discount_amount REAL DEFAULT 0.0 - [SQLITE_ERROR] SQL error or missing database (duplicate column name: discount_amount)
16:23:32.116 [main] WARN com.pos.system.database.DatabaseManager -- Statement failed (might be expected for existing tables/columns): -- Migrations for existing databases
ALTER TABLE sale_items
ADD COLUMN discount_amount REAL DEFAULT 0.0 - [SQLITE_ERROR] SQL error or missing database (duplicate column name: discount_amount)
16:23:32.116 [main] WARN com.pos.system.database.DatabaseManager -- Statement failed (might be expected for existing tables/columns): ALTER TABLE sale_items
ADD COLUMN tax_amount REAL DEFAULT 0.0 - [SQLITE_ERROR] SQL error or missing database (duplicate column name: tax_amount)
16:23:32.124 [main] INFO com.pos.system.database.DatabaseManager -- Database tables/schema initialized.
16:23:32.133 [POS-HikariPool connection adder] DEBUG com.zaxxer.hikari.pool.HikariPool -- POS-HikariPool - Added connection org.sqlite.jdbc4.JDBC4Connection@64719fa4
16:23:32.141 [main] INFO com.pos.system.database.DatabaseManager -- Starting database backup...
16:23:32.159 [Thread-1] INFO com.pos.system.database.DatabaseManager -- Normalized sale_date format in sales table.
16:23:32.164 [POS-HikariPool connection adder] DEBUG com.zaxxer.hikari.pool.HikariPool -- POS-HikariPool - Connection not added, stats (total=2, active=0, idle=2, waiting=0)
16:23:32.166 [main] INFO com.pos.system.database.DatabaseManager -- Database backup created and compressed at: /home/jules/.StoreManager/backup/store_manual_2026-02-26_16-23.zip
16:23:32.174 [POS-HikariPool housekeeper] DEBUG com.zaxxer.hikari.pool.HikariPool -- POS-HikariPool - Before cleanup stats (total=2, active=0, idle=2, waiting=0)
16:23:32.176 [POS-HikariPool housekeeper] DEBUG com.zaxxer.hikari.pool.HikariPool -- POS-HikariPool - After cleanup  stats (total=2, active=0, idle=2, waiting=0)
16:23:32.176 [POS-HikariPool housekeeper] DEBUG com.zaxxer.hikari.pool.HikariPool -- POS-HikariPool - Fill pool skipped, pool has sufficient level or currently being filled.
]]></system-out>
  </testcase>
  <testcase name="testAutoBackupAndPruningLogic" classname="com.pos.system.database.DatabaseManagerBackupTest" time="0.069">
    <failure message="Only 30 auto backups should remain after pruning ==&gt; expected: &lt;30&gt; but was: &lt;35&gt;" type="org.opentest4j.AssertionFailedError"><![CDATA[org.opentest4j.AssertionFailedError: Only 30 auto backups should remain after pruning ==> expected: <30> but was: <35>
	at org.junit.jupiter.api.AssertionFailureBuilder.build(AssertionFailureBuilder.java:151)
	at org.junit.jupiter.api.AssertionFailureBuilder.buildAndThrow(AssertionFailureBuilder.java:132)
	at org.junit.jupiter.api.AssertEquals.failNotEqual(AssertEquals.java:197)
	at org.junit.jupiter.api.AssertEquals.assertEquals(AssertEquals.java:166)
	at org.junit.jupiter.api.Assertions.assertEquals(Assertions.java:664)
	at com.pos.system.database.DatabaseManagerBackupTest.testAutoBackupAndPruningLogic(DatabaseManagerBackupTest.java:94)
	at java.base/java.lang.reflect.Method.invoke(Method.java:580)
	at java.base/java.util.ArrayList.forEach(ArrayList.java:1596)
	at java.base/java.util.ArrayList.forEach(ArrayList.java:1596)
]]></failure>
    <system-out><![CDATA[16:23:32.269 [main] INFO com.pos.system.database.DatabaseManager -- Starting database backup...
16:23:32.281 [main] INFO com.pos.system.database.DatabaseManager -- Database backup created and compressed at: /home/jules/.StoreManager/backup/store_auto_2026-02-26_16-23.zip
]]></system-out>
  </testcase>
</testsuite>